30-10-2021 17:25:47.571 [Gauge] [ERROR] Unable to add directory C:\Users\testinium\IdeaProjects\Yagmur_Ozdilekteyim\C:\Users\testinium\IdeaProjects\Yagmur_Ozdilekteyim\specs\mainScenario.spec to file watcher: GetFileAttributes: The filename, directory name, or volume label syntax is incorrect.
30-10-2021 17:25:47.574 [Gauge] [INFO] Initializing concepts cache with 0 concepts
30-10-2021 17:25:47.574 [Gauge] [INFO] Initializing specs cache with 1 specs
30-10-2021 17:25:47.574 [Gauge] [DEBUG] Adding specs from C:\Users\testinium\IdeaProjects\Yagmur_Ozdilekteyim\specs\mainScenario.spec
30-10-2021 17:25:47.574 [Gauge] [INFO] Initializing steps cache with 1 steps
30-10-2021 17:25:51.013 [Gauge] [DEBUG] Api Request Received: messageType:SpecsRequest messageId:1635603951012769500 specsRequest:<> 
30-10-2021 17:25:51.014 [Gauge] [DEBUG] Sending API response: messageType:SpecsResponse messageId:1635603951012769500 specsResponse:<details:<spec:<items:<itemType:Comment comment:<text:"This is an executable specification file. This file follows markdown syntax." > > items:<itemType:Comment comment:<text:"Every heading in this file denotes a scenario. Every bulleted point denotes a step." > > items:<itemType:Comment comment:<text:"\n" > > items:<itemType:Comment comment:<text:"To execute this specification, run" > > items:<itemType:Comment comment:<text:"\tgauge specs" > > items:<itemType:Comment comment:<text:"\n" > > fileName:"C:\\Users\\testinium\\IdeaProjects\\Yagmur_Ozdilekteyim\\specs\\mainScenario.spec" > > > 
30-10-2021 17:25:51.015 [Gauge] [INFO] Closing connection [127.0.0.1:51614] cause: EOF
30-10-2021 17:25:58.037 [Gauge] [ERROR] Unable to add directory C:\Users\testinium\IdeaProjects\Yagmur_Ozdilekteyim\C:\Users\testinium\IdeaProjects\Yagmur_Ozdilekteyim\specs\mainScenario.spec to file watcher: GetFileAttributes: The filename, directory name, or volume label syntax is incorrect.
30-10-2021 17:25:58.038 [Gauge] [INFO] Initializing concepts cache with 0 concepts
30-10-2021 17:25:58.038 [Gauge] [INFO] Initializing specs cache with 1 specs
30-10-2021 17:25:58.038 [Gauge] [DEBUG] Adding specs from C:\Users\testinium\IdeaProjects\Yagmur_Ozdilekteyim\specs\mainScenario.spec
30-10-2021 17:25:58.038 [Gauge] [INFO] Initializing steps cache with 1 steps
30-10-2021 17:26:00.088 [Gauge] [DEBUG] Api Request Received: messageType:SpecsRequest messageId:1635603960087079000 specsRequest:<> 
30-10-2021 17:26:00.089 [Gauge] [DEBUG] Sending API response: messageType:SpecsResponse messageId:1635603960087079000 specsResponse:<details:<spec:<items:<itemType:Comment comment:<text:"This is an executable specification file. This file follows markdown syntax." > > items:<itemType:Comment comment:<text:"Every heading in this file denotes a scenario. Every bulleted point denotes a step." > > items:<itemType:Comment comment:<text:"\n" > > items:<itemType:Comment comment:<text:"To execute this specification, run" > > items:<itemType:Comment comment:<text:"\tgauge specs" > > items:<itemType:Comment comment:<text:"\n" > > fileName:"C:\\Users\\testinium\\IdeaProjects\\Yagmur_Ozdilekteyim\\specs\\mainScenario.spec" > > > 
30-10-2021 17:26:00.091 [Gauge] [INFO] Closing connection [127.0.0.1:51621] cause: EOF
30-10-2021 17:27:18.892 [Gauge] [ERROR] Unable to add directory C:\Users\testinium\IdeaProjects\Yagmur_Ozdilekteyim\C:\Users\testinium\IdeaProjects\Yagmur_Ozdilekteyim\specs\mainScenario.spec to file watcher: GetFileAttributes: The filename, directory name, or volume label syntax is incorrect.
30-10-2021 17:27:18.895 [Gauge] [INFO] Initializing concepts cache with 0 concepts
30-10-2021 17:27:18.895 [Gauge] [INFO] Initializing specs cache with 1 specs
30-10-2021 17:27:18.895 [Gauge] [DEBUG] Adding specs from C:\Users\testinium\IdeaProjects\Yagmur_Ozdilekteyim\specs\mainScenario.spec
30-10-2021 17:27:18.895 [Gauge] [INFO] Initializing steps cache with 1 steps
30-10-2021 17:27:20.976 [Gauge] [DEBUG] Api Request Received: messageType:SpecsRequest messageId:1635604040972221000 specsRequest:<> 
30-10-2021 17:27:20.976 [Gauge] [DEBUG] Sending API response: messageType:SpecsResponse messageId:1635604040972221000 specsResponse:<details:<spec:<items:<itemType:Comment comment:<text:"This is an executable specification file. This file follows markdown syntax." > > items:<itemType:Comment comment:<text:"Every heading in this file denotes a scenario. Every bulleted point denotes a step." > > items:<itemType:Comment comment:<text:"\n" > > items:<itemType:Comment comment:<text:"To execute this specification, run" > > items:<itemType:Comment comment:<text:"\tgauge specs" > > items:<itemType:Comment comment:<text:"\n" > > fileName:"C:\\Users\\testinium\\IdeaProjects\\Yagmur_Ozdilekteyim\\specs\\mainScenario.spec" > > > 
30-10-2021 17:27:20.978 [Gauge] [INFO] Closing connection [127.0.0.1:51678] cause: EOF
30-10-2021 18:14:18.047 [Gauge] [DEBUG] Created gauge_screenshots_dir at C:\Users\testinium\IdeaProjects\Yagmur_Ozdilekteyim\.gauge\screenshots
30-10-2021 18:14:18.118 [Gauge] [DEBUG] Plugin java is already installed.
30-10-2021 18:14:18.119 [Gauge] [DEBUG] Plugin html-report is already installed.
30-10-2021 18:14:18.121 [Gauge] [DEBUG] Parsing started.
30-10-2021 18:14:18.121 [Gauge] [DEBUG] Started concepts parsing.
30-10-2021 18:14:18.126 [Gauge] [DEBUG] 0 concepts parsing completed.
30-10-2021 18:14:18.127 [Gauge] [DEBUG] Started specifications parsing.
30-10-2021 18:14:18.128 [Gauge] [ERROR] [ParseError] C:\Users\testinium\IdeaProjects\Yagmur_Ozdilekteyim\specs\mainScenario.spec:1 Spec heading not found => ''
30-10-2021 18:14:18.128 [Gauge] [ERROR] [ParseError] C:\Users\testinium\IdeaProjects\Yagmur_Ozdilekteyim\specs\mainScenario.spec:7 Scenario should be defined after the spec heading => 'Ozdilek EndToEnd'
30-10-2021 18:14:18.128 [Gauge] [DEBUG] 1 specifications parsing completed.
30-10-2021 18:14:18.129 [Gauge] [DEBUG] Parsing completed.
30-10-2021 18:14:18.132 [Gauge] [DEBUG] Staring java runner
30-10-2021 18:14:18.165 [java] [DEBUG] classpath set to C:\Program Files\Java\jdk1.8.0_202\jre\lib\charsets.jar;C:\Program Files\Java\jdk1.8.0_202\jre\lib\deploy.jar;C:\Program Files\Java\jdk1.8.0_202\jre\lib\ext\access-bridge-64.jar;C:\Program Files\Java\jdk1.8.0_202\jre\lib\ext\cldrdata.jar;C:\Program Files\Java\jdk1.8.0_202\jre\lib\ext\dnsns.jar;C:\Program Files\Java\jdk1.8.0_202\jre\lib\ext\jaccess.jar;C:\Program Files\Java\jdk1.8.0_202\jre\lib\ext\jfxrt.jar;C:\Program Files\Java\jdk1.8.0_202\jre\lib\ext\localedata.jar;C:\Program Files\Java\jdk1.8.0_202\jre\lib\ext\nashorn.jar;C:\Program Files\Java\jdk1.8.0_202\jre\lib\ext\sunec.jar;C:\Program Files\Java\jdk1.8.0_202\jre\lib\ext\sunjce_provider.jar;C:\Program Files\Java\jdk1.8.0_202\jre\lib\ext\sunmscapi.jar;C:\Program Files\Java\jdk1.8.0_202\jre\lib\ext\sunpkcs11.jar;C:\Program Files\Java\jdk1.8.0_202\jre\lib\ext\zipfs.jar;C:\Program Files\Java\jdk1.8.0_202\jre\lib\javaws.jar;C:\Program Files\Java\jdk1.8.0_202\jre\lib\jce.jar;C:\Program Files\Java\jdk1.8.0_202\jre\lib\jfr.jar;C:\Program Files\Java\jdk1.8.0_202\jre\lib\jfxswt.jar;C:\Program Files\Java\jdk1.8.0_202\jre\lib\jsse.jar;C:\Program Files\Java\jdk1.8.0_202\jre\lib\management-agent.jar;C:\Program Files\Java\jdk1.8.0_202\jre\lib\plugin.jar;C:\Program Files\Java\jdk1.8.0_202\jre\lib\resources.jar;C:\Program Files\Java\jdk1.8.0_202\jre\lib\rt.jar;C:\Users\testinium\IdeaProjects\Yagmur_Ozdilekteyim\target\test-classes;C:\Users\testinium\.m2\repository\com\thoughtworks\gauge\gauge-java\0.7.3\gauge-java-0.7.3.jar;C:\Users\testinium\.m2\repository\org\assertj\assertj-core\3.14.0\assertj-core-3.14.0.jar;C:\Users\testinium\.m2\repository\org\reflections\reflections\0.9.11\reflections-0.9.11.jar;C:\Users\testinium\.m2\repository\org\javassist\javassist\3.21.0-GA\javassist-3.21.0-GA.jar;C:\Users\testinium\.m2\repository\com\github\javaparser\javaparser-core\2.5.1\javaparser-core-2.5.1.jar;C:\Users\testinium\.m2\repository\commons-io\commons-io\2.6\commons-io-2.6.jar;C:\Users\testinium\.m2\repository\commons-lang\commons-lang\2.6\commons-lang-2.6.jar;C:\Users\testinium\.m2\repository\org\json\json\20190722\json-20190722.jar;C:\Users\testinium\.m2\repository\com\google\protobuf\protobuf-java\3.10.0\protobuf-java-3.10.0.jar;C:\Users\testinium\.m2\repository\com\google\guava\guava\28.1-jre\guava-28.1-jre.jar;C:\Users\testinium\.m2\repository\com\google\guava\failureaccess\1.0.1\failureaccess-1.0.1.jar;C:\Users\testinium\.m2\repository\com\google\guava\listenablefuture\9999.0-empty-to-avoid-conflict-with-guava\listenablefuture-9999.0-empty-to-avoid-conflict-with-guava.jar;C:\Users\testinium\.m2\repository\com\google\code\findbugs\jsr305\3.0.2\jsr305-3.0.2.jar;C:\Users\testinium\.m2\repository\org\checkerframework\checker-qual\2.8.1\checker-qual-2.8.1.jar;C:\Users\testinium\.m2\repository\com\google\errorprone\error_prone_annotations\2.3.2\error_prone_annotations-2.3.2.jar;C:\Users\testinium\.m2\repository\com\google\j2objc\j2objc-annotations\1.3\j2objc-annotations-1.3.jar;C:\Users\testinium\.m2\repository\org\codehaus\mojo\animal-sniffer-annotations\1.18\animal-sniffer-annotations-1.18.jar;C:\Users\testinium\.m2\repository\io\grpc\grpc-netty-shaded\1.25.0\grpc-netty-shaded-1.25.0.jar;C:\Users\testinium\.m2\repository\io\grpc\grpc-core\1.25.0\grpc-core-1.25.0.jar;C:\Users\testinium\.m2\repository\io\grpc\grpc-api\1.25.0\grpc-api-1.25.0.jar;C:\Users\testinium\.m2\repository\io\grpc\grpc-context\1.25.0\grpc-context-1.25.0.jar;C:\Users\testinium\.m2\repository\com\google\android\annotations\4.1.1.4\annotations-4.1.1.4.jar;C:\Users\testinium\.m2\repository\io\perfmark\perfmark-api\0.19.0\perfmark-api-0.19.0.jar;C:\Users\testinium\.m2\repository\io\opencensus\opencensus-api\0.21.0\opencensus-api-0.21.0.jar;C:\Users\testinium\.m2\repository\io\opencensus\opencensus-contrib-grpc-metrics\0.21.0\opencensus-contrib-grpc-metrics-0.21.0.jar;C:\Users\testinium\.m2\repository\io\grpc\grpc-protobuf\1.24.1\grpc-protobuf-1.24.1.jar;C:\Users\testinium\.m2\repository\com\google\api\grpc\proto-google-common-protos\1.12.0\proto-google-common-protos-1.12.0.jar;C:\Users\testinium\.m2\repository\io\grpc\grpc-protobuf-lite\1.24.1\grpc-protobuf-lite-1.24.1.jar;C:\Users\testinium\.m2\repository\io\grpc\grpc-stub\1.24.1\grpc-stub-1.24.1.jar;C:\Users\testinium\.m2\repository\javax\annotation\javax.annotation-api\1.3.2\javax.annotation-api-1.3.2.jar;C:\Users\testinium\.m2\repository\org\junit\jupiter\junit-jupiter-engine\5.7.0\junit-jupiter-engine-5.7.0.jar;C:\Users\testinium\.m2\repository\org\apiguardian\apiguardian-api\1.1.0\apiguardian-api-1.1.0.jar;C:\Users\testinium\.m2\repository\org\junit\platform\junit-platform-engine\1.7.0\junit-platform-engine-1.7.0.jar;C:\Users\testinium\.m2\repository\org\opentest4j\opentest4j\1.2.0\opentest4j-1.2.0.jar;C:\Users\testinium\.m2\repository\org\junit\platform\junit-platform-commons\1.7.0\junit-platform-commons-1.7.0.jar;C:\Users\testinium\.m2\repository\org\junit\jupiter\junit-jupiter-api\5.7.0\junit-jupiter-api-5.7.0.jar;C:\Users\testinium\.m2\repository\io\appium\java-client\7.3.0\java-client-7.3.0.jar;C:\Users\testinium\.m2\repository\org\seleniumhq\selenium\selenium-java\3.141.59\selenium-java-3.141.59.jar;C:\Users\testinium\.m2\repository\org\seleniumhq\selenium\selenium-chrome-driver\3.141.59\selenium-chrome-driver-3.141.59.jar;C:\Users\testinium\.m2\repository\org\seleniumhq\selenium\selenium-edge-driver\3.141.59\selenium-edge-driver-3.141.59.jar;C:\Users\testinium\.m2\repository\org\seleniumhq\selenium\selenium-firefox-driver\3.141.59\selenium-firefox-driver-3.141.59.jar;C:\Users\testinium\.m2\repository\org\seleniumhq\selenium\selenium-ie-driver\3.141.59\selenium-ie-driver-3.141.59.jar;C:\Users\testinium\.m2\repository\org\seleniumhq\selenium\selenium-opera-driver\3.141.59\selenium-opera-driver-3.141.59.jar;C:\Users\testinium\.m2\repository\org\seleniumhq\selenium\selenium-remote-driver\3.141.59\selenium-remote-driver-3.141.59.jar;C:\Users\testinium\.m2\repository\org\seleniumhq\selenium\selenium-safari-driver\3.141.59\selenium-safari-driver-3.141.59.jar;C:\Users\testinium\.m2\repository\net\bytebuddy\byte-buddy\1.8.15\byte-buddy-1.8.15.jar;C:\Users\testinium\.m2\repository\org\apache\commons\commons-exec\1.3\commons-exec-1.3.jar;C:\Users\testinium\.m2\repository\com\squareup\okhttp3\okhttp\3.11.0\okhttp-3.11.0.jar;C:\Users\testinium\.m2\repository\com\squareup\okio\okio\1.14.0\okio-1.14.0.jar;C:\Users\testinium\.m2\repository\org\seleniumhq\selenium\selenium-support\3.141.59\selenium-support-3.141.59.jar;C:\Users\testinium\.m2\repository\org\seleniumhq\selenium\selenium-api\3.141.59\selenium-api-3.141.59.jar;C:\Users\testinium\.m2\repository\com\google\code\gson\gson\2.8.5\gson-2.8.5.jar;C:\Users\testinium\.m2\repository\org\apache\httpcomponents\httpclient\4.5.9\httpclient-4.5.9.jar;C:\Users\testinium\.m2\repository\org\apache\httpcomponents\httpcore\4.4.11\httpcore-4.4.11.jar;C:\Users\testinium\.m2\repository\commons-logging\commons-logging\1.2\commons-logging-1.2.jar;C:\Users\testinium\.m2\repository\commons-codec\commons-codec\1.11\commons-codec-1.11.jar;C:\Users\testinium\.m2\repository\cglib\cglib\3.2.12\cglib-3.2.12.jar;C:\Users\testinium\.m2\repository\org\ow2\asm\asm\7.1\asm-7.1.jar;C:\Users\testinium\.m2\repository\commons-validator\commons-validator\1.6\commons-validator-1.6.jar;C:\Users\testinium\.m2\repository\commons-beanutils\commons-beanutils\1.9.2\commons-beanutils-1.9.2.jar;C:\Users\testinium\.m2\repository\commons-digester\commons-digester\1.8.1\commons-digester-1.8.1.jar;C:\Users\testinium\.m2\repository\commons-collections\commons-collections\3.2.2\commons-collections-3.2.2.jar;C:\Users\testinium\.m2\repository\org\apache\commons\commons-lang3\3.9\commons-lang3-3.9.jar;C:\Users\testinium\.m2\repository\org\springframework\spring-context\5.1.8.RELEASE\spring-context-5.1.8.RELEASE.jar;C:\Users\testinium\.m2\repository\org\springframework\spring-aop\5.1.8.RELEASE\spring-aop-5.1.8.RELEASE.jar;C:\Users\testinium\.m2\repository\org\springframework\spring-beans\5.1.8.RELEASE\spring-beans-5.1.8.RELEASE.jar;C:\Users\testinium\.m2\repository\org\springframework\spring-core\5.1.8.RELEASE\spring-core-5.1.8.RELEASE.jar;C:\Users\testinium\.m2\repository\org\springframework\spring-jcl\5.1.8.RELEASE\spring-jcl-5.1.8.RELEASE.jar;C:\Users\testinium\.m2\repository\org\springframework\spring-expression\5.1.8.RELEASE\spring-expression-5.1.8.RELEASE.jar;C:\Users\testinium\.m2\repository\org\aspectj\aspectjweaver\1.9.4\aspectjweaver-1.9.4.jar;C:\Users\testinium\.m2\repository\org\slf4j\slf4j-api\1.7.30\slf4j-api-1.7.30.jar;C:\Users\testinium\.m2\repository\org\slf4j\slf4j-log4j12\1.7.30\slf4j-log4j12-1.7.30.jar;C:\Users\testinium\.m2\repository\log4j\log4j\1.2.17\log4j-1.2.17.jar
30-10-2021 18:14:18.545 [Gauge] [DEBUG] Checking updates...
30-10-2021 18:14:18.546 [Gauge] [DEBUG] Downloading https://downloads.gauge.org/plugin/html-report?l=java&p=html-report,java,screenshot,spectacle,xml-report&o=windows&a=amd64
30-10-2021 18:14:18.739 [java] [DEBUG] Connecting to port: 52561
30-10-2021 18:14:18.753 [Gauge] [DEBUG] Established connection to runner.
30-10-2021 18:14:18.753 [Gauge] [DEBUG] Validation started.
30-10-2021 18:14:18.753 [java] [DEBUG] Connected to 127.0.0.1:52561
30-10-2021 18:14:18.754 [Gauge] [DEBUG] Validation completed.
30-10-2021 18:14:18.755 [Gauge] [DEBUG] Run started
30-10-2021 18:14:18.757 [Gauge] [DEBUG] Starting Html Report plugin
30-10-2021 18:14:18.792 [Gauge] [DEBUG] Attempting to connect to grpc server at port: 52570
30-10-2021 18:14:18.796 [Gauge] [DEBUG] Successfully made the connection with plugin with port: 52570
30-10-2021 18:14:18.797 [Gauge] [DEBUG] Initialising suite data store.
30-10-2021 18:14:19.236 [Gauge] [DEBUG] Downloading https://downloads.gauge.org/plugin/java?l=java&p=html-report,java,screenshot,spectacle,xml-report&o=windows&a=amd64
30-10-2021 18:14:19.378 [Gauge] [DEBUG] Downloading https://downloads.gauge.org/plugin/screenshot?l=java&p=html-report,java,screenshot,spectacle,xml-report&o=windows&a=amd64
30-10-2021 18:14:19.591 [Gauge] [DEBUG] Downloading https://downloads.gauge.org/plugin/spectacle?l=java&p=html-report,java,screenshot,spectacle,xml-report&o=windows&a=amd64
30-10-2021 18:14:19.813 [Gauge] [DEBUG] Downloading https://downloads.gauge.org/plugin/xml-report?l=java&p=html-report,java,screenshot,spectacle,xml-report&o=windows&a=amd64
30-10-2021 18:14:24.004 [java] [DEBUG] Scanning packages for steps
30-10-2021 18:14:24.062 [java] [DEBUG] Scanning packages for hooks
30-10-2021 18:14:27.596 [html-report] [DEBUG] Transformed SuiteResult to report structure
30-10-2021 18:14:27.855 [html-report] [INFO] Successfully generated html-report to => C:\Users\testinium\IdeaProjects\Yagmur_Ozdilekteyim\reports\html-report\index.html
30-10-2021 18:14:27.855 [html-report] [DEBUG] Done generating HTML report using theme from C:\Users\testinium\AppData\Roaming\gauge\plugins\html-report\4.0.9\themes\default
30-10-2021 18:14:27.855 [Gauge] [DEBUG] Sending kill message to Html Report plugin.
30-10-2021 18:14:27.857 [Gauge] [DEBUG] Sending kill message to runner.
30-10-2021 18:14:27.859 [java] [DEBUG] Kill process request recieved
30-10-2021 18:14:28.262 [Gauge] [DEBUG] Runner with PID:10328 has exited
30-10-2021 18:14:28.263 [Gauge] [INFO] Specifications:	1 executed	0 passed	1 failed	0 skipped
30-10-2021 18:14:28.263 [Gauge] [INFO] Scenarios:	0 executed	0 passed	0 failed	0 skipped
30-10-2021 18:14:28.264 [Gauge] [INFO] 
Total time taken: 8.831s
30-10-2021 18:14:28.265 [Gauge] [INFO] Updates are available. Run `gauge update -c` for more info.
30-10-2021 18:15:29.940 [Gauge] [DEBUG] Created gauge_screenshots_dir at C:\Users\testinium\IdeaProjects\Yagmur_Ozdilekteyim\.gauge\screenshots
30-10-2021 18:15:29.944 [Gauge] [DEBUG] Plugin java is already installed.
30-10-2021 18:15:29.944 [Gauge] [DEBUG] Plugin html-report is already installed.
30-10-2021 18:15:29.945 [Gauge] [DEBUG] Parsing started.
30-10-2021 18:15:29.945 [Gauge] [DEBUG] Started concepts parsing.
30-10-2021 18:15:29.949 [Gauge] [DEBUG] 0 concepts parsing completed.
30-10-2021 18:15:29.949 [Gauge] [DEBUG] Started specifications parsing.
30-10-2021 18:15:29.950 [Gauge] [ERROR] [ParseError] C:\Users\testinium\IdeaProjects\Yagmur_Ozdilekteyim\specs\mainScenario.spec:1 Spec heading not found => ''
30-10-2021 18:15:29.950 [Gauge] [ERROR] [ParseError] C:\Users\testinium\IdeaProjects\Yagmur_Ozdilekteyim\specs\mainScenario.spec:7 Scenario should be defined after the spec heading => 'Ozdilek EndToEnd'
30-10-2021 18:15:29.950 [Gauge] [DEBUG] 1 specifications parsing completed.
30-10-2021 18:15:29.950 [Gauge] [DEBUG] Parsing completed.
30-10-2021 18:15:29.954 [Gauge] [DEBUG] Staring java runner
30-10-2021 18:15:30.017 [java] [DEBUG] classpath set to C:\Program Files\Java\jdk1.8.0_202\jre\lib\charsets.jar;C:\Program Files\Java\jdk1.8.0_202\jre\lib\deploy.jar;C:\Program Files\Java\jdk1.8.0_202\jre\lib\ext\access-bridge-64.jar;C:\Program Files\Java\jdk1.8.0_202\jre\lib\ext\cldrdata.jar;C:\Program Files\Java\jdk1.8.0_202\jre\lib\ext\dnsns.jar;C:\Program Files\Java\jdk1.8.0_202\jre\lib\ext\jaccess.jar;C:\Program Files\Java\jdk1.8.0_202\jre\lib\ext\jfxrt.jar;C:\Program Files\Java\jdk1.8.0_202\jre\lib\ext\localedata.jar;C:\Program Files\Java\jdk1.8.0_202\jre\lib\ext\nashorn.jar;C:\Program Files\Java\jdk1.8.0_202\jre\lib\ext\sunec.jar;C:\Program Files\Java\jdk1.8.0_202\jre\lib\ext\sunjce_provider.jar;C:\Program Files\Java\jdk1.8.0_202\jre\lib\ext\sunmscapi.jar;C:\Program Files\Java\jdk1.8.0_202\jre\lib\ext\sunpkcs11.jar;C:\Program Files\Java\jdk1.8.0_202\jre\lib\ext\zipfs.jar;C:\Program Files\Java\jdk1.8.0_202\jre\lib\javaws.jar;C:\Program Files\Java\jdk1.8.0_202\jre\lib\jce.jar;C:\Program Files\Java\jdk1.8.0_202\jre\lib\jfr.jar;C:\Program Files\Java\jdk1.8.0_202\jre\lib\jfxswt.jar;C:\Program Files\Java\jdk1.8.0_202\jre\lib\jsse.jar;C:\Program Files\Java\jdk1.8.0_202\jre\lib\management-agent.jar;C:\Program Files\Java\jdk1.8.0_202\jre\lib\plugin.jar;C:\Program Files\Java\jdk1.8.0_202\jre\lib\resources.jar;C:\Program Files\Java\jdk1.8.0_202\jre\lib\rt.jar;C:\Users\testinium\IdeaProjects\Yagmur_Ozdilekteyim\target\test-classes;C:\Users\testinium\.m2\repository\com\thoughtworks\gauge\gauge-java\0.7.15\gauge-java-0.7.15.jar;C:\Users\testinium\.m2\repository\org\assertj\assertj-core\3.19.0\assertj-core-3.19.0.jar;C:\Users\testinium\.m2\repository\org\reflections\reflections\0.9.9\reflections-0.9.9.jar;C:\Users\testinium\.m2\repository\org\javassist\javassist\3.18.2-GA\javassist-3.18.2-GA.jar;C:\Users\testinium\.m2\repository\com\google\code\findbugs\annotations\2.0.1\annotations-2.0.1.jar;C:\Users\testinium\.m2\repository\com\github\javaparser\javaparser-core\3.16.3\javaparser-core-3.16.3.jar;C:\Users\testinium\.m2\repository\commons-io\commons-io\2.8.0\commons-io-2.8.0.jar;C:\Users\testinium\.m2\repository\commons-lang\commons-lang\2.6\commons-lang-2.6.jar;C:\Users\testinium\.m2\repository\org\json\json\20210307\json-20210307.jar;C:\Users\testinium\.m2\repository\com\google\protobuf\protobuf-java\3.15.8\protobuf-java-3.15.8.jar;C:\Users\testinium\.m2\repository\com\google\guava\guava\30.1.1-jre\guava-30.1.1-jre.jar;C:\Users\testinium\.m2\repository\com\google\guava\failureaccess\1.0.1\failureaccess-1.0.1.jar;C:\Users\testinium\.m2\repository\com\google\guava\listenablefuture\9999.0-empty-to-avoid-conflict-with-guava\listenablefuture-9999.0-empty-to-avoid-conflict-with-guava.jar;C:\Users\testinium\.m2\repository\com\google\code\findbugs\jsr305\3.0.2\jsr305-3.0.2.jar;C:\Users\testinium\.m2\repository\org\checkerframework\checker-qual\3.8.0\checker-qual-3.8.0.jar;C:\Users\testinium\.m2\repository\com\google\errorprone\error_prone_annotations\2.5.1\error_prone_annotations-2.5.1.jar;C:\Users\testinium\.m2\repository\com\google\j2objc\j2objc-annotations\1.3\j2objc-annotations-1.3.jar;C:\Users\testinium\.m2\repository\io\grpc\grpc-netty-shaded\1.37.0\grpc-netty-shaded-1.37.0.jar;C:\Users\testinium\.m2\repository\io\grpc\grpc-core\1.37.0\grpc-core-1.37.0.jar;C:\Users\testinium\.m2\repository\com\google\android\annotations\4.1.1.4\annotations-4.1.1.4.jar;C:\Users\testinium\.m2\repository\io\perfmark\perfmark-api\0.23.0\perfmark-api-0.23.0.jar;C:\Users\testinium\.m2\repository\io\grpc\grpc-protobuf\1.37.0\grpc-protobuf-1.37.0.jar;C:\Users\testinium\.m2\repository\io\grpc\grpc-api\1.37.0\grpc-api-1.37.0.jar;C:\Users\testinium\.m2\repository\io\grpc\grpc-context\1.37.0\grpc-context-1.37.0.jar;C:\Users\testinium\.m2\repository\com\google\api\grpc\proto-google-common-protos\2.0.1\proto-google-common-protos-2.0.1.jar;C:\Users\testinium\.m2\repository\io\grpc\grpc-protobuf-lite\1.37.0\grpc-protobuf-lite-1.37.0.jar;C:\Users\testinium\.m2\repository\org\codehaus\mojo\animal-sniffer-annotations\1.19\animal-sniffer-annotations-1.19.jar;C:\Users\testinium\.m2\repository\io\grpc\grpc-stub\1.37.0\grpc-stub-1.37.0.jar;C:\Users\testinium\.m2\repository\javax\annotation\javax.annotation-api\1.3.2\javax.annotation-api-1.3.2.jar;C:\Users\testinium\.m2\repository\org\junit\jupiter\junit-jupiter-engine\5.7.0\junit-jupiter-engine-5.7.0.jar;C:\Users\testinium\.m2\repository\org\apiguardian\apiguardian-api\1.1.0\apiguardian-api-1.1.0.jar;C:\Users\testinium\.m2\repository\org\junit\platform\junit-platform-engine\1.7.0\junit-platform-engine-1.7.0.jar;C:\Users\testinium\.m2\repository\org\opentest4j\opentest4j\1.2.0\opentest4j-1.2.0.jar;C:\Users\testinium\.m2\repository\org\junit\platform\junit-platform-commons\1.7.0\junit-platform-commons-1.7.0.jar;C:\Users\testinium\.m2\repository\org\junit\jupiter\junit-jupiter-api\5.7.0\junit-jupiter-api-5.7.0.jar;C:\Users\testinium\.m2\repository\io\appium\java-client\7.3.0\java-client-7.3.0.jar;C:\Users\testinium\.m2\repository\org\seleniumhq\selenium\selenium-java\3.141.59\selenium-java-3.141.59.jar;C:\Users\testinium\.m2\repository\org\seleniumhq\selenium\selenium-chrome-driver\3.141.59\selenium-chrome-driver-3.141.59.jar;C:\Users\testinium\.m2\repository\org\seleniumhq\selenium\selenium-edge-driver\3.141.59\selenium-edge-driver-3.141.59.jar;C:\Users\testinium\.m2\repository\org\seleniumhq\selenium\selenium-firefox-driver\3.141.59\selenium-firefox-driver-3.141.59.jar;C:\Users\testinium\.m2\repository\org\seleniumhq\selenium\selenium-ie-driver\3.141.59\selenium-ie-driver-3.141.59.jar;C:\Users\testinium\.m2\repository\org\seleniumhq\selenium\selenium-opera-driver\3.141.59\selenium-opera-driver-3.141.59.jar;C:\Users\testinium\.m2\repository\org\seleniumhq\selenium\selenium-remote-driver\3.141.59\selenium-remote-driver-3.141.59.jar;C:\Users\testinium\.m2\repository\org\seleniumhq\selenium\selenium-safari-driver\3.141.59\selenium-safari-driver-3.141.59.jar;C:\Users\testinium\.m2\repository\net\bytebuddy\byte-buddy\1.8.15\byte-buddy-1.8.15.jar;C:\Users\testinium\.m2\repository\org\apache\commons\commons-exec\1.3\commons-exec-1.3.jar;C:\Users\testinium\.m2\repository\com\squareup\okhttp3\okhttp\3.11.0\okhttp-3.11.0.jar;C:\Users\testinium\.m2\repository\com\squareup\okio\okio\1.14.0\okio-1.14.0.jar;C:\Users\testinium\.m2\repository\org\seleniumhq\selenium\selenium-support\3.141.59\selenium-support-3.141.59.jar;C:\Users\testinium\.m2\repository\org\seleniumhq\selenium\selenium-api\3.141.59\selenium-api-3.141.59.jar;C:\Users\testinium\.m2\repository\com\google\code\gson\gson\2.8.5\gson-2.8.5.jar;C:\Users\testinium\.m2\repository\org\apache\httpcomponents\httpclient\4.5.9\httpclient-4.5.9.jar;C:\Users\testinium\.m2\repository\org\apache\httpcomponents\httpcore\4.4.11\httpcore-4.4.11.jar;C:\Users\testinium\.m2\repository\commons-logging\commons-logging\1.2\commons-logging-1.2.jar;C:\Users\testinium\.m2\repository\commons-codec\commons-codec\1.11\commons-codec-1.11.jar;C:\Users\testinium\.m2\repository\cglib\cglib\3.2.12\cglib-3.2.12.jar;C:\Users\testinium\.m2\repository\org\ow2\asm\asm\7.1\asm-7.1.jar;C:\Users\testinium\.m2\repository\commons-validator\commons-validator\1.6\commons-validator-1.6.jar;C:\Users\testinium\.m2\repository\commons-beanutils\commons-beanutils\1.9.2\commons-beanutils-1.9.2.jar;C:\Users\testinium\.m2\repository\commons-digester\commons-digester\1.8.1\commons-digester-1.8.1.jar;C:\Users\testinium\.m2\repository\commons-collections\commons-collections\3.2.2\commons-collections-3.2.2.jar;C:\Users\testinium\.m2\repository\org\apache\commons\commons-lang3\3.9\commons-lang3-3.9.jar;C:\Users\testinium\.m2\repository\org\springframework\spring-context\5.1.8.RELEASE\spring-context-5.1.8.RELEASE.jar;C:\Users\testinium\.m2\repository\org\springframework\spring-aop\5.1.8.RELEASE\spring-aop-5.1.8.RELEASE.jar;C:\Users\testinium\.m2\repository\org\springframework\spring-beans\5.1.8.RELEASE\spring-beans-5.1.8.RELEASE.jar;C:\Users\testinium\.m2\repository\org\springframework\spring-core\5.1.8.RELEASE\spring-core-5.1.8.RELEASE.jar;C:\Users\testinium\.m2\repository\org\springframework\spring-jcl\5.1.8.RELEASE\spring-jcl-5.1.8.RELEASE.jar;C:\Users\testinium\.m2\repository\org\springframework\spring-expression\5.1.8.RELEASE\spring-expression-5.1.8.RELEASE.jar;C:\Users\testinium\.m2\repository\org\aspectj\aspectjweaver\1.9.4\aspectjweaver-1.9.4.jar;C:\Users\testinium\.m2\repository\org\slf4j\slf4j-api\1.7.30\slf4j-api-1.7.30.jar;C:\Users\testinium\.m2\repository\org\slf4j\slf4j-log4j12\1.7.30\slf4j-log4j12-1.7.30.jar;C:\Users\testinium\.m2\repository\log4j\log4j\1.2.17\log4j-1.2.17.jar
30-10-2021 18:15:30.230 [Gauge] [DEBUG] Checking updates...
30-10-2021 18:15:30.232 [Gauge] [DEBUG] Downloading https://downloads.gauge.org/plugin/html-report?l=java&p=html-report,java,screenshot,spectacle,xml-report&o=windows&a=amd64
30-10-2021 18:15:30.335 [java] [CRITICAL] process C:\Program Files\Java\jdk1.8.0_202\jre\bin\java.exe with pid 9660 quit unexpectedly. exit status 1
30-10-2021 18:15:30.343 [Gauge] [DEBUG] Runner connection error: Runner with pid 912 quit unexpectedly(exit status 1)
30-10-2021 18:15:30.343 [Gauge] [DEBUG] Error while killing runner: invalid argument
30-10-2021 18:15:30.343 [Gauge] [CRITICAL] Failed to start gauge API: Runner with pid 912 quit unexpectedly(exit status 1)
30-10-2021 18:16:15.715 [Gauge] [DEBUG] Created gauge_screenshots_dir at C:\Users\testinium\IdeaProjects\Yagmur_Ozdilekteyim\.gauge\screenshots
30-10-2021 18:16:15.716 [Gauge] [DEBUG] Plugin java is already installed.
30-10-2021 18:16:15.717 [Gauge] [DEBUG] Plugin html-report is already installed.
30-10-2021 18:16:15.718 [Gauge] [DEBUG] Parsing started.
30-10-2021 18:16:15.718 [Gauge] [DEBUG] Started concepts parsing.
30-10-2021 18:16:15.723 [Gauge] [DEBUG] 0 concepts parsing completed.
30-10-2021 18:16:15.724 [Gauge] [DEBUG] Started specifications parsing.
30-10-2021 18:16:15.724 [Gauge] [ERROR] [ParseError] C:\Users\testinium\IdeaProjects\Yagmur_Ozdilekteyim\specs\mainScenario.spec:1 Spec heading not found => ''
30-10-2021 18:16:15.724 [Gauge] [ERROR] [ParseError] C:\Users\testinium\IdeaProjects\Yagmur_Ozdilekteyim\specs\mainScenario.spec:3 Scenario should be defined after the spec heading => 'Ozdilek'
30-10-2021 18:16:15.724 [Gauge] [DEBUG] 1 specifications parsing completed.
30-10-2021 18:16:15.724 [Gauge] [DEBUG] Parsing completed.
30-10-2021 18:16:15.725 [Gauge] [DEBUG] Staring java runner
30-10-2021 18:16:15.751 [java] [DEBUG] classpath set to C:\Program Files\Java\jdk1.8.0_202\jre\lib\charsets.jar;C:\Program Files\Java\jdk1.8.0_202\jre\lib\deploy.jar;C:\Program Files\Java\jdk1.8.0_202\jre\lib\ext\access-bridge-64.jar;C:\Program Files\Java\jdk1.8.0_202\jre\lib\ext\cldrdata.jar;C:\Program Files\Java\jdk1.8.0_202\jre\lib\ext\dnsns.jar;C:\Program Files\Java\jdk1.8.0_202\jre\lib\ext\jaccess.jar;C:\Program Files\Java\jdk1.8.0_202\jre\lib\ext\jfxrt.jar;C:\Program Files\Java\jdk1.8.0_202\jre\lib\ext\localedata.jar;C:\Program Files\Java\jdk1.8.0_202\jre\lib\ext\nashorn.jar;C:\Program Files\Java\jdk1.8.0_202\jre\lib\ext\sunec.jar;C:\Program Files\Java\jdk1.8.0_202\jre\lib\ext\sunjce_provider.jar;C:\Program Files\Java\jdk1.8.0_202\jre\lib\ext\sunmscapi.jar;C:\Program Files\Java\jdk1.8.0_202\jre\lib\ext\sunpkcs11.jar;C:\Program Files\Java\jdk1.8.0_202\jre\lib\ext\zipfs.jar;C:\Program Files\Java\jdk1.8.0_202\jre\lib\javaws.jar;C:\Program Files\Java\jdk1.8.0_202\jre\lib\jce.jar;C:\Program Files\Java\jdk1.8.0_202\jre\lib\jfr.jar;C:\Program Files\Java\jdk1.8.0_202\jre\lib\jfxswt.jar;C:\Program Files\Java\jdk1.8.0_202\jre\lib\jsse.jar;C:\Program Files\Java\jdk1.8.0_202\jre\lib\management-agent.jar;C:\Program Files\Java\jdk1.8.0_202\jre\lib\plugin.jar;C:\Program Files\Java\jdk1.8.0_202\jre\lib\resources.jar;C:\Program Files\Java\jdk1.8.0_202\jre\lib\rt.jar;C:\Users\testinium\IdeaProjects\Yagmur_Ozdilekteyim\target\test-classes;C:\Users\testinium\.m2\repository\com\thoughtworks\gauge\gauge-java\0.7.3\gauge-java-0.7.3.jar;C:\Users\testinium\.m2\repository\org\assertj\assertj-core\3.14.0\assertj-core-3.14.0.jar;C:\Users\testinium\.m2\repository\org\reflections\reflections\0.9.11\reflections-0.9.11.jar;C:\Users\testinium\.m2\repository\org\javassist\javassist\3.21.0-GA\javassist-3.21.0-GA.jar;C:\Users\testinium\.m2\repository\com\github\javaparser\javaparser-core\2.5.1\javaparser-core-2.5.1.jar;C:\Users\testinium\.m2\repository\commons-io\commons-io\2.6\commons-io-2.6.jar;C:\Users\testinium\.m2\repository\commons-lang\commons-lang\2.6\commons-lang-2.6.jar;C:\Users\testinium\.m2\repository\org\json\json\20190722\json-20190722.jar;C:\Users\testinium\.m2\repository\com\google\protobuf\protobuf-java\3.10.0\protobuf-java-3.10.0.jar;C:\Users\testinium\.m2\repository\com\google\guava\guava\28.1-jre\guava-28.1-jre.jar;C:\Users\testinium\.m2\repository\com\google\guava\failureaccess\1.0.1\failureaccess-1.0.1.jar;C:\Users\testinium\.m2\repository\com\google\guava\listenablefuture\9999.0-empty-to-avoid-conflict-with-guava\listenablefuture-9999.0-empty-to-avoid-conflict-with-guava.jar;C:\Users\testinium\.m2\repository\com\google\code\findbugs\jsr305\3.0.2\jsr305-3.0.2.jar;C:\Users\testinium\.m2\repository\org\checkerframework\checker-qual\2.8.1\checker-qual-2.8.1.jar;C:\Users\testinium\.m2\repository\com\google\errorprone\error_prone_annotations\2.3.2\error_prone_annotations-2.3.2.jar;C:\Users\testinium\.m2\repository\com\google\j2objc\j2objc-annotations\1.3\j2objc-annotations-1.3.jar;C:\Users\testinium\.m2\repository\org\codehaus\mojo\animal-sniffer-annotations\1.18\animal-sniffer-annotations-1.18.jar;C:\Users\testinium\.m2\repository\io\grpc\grpc-netty-shaded\1.25.0\grpc-netty-shaded-1.25.0.jar;C:\Users\testinium\.m2\repository\io\grpc\grpc-core\1.25.0\grpc-core-1.25.0.jar;C:\Users\testinium\.m2\repository\io\grpc\grpc-api\1.25.0\grpc-api-1.25.0.jar;C:\Users\testinium\.m2\repository\io\grpc\grpc-context\1.25.0\grpc-context-1.25.0.jar;C:\Users\testinium\.m2\repository\com\google\android\annotations\4.1.1.4\annotations-4.1.1.4.jar;C:\Users\testinium\.m2\repository\io\perfmark\perfmark-api\0.19.0\perfmark-api-0.19.0.jar;C:\Users\testinium\.m2\repository\io\opencensus\opencensus-api\0.21.0\opencensus-api-0.21.0.jar;C:\Users\testinium\.m2\repository\io\opencensus\opencensus-contrib-grpc-metrics\0.21.0\opencensus-contrib-grpc-metrics-0.21.0.jar;C:\Users\testinium\.m2\repository\io\grpc\grpc-protobuf\1.24.1\grpc-protobuf-1.24.1.jar;C:\Users\testinium\.m2\repository\com\google\api\grpc\proto-google-common-protos\1.12.0\proto-google-common-protos-1.12.0.jar;C:\Users\testinium\.m2\repository\io\grpc\grpc-protobuf-lite\1.24.1\grpc-protobuf-lite-1.24.1.jar;C:\Users\testinium\.m2\repository\io\grpc\grpc-stub\1.24.1\grpc-stub-1.24.1.jar;C:\Users\testinium\.m2\repository\javax\annotation\javax.annotation-api\1.3.2\javax.annotation-api-1.3.2.jar;C:\Users\testinium\.m2\repository\org\junit\jupiter\junit-jupiter-engine\5.7.0\junit-jupiter-engine-5.7.0.jar;C:\Users\testinium\.m2\repository\org\apiguardian\apiguardian-api\1.1.0\apiguardian-api-1.1.0.jar;C:\Users\testinium\.m2\repository\org\junit\platform\junit-platform-engine\1.7.0\junit-platform-engine-1.7.0.jar;C:\Users\testinium\.m2\repository\org\opentest4j\opentest4j\1.2.0\opentest4j-1.2.0.jar;C:\Users\testinium\.m2\repository\org\junit\platform\junit-platform-commons\1.7.0\junit-platform-commons-1.7.0.jar;C:\Users\testinium\.m2\repository\org\junit\jupiter\junit-jupiter-api\5.7.0\junit-jupiter-api-5.7.0.jar;C:\Users\testinium\.m2\repository\io\appium\java-client\7.3.0\java-client-7.3.0.jar;C:\Users\testinium\.m2\repository\org\seleniumhq\selenium\selenium-java\3.141.59\selenium-java-3.141.59.jar;C:\Users\testinium\.m2\repository\org\seleniumhq\selenium\selenium-chrome-driver\3.141.59\selenium-chrome-driver-3.141.59.jar;C:\Users\testinium\.m2\repository\org\seleniumhq\selenium\selenium-edge-driver\3.141.59\selenium-edge-driver-3.141.59.jar;C:\Users\testinium\.m2\repository\org\seleniumhq\selenium\selenium-firefox-driver\3.141.59\selenium-firefox-driver-3.141.59.jar;C:\Users\testinium\.m2\repository\org\seleniumhq\selenium\selenium-ie-driver\3.141.59\selenium-ie-driver-3.141.59.jar;C:\Users\testinium\.m2\repository\org\seleniumhq\selenium\selenium-opera-driver\3.141.59\selenium-opera-driver-3.141.59.jar;C:\Users\testinium\.m2\repository\org\seleniumhq\selenium\selenium-remote-driver\3.141.59\selenium-remote-driver-3.141.59.jar;C:\Users\testinium\.m2\repository\org\seleniumhq\selenium\selenium-safari-driver\3.141.59\selenium-safari-driver-3.141.59.jar;C:\Users\testinium\.m2\repository\net\bytebuddy\byte-buddy\1.8.15\byte-buddy-1.8.15.jar;C:\Users\testinium\.m2\repository\org\apache\commons\commons-exec\1.3\commons-exec-1.3.jar;C:\Users\testinium\.m2\repository\com\squareup\okhttp3\okhttp\3.11.0\okhttp-3.11.0.jar;C:\Users\testinium\.m2\repository\com\squareup\okio\okio\1.14.0\okio-1.14.0.jar;C:\Users\testinium\.m2\repository\org\seleniumhq\selenium\selenium-support\3.141.59\selenium-support-3.141.59.jar;C:\Users\testinium\.m2\repository\org\seleniumhq\selenium\selenium-api\3.141.59\selenium-api-3.141.59.jar;C:\Users\testinium\.m2\repository\com\google\code\gson\gson\2.8.5\gson-2.8.5.jar;C:\Users\testinium\.m2\repository\org\apache\httpcomponents\httpclient\4.5.9\httpclient-4.5.9.jar;C:\Users\testinium\.m2\repository\org\apache\httpcomponents\httpcore\4.4.11\httpcore-4.4.11.jar;C:\Users\testinium\.m2\repository\commons-logging\commons-logging\1.2\commons-logging-1.2.jar;C:\Users\testinium\.m2\repository\commons-codec\commons-codec\1.11\commons-codec-1.11.jar;C:\Users\testinium\.m2\repository\cglib\cglib\3.2.12\cglib-3.2.12.jar;C:\Users\testinium\.m2\repository\org\ow2\asm\asm\7.1\asm-7.1.jar;C:\Users\testinium\.m2\repository\commons-validator\commons-validator\1.6\commons-validator-1.6.jar;C:\Users\testinium\.m2\repository\commons-beanutils\commons-beanutils\1.9.2\commons-beanutils-1.9.2.jar;C:\Users\testinium\.m2\repository\commons-digester\commons-digester\1.8.1\commons-digester-1.8.1.jar;C:\Users\testinium\.m2\repository\commons-collections\commons-collections\3.2.2\commons-collections-3.2.2.jar;C:\Users\testinium\.m2\repository\org\apache\commons\commons-lang3\3.9\commons-lang3-3.9.jar;C:\Users\testinium\.m2\repository\org\springframework\spring-context\5.1.8.RELEASE\spring-context-5.1.8.RELEASE.jar;C:\Users\testinium\.m2\repository\org\springframework\spring-aop\5.1.8.RELEASE\spring-aop-5.1.8.RELEASE.jar;C:\Users\testinium\.m2\repository\org\springframework\spring-beans\5.1.8.RELEASE\spring-beans-5.1.8.RELEASE.jar;C:\Users\testinium\.m2\repository\org\springframework\spring-core\5.1.8.RELEASE\spring-core-5.1.8.RELEASE.jar;C:\Users\testinium\.m2\repository\org\springframework\spring-jcl\5.1.8.RELEASE\spring-jcl-5.1.8.RELEASE.jar;C:\Users\testinium\.m2\repository\org\springframework\spring-expression\5.1.8.RELEASE\spring-expression-5.1.8.RELEASE.jar;C:\Users\testinium\.m2\repository\org\aspectj\aspectjweaver\1.9.4\aspectjweaver-1.9.4.jar;C:\Users\testinium\.m2\repository\org\slf4j\slf4j-api\1.7.30\slf4j-api-1.7.30.jar;C:\Users\testinium\.m2\repository\org\slf4j\slf4j-log4j12\1.7.30\slf4j-log4j12-1.7.30.jar;C:\Users\testinium\.m2\repository\log4j\log4j\1.2.17\log4j-1.2.17.jar
30-10-2021 18:16:16.101 [java] [DEBUG] Connecting to port: 52621
30-10-2021 18:16:16.111 [Gauge] [DEBUG] Established connection to runner.
30-10-2021 18:16:16.111 [Gauge] [DEBUG] Validation started.
30-10-2021 18:16:16.111 [java] [DEBUG] Connected to 127.0.0.1:52621
30-10-2021 18:16:16.111 [Gauge] [DEBUG] Validation completed.
30-10-2021 18:16:16.113 [Gauge] [DEBUG] Run started
30-10-2021 18:16:16.114 [Gauge] [DEBUG] Starting Html Report plugin
30-10-2021 18:16:16.136 [Gauge] [DEBUG] Attempting to connect to grpc server at port: 52627
30-10-2021 18:16:16.142 [Gauge] [DEBUG] Successfully made the connection with plugin with port: 52627
30-10-2021 18:16:16.143 [Gauge] [DEBUG] Initialising suite data store.
30-10-2021 18:16:16.375 [Gauge] [DEBUG] Checking updates...
30-10-2021 18:16:16.377 [Gauge] [DEBUG] Downloading https://downloads.gauge.org/plugin/html-report?l=java&p=html-report,java,screenshot,spectacle,xml-report&o=windows&a=amd64
30-10-2021 18:16:17.486 [Gauge] [DEBUG] Downloading https://downloads.gauge.org/plugin/java?l=java&p=html-report,java,screenshot,spectacle,xml-report&o=windows&a=amd64
30-10-2021 18:16:17.619 [Gauge] [DEBUG] Downloading https://downloads.gauge.org/plugin/screenshot?l=java&p=html-report,java,screenshot,spectacle,xml-report&o=windows&a=amd64
30-10-2021 18:16:17.770 [Gauge] [DEBUG] Downloading https://downloads.gauge.org/plugin/spectacle?l=java&p=html-report,java,screenshot,spectacle,xml-report&o=windows&a=amd64
30-10-2021 18:16:17.944 [Gauge] [DEBUG] Downloading https://downloads.gauge.org/plugin/xml-report?l=java&p=html-report,java,screenshot,spectacle,xml-report&o=windows&a=amd64
30-10-2021 18:16:21.918 [java] [DEBUG] Scanning packages for steps
30-10-2021 18:16:22.057 [java] [DEBUG] Scanning packages for hooks
30-10-2021 18:16:24.795 [html-report] [DEBUG] Transformed SuiteResult to report structure
30-10-2021 18:16:24.862 [html-report] [INFO] Successfully generated html-report to => C:\Users\testinium\IdeaProjects\Yagmur_Ozdilekteyim\reports\html-report\index.html
30-10-2021 18:16:24.862 [html-report] [DEBUG] Done generating HTML report using theme from C:\Users\testinium\AppData\Roaming\gauge\plugins\html-report\4.0.9\themes\default
30-10-2021 18:16:24.862 [Gauge] [DEBUG] Sending kill message to Html Report plugin.
30-10-2021 18:16:24.865 [Gauge] [DEBUG] Sending kill message to runner.
30-10-2021 18:16:24.867 [java] [DEBUG] Kill process request recieved
30-10-2021 18:16:25.066 [Gauge] [DEBUG] Runner with PID:14680 has exited
30-10-2021 18:16:25.067 [Gauge] [INFO] Specifications:	1 executed	0 passed	1 failed	0 skipped
30-10-2021 18:16:25.067 [Gauge] [INFO] Scenarios:	0 executed	0 passed	0 failed	0 skipped
30-10-2021 18:16:25.067 [Gauge] [INFO] 
Total time taken: 8.679s
30-10-2021 18:16:25.067 [Gauge] [INFO] Updates are available. Run `gauge update -c` for more info.
30-10-2021 18:17:14.316 [Gauge] [DEBUG] Created gauge_screenshots_dir at C:\Users\testinium\IdeaProjects\Yagmur_Ozdilekteyim\.gauge\screenshots
30-10-2021 18:17:14.317 [Gauge] [DEBUG] Plugin java is already installed.
30-10-2021 18:17:14.317 [Gauge] [DEBUG] Plugin html-report is already installed.
30-10-2021 18:17:14.319 [Gauge] [DEBUG] Parsing started.
30-10-2021 18:17:14.319 [Gauge] [DEBUG] Started concepts parsing.
30-10-2021 18:17:14.324 [Gauge] [DEBUG] 0 concepts parsing completed.
30-10-2021 18:17:14.324 [Gauge] [DEBUG] Started specifications parsing.
30-10-2021 18:17:14.324 [Gauge] [ERROR] [ParseError] C:\Users\testinium\IdeaProjects\Yagmur_Ozdilekteyim\specs\mainScenario.spec:1 Spec heading not found => ''
30-10-2021 18:17:14.324 [Gauge] [ERROR] [ParseError] C:\Users\testinium\IdeaProjects\Yagmur_Ozdilekteyim\specs\mainScenario.spec:3 Scenario should be defined after the spec heading => 'Ozdilek'
30-10-2021 18:17:14.324 [Gauge] [DEBUG] 1 specifications parsing completed.
30-10-2021 18:17:14.324 [Gauge] [DEBUG] Parsing completed.
30-10-2021 18:17:14.568 [Gauge] [DEBUG] Checking updates...
30-10-2021 18:17:14.570 [Gauge] [DEBUG] Downloading https://downloads.gauge.org/plugin/html-report?l=java&p=html-report,java,screenshot,spectacle,xml-report&o=windows&a=amd64
30-10-2021 18:17:15.072 [java] [DEBUG] ***** Printing Properties/Env Values *****
30-10-2021 18:17:15.073 [java] [DEBUG] PATH: "C:\Program Files (x86)\Common Files\Oracle\Java\javapath\;C:\Program Files\Java\jdk1.8.0_202\\bin;C:\Program Files\Java\jdk1.8.0_202\bin\";C:\WINDOWS\system32;C:\WINDOWS;C:\WINDOWS\System32\Wbem;C:\WINDOWS\System32\WindowsPowerShell\v1.0\;C:\WINDOWS\System32\OpenSSH\;C:\Program Files\nodejs\;C:\Program Files\maven\apache-maven-3.6.3\bin;C:\Program Files\Java\jdk1.8.0_202\\bin;C:\Program Files\Git\cmd;";%!A(MISSING)NDROID_HOME\tools%!"(MISSING);";%!A(MISSING)NDROID_HOME\platform-tools%!"(MISSING);";%!A(MISSING)NDROID_HOME\build-tools%!"(MISSING);C:\Program Files\Gauge\bin;C:\Program Files (x86)\Micro Focus\Unified Functional Testing\bin;C:\Program Files\Android\sdk\platform-tools;C:\Program Files\Android\sdk\build-tools;C:\Program Files\Android\sdk\tools;C:\Program Files\Android\sdk\build-tools\29.0.2;C:\Program Files\Android\sdk\tools\bin;C:\Users\testinium\AppData\Local\Microsoft\WindowsApps;C:\Users\testinium\AppData\Roaming\npm;C:\Users\testinium\AppData\Roaming\gauge\plugins\screenshot\0.0.1
30-10-2021 18:17:15.073 [java] [DEBUG] JAVA_HOME: C:\Program Files\Java\jdk1.8.0_202\
30-10-2021 18:17:15.073 [java] [DEBUG] gauge_project_root: C:\Users\testinium\IdeaProjects\Yagmur_Ozdilekteyim
30-10-2021 18:17:15.073 [java] [DEBUG] gauge_parallel_streams_count: 
30-10-2021 18:17:15.073 [java] [DEBUG] gauge_reports_dir: reports
30-10-2021 18:17:15.073 [java] [DEBUG] overwrite_reports: true
30-10-2021 18:17:15.073 [java] [DEBUG] logs_directory: logs
30-10-2021 18:17:15.073 [java] [DEBUG] enable_multithreading: false
30-10-2021 18:17:15.073 [java] [DEBUG] gauge_specs_dir: specs
30-10-2021 18:17:15.073 [java] [DEBUG] csv_delimiter: ,
30-10-2021 18:17:15.073 [java] [DEBUG] gauge_java_home: 
30-10-2021 18:17:15.073 [java] [DEBUG] gauge_custom_build_path: 
30-10-2021 18:17:15.073 [java] [DEBUG] gauge_additional_libs: libs/*
30-10-2021 18:17:15.073 [java] [DEBUG] gauge_jvm_args: 
30-10-2021 18:17:15.073 [java] [DEBUG] gauge_custom_compile_dir: 
30-10-2021 18:17:15.073 [java] [DEBUG] gauge_clear_state_level: scenario
30-10-2021 18:17:15.073 [java] [DEBUG] ***** END *****
30-10-2021 18:17:15.320 [Gauge] [DEBUG] Downloading https://downloads.gauge.org/plugin/java?l=java&p=html-report,java,screenshot,spectacle,xml-report&o=windows&a=amd64
30-10-2021 18:17:15.456 [Gauge] [DEBUG] Downloading https://downloads.gauge.org/plugin/screenshot?l=java&p=html-report,java,screenshot,spectacle,xml-report&o=windows&a=amd64
30-10-2021 18:17:15.640 [Gauge] [DEBUG] Downloading https://downloads.gauge.org/plugin/spectacle?l=java&p=html-report,java,screenshot,spectacle,xml-report&o=windows&a=amd64
30-10-2021 18:17:15.803 [Gauge] [DEBUG] Downloading https://downloads.gauge.org/plugin/xml-report?l=java&p=html-report,java,screenshot,spectacle,xml-report&o=windows&a=amd64
30-10-2021 18:17:33.878 [java] [ERROR] Installed version of gauge-java (0.7.15) does not match with dependency gauge-java (0.7.3) specified in pom.xml file
30-10-2021 18:17:33.879 [java] [DEBUG] classpath set to C:\Program Files\Java\jdk1.8.0_202\jre\lib\charsets.jar;C:\Program Files\Java\jdk1.8.0_202\jre\lib\deploy.jar;C:\Program Files\Java\jdk1.8.0_202\jre\lib\ext\access-bridge-64.jar;C:\Program Files\Java\jdk1.8.0_202\jre\lib\ext\cldrdata.jar;C:\Program Files\Java\jdk1.8.0_202\jre\lib\ext\dnsns.jar;C:\Program Files\Java\jdk1.8.0_202\jre\lib\ext\jaccess.jar;C:\Program Files\Java\jdk1.8.0_202\jre\lib\ext\jfxrt.jar;C:\Program Files\Java\jdk1.8.0_202\jre\lib\ext\localedata.jar;C:\Program Files\Java\jdk1.8.0_202\jre\lib\ext\nashorn.jar;C:\Program Files\Java\jdk1.8.0_202\jre\lib\ext\sunec.jar;C:\Program Files\Java\jdk1.8.0_202\jre\lib\ext\sunjce_provider.jar;C:\Program Files\Java\jdk1.8.0_202\jre\lib\ext\sunmscapi.jar;C:\Program Files\Java\jdk1.8.0_202\jre\lib\ext\sunpkcs11.jar;C:\Program Files\Java\jdk1.8.0_202\jre\lib\ext\zipfs.jar;C:\Program Files\Java\jdk1.8.0_202\jre\lib\javaws.jar;C:\Program Files\Java\jdk1.8.0_202\jre\lib\jce.jar;C:\Program Files\Java\jdk1.8.0_202\jre\lib\jfr.jar;C:\Program Files\Java\jdk1.8.0_202\jre\lib\jfxswt.jar;C:\Program Files\Java\jdk1.8.0_202\jre\lib\jsse.jar;C:\Program Files\Java\jdk1.8.0_202\jre\lib\management-agent.jar;C:\Program Files\Java\jdk1.8.0_202\jre\lib\plugin.jar;C:\Program Files\Java\jdk1.8.0_202\jre\lib\resources.jar;C:\Program Files\Java\jdk1.8.0_202\jre\lib\rt.jar;C:\Users\testinium\IdeaProjects\Yagmur_Ozdilekteyim\target\test-classes;C:\Users\testinium\.m2\repository\com\thoughtworks\gauge\gauge-java\0.7.3\gauge-java-0.7.3.jar;C:\Users\testinium\.m2\repository\org\assertj\assertj-core\3.14.0\assertj-core-3.14.0.jar;C:\Users\testinium\.m2\repository\org\reflections\reflections\0.9.11\reflections-0.9.11.jar;C:\Users\testinium\.m2\repository\org\javassist\javassist\3.21.0-GA\javassist-3.21.0-GA.jar;C:\Users\testinium\.m2\repository\com\github\javaparser\javaparser-core\2.5.1\javaparser-core-2.5.1.jar;C:\Users\testinium\.m2\repository\commons-io\commons-io\2.6\commons-io-2.6.jar;C:\Users\testinium\.m2\repository\commons-lang\commons-lang\2.6\commons-lang-2.6.jar;C:\Users\testinium\.m2\repository\org\json\json\20190722\json-20190722.jar;C:\Users\testinium\.m2\repository\com\google\protobuf\protobuf-java\3.10.0\protobuf-java-3.10.0.jar;C:\Users\testinium\.m2\repository\com\google\guava\guava\28.1-jre\guava-28.1-jre.jar;C:\Users\testinium\.m2\repository\com\google\guava\failureaccess\1.0.1\failureaccess-1.0.1.jar;C:\Users\testinium\.m2\repository\com\google\guava\listenablefuture\9999.0-empty-to-avoid-conflict-with-guava\listenablefuture-9999.0-empty-to-avoid-conflict-with-guava.jar;C:\Users\testinium\.m2\repository\com\google\code\findbugs\jsr305\3.0.2\jsr305-3.0.2.jar;C:\Users\testinium\.m2\repository\org\checkerframework\checker-qual\2.8.1\checker-qual-2.8.1.jar;C:\Users\testinium\.m2\repository\com\google\errorprone\error_prone_annotations\2.3.2\error_prone_annotations-2.3.2.jar;C:\Users\testinium\.m2\repository\com\google\j2objc\j2objc-annotations\1.3\j2objc-annotations-1.3.jar;C:\Users\testinium\.m2\repository\org\codehaus\mojo\animal-sniffer-annotations\1.18\animal-sniffer-annotations-1.18.jar;C:\Users\testinium\.m2\repository\io\grpc\grpc-netty-shaded\1.25.0\grpc-netty-shaded-1.25.0.jar;C:\Users\testinium\.m2\repository\io\grpc\grpc-core\1.25.0\grpc-core-1.25.0.jar;C:\Users\testinium\.m2\repository\io\grpc\grpc-api\1.25.0\grpc-api-1.25.0.jar;C:\Users\testinium\.m2\repository\io\grpc\grpc-context\1.25.0\grpc-context-1.25.0.jar;C:\Users\testinium\.m2\repository\com\google\android\annotations\4.1.1.4\annotations-4.1.1.4.jar;C:\Users\testinium\.m2\repository\io\perfmark\perfmark-api\0.19.0\perfmark-api-0.19.0.jar;C:\Users\testinium\.m2\repository\io\opencensus\opencensus-api\0.21.0\opencensus-api-0.21.0.jar;C:\Users\testinium\.m2\repository\io\opencensus\opencensus-contrib-grpc-metrics\0.21.0\opencensus-contrib-grpc-metrics-0.21.0.jar;C:\Users\testinium\.m2\repository\io\grpc\grpc-protobuf\1.24.1\grpc-protobuf-1.24.1.jar;C:\Users\testinium\.m2\repository\com\google\api\grpc\proto-google-common-protos\1.12.0\proto-google-common-protos-1.12.0.jar;C:\Users\testinium\.m2\repository\io\grpc\grpc-protobuf-lite\1.24.1\grpc-protobuf-lite-1.24.1.jar;C:\Users\testinium\.m2\repository\io\grpc\grpc-stub\1.24.1\grpc-stub-1.24.1.jar;C:\Users\testinium\.m2\repository\javax\annotation\javax.annotation-api\1.3.2\javax.annotation-api-1.3.2.jar;C:\Users\testinium\.m2\repository\org\junit\jupiter\junit-jupiter-engine\5.7.0\junit-jupiter-engine-5.7.0.jar;C:\Users\testinium\.m2\repository\org\apiguardian\apiguardian-api\1.1.0\apiguardian-api-1.1.0.jar;C:\Users\testinium\.m2\repository\org\junit\platform\junit-platform-engine\1.7.0\junit-platform-engine-1.7.0.jar;C:\Users\testinium\.m2\repository\org\opentest4j\opentest4j\1.2.0\opentest4j-1.2.0.jar;C:\Users\testinium\.m2\repository\org\junit\platform\junit-platform-commons\1.7.0\junit-platform-commons-1.7.0.jar;C:\Users\testinium\.m2\repository\org\junit\jupiter\junit-jupiter-api\5.7.0\junit-jupiter-api-5.7.0.jar;C:\Users\testinium\.m2\repository\io\appium\java-client\7.3.0\java-client-7.3.0.jar;C:\Users\testinium\.m2\repository\org\seleniumhq\selenium\selenium-java\3.141.59\selenium-java-3.141.59.jar;C:\Users\testinium\.m2\repository\org\seleniumhq\selenium\selenium-chrome-driver\3.141.59\selenium-chrome-driver-3.141.59.jar;C:\Users\testinium\.m2\repository\org\seleniumhq\selenium\selenium-edge-driver\3.141.59\selenium-edge-driver-3.141.59.jar;C:\Users\testinium\.m2\repository\org\seleniumhq\selenium\selenium-firefox-driver\3.141.59\selenium-firefox-driver-3.141.59.jar;C:\Users\testinium\.m2\repository\org\seleniumhq\selenium\selenium-ie-driver\3.141.59\selenium-ie-driver-3.141.59.jar;C:\Users\testinium\.m2\repository\org\seleniumhq\selenium\selenium-opera-driver\3.141.59\selenium-opera-driver-3.141.59.jar;C:\Users\testinium\.m2\repository\org\seleniumhq\selenium\selenium-remote-driver\3.141.59\selenium-remote-driver-3.141.59.jar;C:\Users\testinium\.m2\repository\org\seleniumhq\selenium\selenium-safari-driver\3.141.59\selenium-safari-driver-3.141.59.jar;C:\Users\testinium\.m2\repository\net\bytebuddy\byte-buddy\1.8.15\byte-buddy-1.8.15.jar;C:\Users\testinium\.m2\repository\org\apache\commons\commons-exec\1.3\commons-exec-1.3.jar;C:\Users\testinium\.m2\repository\com\squareup\okhttp3\okhttp\3.11.0\okhttp-3.11.0.jar;C:\Users\testinium\.m2\repository\com\squareup\okio\okio\1.14.0\okio-1.14.0.jar;C:\Users\testinium\.m2\repository\org\seleniumhq\selenium\selenium-support\3.141.59\selenium-support-3.141.59.jar;C:\Users\testinium\.m2\repository\org\seleniumhq\selenium\selenium-api\3.141.59\selenium-api-3.141.59.jar;C:\Users\testinium\.m2\repository\com\google\code\gson\gson\2.8.5\gson-2.8.5.jar;C:\Users\testinium\.m2\repository\org\apache\httpcomponents\httpclient\4.5.9\httpclient-4.5.9.jar;C:\Users\testinium\.m2\repository\org\apache\httpcomponents\httpcore\4.4.11\httpcore-4.4.11.jar;C:\Users\testinium\.m2\repository\commons-logging\commons-logging\1.2\commons-logging-1.2.jar;C:\Users\testinium\.m2\repository\commons-codec\commons-codec\1.11\commons-codec-1.11.jar;C:\Users\testinium\.m2\repository\cglib\cglib\3.2.12\cglib-3.2.12.jar;C:\Users\testinium\.m2\repository\org\ow2\asm\asm\7.1\asm-7.1.jar;C:\Users\testinium\.m2\repository\commons-validator\commons-validator\1.6\commons-validator-1.6.jar;C:\Users\testinium\.m2\repository\commons-beanutils\commons-beanutils\1.9.2\commons-beanutils-1.9.2.jar;C:\Users\testinium\.m2\repository\commons-digester\commons-digester\1.8.1\commons-digester-1.8.1.jar;C:\Users\testinium\.m2\repository\commons-collections\commons-collections\3.2.2\commons-collections-3.2.2.jar;C:\Users\testinium\.m2\repository\org\apache\commons\commons-lang3\3.9\commons-lang3-3.9.jar;C:\Users\testinium\.m2\repository\org\springframework\spring-context\5.1.8.RELEASE\spring-context-5.1.8.RELEASE.jar;C:\Users\testinium\.m2\repository\org\springframework\spring-aop\5.1.8.RELEASE\spring-aop-5.1.8.RELEASE.jar;C:\Users\testinium\.m2\repository\org\springframework\spring-beans\5.1.8.RELEASE\spring-beans-5.1.8.RELEASE.jar;C:\Users\testinium\.m2\repository\org\springframework\spring-core\5.1.8.RELEASE\spring-core-5.1.8.RELEASE.jar;C:\Users\testinium\.m2\repository\org\springframework\spring-jcl\5.1.8.RELEASE\spring-jcl-5.1.8.RELEASE.jar;C:\Users\testinium\.m2\repository\org\springframework\spring-expression\5.1.8.RELEASE\spring-expression-5.1.8.RELEASE.jar;C:\Users\testinium\.m2\repository\org\aspectj\aspectjweaver\1.9.4\aspectjweaver-1.9.4.jar;C:\Users\testinium\.m2\repository\org\slf4j\slf4j-api\1.7.30\slf4j-api-1.7.30.jar;C:\Users\testinium\.m2\repository\org\slf4j\slf4j-log4j12\1.7.30\slf4j-log4j12-1.7.30.jar;C:\Users\testinium\.m2\repository\log4j\log4j\1.2.17\log4j-1.2.17.jar
30-10-2021 18:17:33.948 [java] [DEBUG] found java executable in C:\Program Files\Java\jdk1.8.0_202\jre\bin\java.exe
30-10-2021 18:17:33.948 [java] [DEBUG] running - C:\Program Files\Java\jdk1.8.0_202\jre\bin\java.exe [-Dfile.encoding=UTF-8 com.thoughtworks.gauge.GaugeRuntime --start]
30-10-2021 18:17:33.948 [java] [DEBUG] stdout/stderr is logged to logs\4020-java.exe.out
30-10-2021 18:17:34.166 [java] [DEBUG] Connecting to port: 0
30-10-2021 18:17:34.179 [java] [CRITICAL] Error in thread 1
Format specifier '%!s(MISSING)'
java.util.MissingFormatArgumentException: Format specifier '%!s(MISSING)'
	at java.util.Formatter.format(Formatter.java:2519)
	at java.util.Formatter.format(Formatter.java:2455)
	at java.lang.String.format(String.java:2940)
	at com.thoughtworks.gauge.connection.GaugeConnector.connect(GaugeConnector.java:45)
	at com.thoughtworks.gauge.connection.GaugeConnector.makeConnectionsToGaugeCore(GaugeConnector.java:35)
	at com.thoughtworks.gauge.GaugeRuntime.makeConnection(GaugeRuntime.java:120)
	at com.thoughtworks.gauge.GaugeRuntime.connectSynchronously(GaugeRuntime.java:106)
	at com.thoughtworks.gauge.GaugeRuntime.startGaugeServer(GaugeRuntime.java:76)
	at com.thoughtworks.gauge.GaugeRuntime.main(GaugeRuntime.java:53)
30-10-2021 18:17:34.208 [java] [CRITICAL] process C:\Program Files\Java\jdk1.8.0_202\jre\bin\java.exe with pid 5364 quit unexpectedly. exit status 1
30-10-2021 18:17:34.226 [Gauge] [ERROR] Error occurred while waiting for runner process to finish.
Error : exit status 1
30-10-2021 18:17:45.068 [Gauge] [CRITICAL] Failed to start gauge API: Timed out connecting to java
30-10-2021 18:19:41.151 [Gauge] [DEBUG] Created gauge_screenshots_dir at C:\Users\testinium\IdeaProjects\Yagmur_Ozdilekteyim\.gauge\screenshots
30-10-2021 18:19:41.153 [Gauge] [DEBUG] Plugin java is already installed.
30-10-2021 18:19:41.153 [Gauge] [DEBUG] Plugin html-report is already installed.
30-10-2021 18:19:41.155 [Gauge] [DEBUG] Parsing started.
30-10-2021 18:19:41.155 [Gauge] [DEBUG] Started concepts parsing.
30-10-2021 18:19:41.160 [Gauge] [DEBUG] 0 concepts parsing completed.
30-10-2021 18:19:41.160 [Gauge] [DEBUG] Started specifications parsing.
30-10-2021 18:19:41.160 [Gauge] [ERROR] [ParseError] C:\Users\testinium\IdeaProjects\Yagmur_Ozdilekteyim\specs\mainScenario.spec:1 Spec heading not found => ''
30-10-2021 18:19:41.161 [Gauge] [ERROR] [ParseError] C:\Users\testinium\IdeaProjects\Yagmur_Ozdilekteyim\specs\mainScenario.spec:3 Scenario should be defined after the spec heading => 'Ozdilek'
30-10-2021 18:19:41.161 [Gauge] [DEBUG] 1 specifications parsing completed.
30-10-2021 18:19:41.161 [Gauge] [DEBUG] Parsing completed.
30-10-2021 18:19:41.190 [java] [DEBUG] ***** Printing Properties/Env Values *****
30-10-2021 18:19:41.190 [java] [DEBUG] PATH: "C:\Program Files (x86)\Common Files\Oracle\Java\javapath\;C:\Program Files\Java\jdk1.8.0_202\\bin;C:\Program Files\Java\jdk1.8.0_202\bin\";C:\WINDOWS\system32;C:\WINDOWS;C:\WINDOWS\System32\Wbem;C:\WINDOWS\System32\WindowsPowerShell\v1.0\;C:\WINDOWS\System32\OpenSSH\;C:\Program Files\nodejs\;C:\Program Files\maven\apache-maven-3.6.3\bin;C:\Program Files\Java\jdk1.8.0_202\\bin;C:\Program Files\Git\cmd;";%!A(MISSING)NDROID_HOME\tools%!"(MISSING);";%!A(MISSING)NDROID_HOME\platform-tools%!"(MISSING);";%!A(MISSING)NDROID_HOME\build-tools%!"(MISSING);C:\Program Files\Gauge\bin;C:\Program Files (x86)\Micro Focus\Unified Functional Testing\bin;C:\Program Files\Android\sdk\platform-tools;C:\Program Files\Android\sdk\build-tools;C:\Program Files\Android\sdk\tools;C:\Program Files\Android\sdk\build-tools\29.0.2;C:\Program Files\Android\sdk\tools\bin;C:\Users\testinium\AppData\Local\Microsoft\WindowsApps;C:\Users\testinium\AppData\Roaming\npm;C:\Users\testinium\AppData\Roaming\gauge\plugins\screenshot\0.0.1
30-10-2021 18:19:41.190 [java] [DEBUG] JAVA_HOME: C:\Program Files\Java\jdk1.8.0_202\
30-10-2021 18:19:41.190 [java] [DEBUG] gauge_project_root: C:\Users\testinium\IdeaProjects\Yagmur_Ozdilekteyim
30-10-2021 18:19:41.190 [java] [DEBUG] gauge_parallel_streams_count: 
30-10-2021 18:19:41.190 [java] [DEBUG] gauge_reports_dir: reports
30-10-2021 18:19:41.191 [java] [DEBUG] overwrite_reports: true
30-10-2021 18:19:41.191 [java] [DEBUG] logs_directory: logs
30-10-2021 18:19:41.191 [java] [DEBUG] enable_multithreading: false
30-10-2021 18:19:41.191 [java] [DEBUG] gauge_specs_dir: specs
30-10-2021 18:19:41.191 [java] [DEBUG] csv_delimiter: ,
30-10-2021 18:19:41.191 [java] [DEBUG] gauge_java_home: 
30-10-2021 18:19:41.191 [java] [DEBUG] gauge_custom_build_path: 
30-10-2021 18:19:41.191 [java] [DEBUG] gauge_additional_libs: libs/*
30-10-2021 18:19:41.191 [java] [DEBUG] gauge_jvm_args: 
30-10-2021 18:19:41.191 [java] [DEBUG] gauge_custom_compile_dir: 
30-10-2021 18:19:41.191 [java] [DEBUG] gauge_clear_state_level: scenario
30-10-2021 18:19:41.191 [java] [DEBUG] ***** END *****
30-10-2021 18:19:41.437 [Gauge] [DEBUG] Checking updates...
30-10-2021 18:19:41.440 [Gauge] [DEBUG] Downloading https://downloads.gauge.org/plugin/html-report?l=java&p=html-report,java,screenshot,spectacle,xml-report&o=windows&a=amd64
30-10-2021 18:19:41.754 [Gauge] [DEBUG] Downloading https://downloads.gauge.org/plugin/java?l=java&p=html-report,java,screenshot,spectacle,xml-report&o=windows&a=amd64
30-10-2021 18:19:41.868 [Gauge] [DEBUG] Downloading https://downloads.gauge.org/plugin/screenshot?l=java&p=html-report,java,screenshot,spectacle,xml-report&o=windows&a=amd64
30-10-2021 18:19:42.033 [Gauge] [DEBUG] Downloading https://downloads.gauge.org/plugin/spectacle?l=java&p=html-report,java,screenshot,spectacle,xml-report&o=windows&a=amd64
30-10-2021 18:19:42.197 [Gauge] [DEBUG] Downloading https://downloads.gauge.org/plugin/xml-report?l=java&p=html-report,java,screenshot,spectacle,xml-report&o=windows&a=amd64
30-10-2021 18:19:44.813 [java] [DEBUG] classpath set to C:\Program Files\Java\jdk1.8.0_202\jre\lib\charsets.jar;C:\Program Files\Java\jdk1.8.0_202\jre\lib\deploy.jar;C:\Program Files\Java\jdk1.8.0_202\jre\lib\ext\access-bridge-64.jar;C:\Program Files\Java\jdk1.8.0_202\jre\lib\ext\cldrdata.jar;C:\Program Files\Java\jdk1.8.0_202\jre\lib\ext\dnsns.jar;C:\Program Files\Java\jdk1.8.0_202\jre\lib\ext\jaccess.jar;C:\Program Files\Java\jdk1.8.0_202\jre\lib\ext\jfxrt.jar;C:\Program Files\Java\jdk1.8.0_202\jre\lib\ext\localedata.jar;C:\Program Files\Java\jdk1.8.0_202\jre\lib\ext\nashorn.jar;C:\Program Files\Java\jdk1.8.0_202\jre\lib\ext\sunec.jar;C:\Program Files\Java\jdk1.8.0_202\jre\lib\ext\sunjce_provider.jar;C:\Program Files\Java\jdk1.8.0_202\jre\lib\ext\sunmscapi.jar;C:\Program Files\Java\jdk1.8.0_202\jre\lib\ext\sunpkcs11.jar;C:\Program Files\Java\jdk1.8.0_202\jre\lib\ext\zipfs.jar;C:\Program Files\Java\jdk1.8.0_202\jre\lib\javaws.jar;C:\Program Files\Java\jdk1.8.0_202\jre\lib\jce.jar;C:\Program Files\Java\jdk1.8.0_202\jre\lib\jfr.jar;C:\Program Files\Java\jdk1.8.0_202\jre\lib\jfxswt.jar;C:\Program Files\Java\jdk1.8.0_202\jre\lib\jsse.jar;C:\Program Files\Java\jdk1.8.0_202\jre\lib\management-agent.jar;C:\Program Files\Java\jdk1.8.0_202\jre\lib\plugin.jar;C:\Program Files\Java\jdk1.8.0_202\jre\lib\resources.jar;C:\Program Files\Java\jdk1.8.0_202\jre\lib\rt.jar;C:\Users\testinium\IdeaProjects\Yagmur_Ozdilekteyim\target\test-classes;C:\Users\testinium\.m2\repository\com\thoughtworks\gauge\gauge-java\0.7.15\gauge-java-0.7.15.jar;C:\Users\testinium\.m2\repository\org\assertj\assertj-core\3.19.0\assertj-core-3.19.0.jar;C:\Users\testinium\.m2\repository\org\reflections\reflections\0.9.9\reflections-0.9.9.jar;C:\Users\testinium\.m2\repository\org\javassist\javassist\3.18.2-GA\javassist-3.18.2-GA.jar;C:\Users\testinium\.m2\repository\com\google\code\findbugs\annotations\2.0.1\annotations-2.0.1.jar;C:\Users\testinium\.m2\repository\com\github\javaparser\javaparser-core\3.16.3\javaparser-core-3.16.3.jar;C:\Users\testinium\.m2\repository\commons-io\commons-io\2.8.0\commons-io-2.8.0.jar;C:\Users\testinium\.m2\repository\commons-lang\commons-lang\2.6\commons-lang-2.6.jar;C:\Users\testinium\.m2\repository\org\json\json\20210307\json-20210307.jar;C:\Users\testinium\.m2\repository\com\google\protobuf\protobuf-java\3.15.8\protobuf-java-3.15.8.jar;C:\Users\testinium\.m2\repository\com\google\guava\guava\30.1.1-jre\guava-30.1.1-jre.jar;C:\Users\testinium\.m2\repository\com\google\guava\failureaccess\1.0.1\failureaccess-1.0.1.jar;C:\Users\testinium\.m2\repository\com\google\guava\listenablefuture\9999.0-empty-to-avoid-conflict-with-guava\listenablefuture-9999.0-empty-to-avoid-conflict-with-guava.jar;C:\Users\testinium\.m2\repository\com\google\code\findbugs\jsr305\3.0.2\jsr305-3.0.2.jar;C:\Users\testinium\.m2\repository\org\checkerframework\checker-qual\3.8.0\checker-qual-3.8.0.jar;C:\Users\testinium\.m2\repository\com\google\errorprone\error_prone_annotations\2.5.1\error_prone_annotations-2.5.1.jar;C:\Users\testinium\.m2\repository\com\google\j2objc\j2objc-annotations\1.3\j2objc-annotations-1.3.jar;C:\Users\testinium\.m2\repository\io\grpc\grpc-netty-shaded\1.37.0\grpc-netty-shaded-1.37.0.jar;C:\Users\testinium\.m2\repository\io\grpc\grpc-core\1.37.0\grpc-core-1.37.0.jar;C:\Users\testinium\.m2\repository\com\google\android\annotations\4.1.1.4\annotations-4.1.1.4.jar;C:\Users\testinium\.m2\repository\io\perfmark\perfmark-api\0.23.0\perfmark-api-0.23.0.jar;C:\Users\testinium\.m2\repository\io\grpc\grpc-protobuf\1.37.0\grpc-protobuf-1.37.0.jar;C:\Users\testinium\.m2\repository\io\grpc\grpc-api\1.37.0\grpc-api-1.37.0.jar;C:\Users\testinium\.m2\repository\io\grpc\grpc-context\1.37.0\grpc-context-1.37.0.jar;C:\Users\testinium\.m2\repository\com\google\api\grpc\proto-google-common-protos\2.0.1\proto-google-common-protos-2.0.1.jar;C:\Users\testinium\.m2\repository\io\grpc\grpc-protobuf-lite\1.37.0\grpc-protobuf-lite-1.37.0.jar;C:\Users\testinium\.m2\repository\org\codehaus\mojo\animal-sniffer-annotations\1.19\animal-sniffer-annotations-1.19.jar;C:\Users\testinium\.m2\repository\io\grpc\grpc-stub\1.37.0\grpc-stub-1.37.0.jar;C:\Users\testinium\.m2\repository\javax\annotation\javax.annotation-api\1.3.2\javax.annotation-api-1.3.2.jar;C:\Users\testinium\.m2\repository\org\junit\jupiter\junit-jupiter-engine\5.7.0\junit-jupiter-engine-5.7.0.jar;C:\Users\testinium\.m2\repository\org\apiguardian\apiguardian-api\1.1.0\apiguardian-api-1.1.0.jar;C:\Users\testinium\.m2\repository\org\junit\platform\junit-platform-engine\1.7.0\junit-platform-engine-1.7.0.jar;C:\Users\testinium\.m2\repository\org\opentest4j\opentest4j\1.2.0\opentest4j-1.2.0.jar;C:\Users\testinium\.m2\repository\org\junit\platform\junit-platform-commons\1.7.0\junit-platform-commons-1.7.0.jar;C:\Users\testinium\.m2\repository\org\junit\jupiter\junit-jupiter-api\5.7.0\junit-jupiter-api-5.7.0.jar;C:\Users\testinium\.m2\repository\io\appium\java-client\7.3.0\java-client-7.3.0.jar;C:\Users\testinium\.m2\repository\org\seleniumhq\selenium\selenium-java\3.141.59\selenium-java-3.141.59.jar;C:\Users\testinium\.m2\repository\org\seleniumhq\selenium\selenium-chrome-driver\3.141.59\selenium-chrome-driver-3.141.59.jar;C:\Users\testinium\.m2\repository\org\seleniumhq\selenium\selenium-edge-driver\3.141.59\selenium-edge-driver-3.141.59.jar;C:\Users\testinium\.m2\repository\org\seleniumhq\selenium\selenium-firefox-driver\3.141.59\selenium-firefox-driver-3.141.59.jar;C:\Users\testinium\.m2\repository\org\seleniumhq\selenium\selenium-ie-driver\3.141.59\selenium-ie-driver-3.141.59.jar;C:\Users\testinium\.m2\repository\org\seleniumhq\selenium\selenium-opera-driver\3.141.59\selenium-opera-driver-3.141.59.jar;C:\Users\testinium\.m2\repository\org\seleniumhq\selenium\selenium-remote-driver\3.141.59\selenium-remote-driver-3.141.59.jar;C:\Users\testinium\.m2\repository\org\seleniumhq\selenium\selenium-safari-driver\3.141.59\selenium-safari-driver-3.141.59.jar;C:\Users\testinium\.m2\repository\net\bytebuddy\byte-buddy\1.8.15\byte-buddy-1.8.15.jar;C:\Users\testinium\.m2\repository\org\apache\commons\commons-exec\1.3\commons-exec-1.3.jar;C:\Users\testinium\.m2\repository\com\squareup\okhttp3\okhttp\3.11.0\okhttp-3.11.0.jar;C:\Users\testinium\.m2\repository\com\squareup\okio\okio\1.14.0\okio-1.14.0.jar;C:\Users\testinium\.m2\repository\org\seleniumhq\selenium\selenium-support\3.141.59\selenium-support-3.141.59.jar;C:\Users\testinium\.m2\repository\org\seleniumhq\selenium\selenium-api\3.141.59\selenium-api-3.141.59.jar;C:\Users\testinium\.m2\repository\com\google\code\gson\gson\2.8.5\gson-2.8.5.jar;C:\Users\testinium\.m2\repository\org\apache\httpcomponents\httpclient\4.5.9\httpclient-4.5.9.jar;C:\Users\testinium\.m2\repository\org\apache\httpcomponents\httpcore\4.4.11\httpcore-4.4.11.jar;C:\Users\testinium\.m2\repository\commons-logging\commons-logging\1.2\commons-logging-1.2.jar;C:\Users\testinium\.m2\repository\commons-codec\commons-codec\1.11\commons-codec-1.11.jar;C:\Users\testinium\.m2\repository\cglib\cglib\3.2.12\cglib-3.2.12.jar;C:\Users\testinium\.m2\repository\org\ow2\asm\asm\7.1\asm-7.1.jar;C:\Users\testinium\.m2\repository\commons-validator\commons-validator\1.6\commons-validator-1.6.jar;C:\Users\testinium\.m2\repository\commons-beanutils\commons-beanutils\1.9.2\commons-beanutils-1.9.2.jar;C:\Users\testinium\.m2\repository\commons-digester\commons-digester\1.8.1\commons-digester-1.8.1.jar;C:\Users\testinium\.m2\repository\commons-collections\commons-collections\3.2.2\commons-collections-3.2.2.jar;C:\Users\testinium\.m2\repository\org\apache\commons\commons-lang3\3.9\commons-lang3-3.9.jar;C:\Users\testinium\.m2\repository\org\springframework\spring-context\5.1.8.RELEASE\spring-context-5.1.8.RELEASE.jar;C:\Users\testinium\.m2\repository\org\springframework\spring-aop\5.1.8.RELEASE\spring-aop-5.1.8.RELEASE.jar;C:\Users\testinium\.m2\repository\org\springframework\spring-beans\5.1.8.RELEASE\spring-beans-5.1.8.RELEASE.jar;C:\Users\testinium\.m2\repository\org\springframework\spring-core\5.1.8.RELEASE\spring-core-5.1.8.RELEASE.jar;C:\Users\testinium\.m2\repository\org\springframework\spring-jcl\5.1.8.RELEASE\spring-jcl-5.1.8.RELEASE.jar;C:\Users\testinium\.m2\repository\org\springframework\spring-expression\5.1.8.RELEASE\spring-expression-5.1.8.RELEASE.jar;C:\Users\testinium\.m2\repository\org\aspectj\aspectjweaver\1.9.4\aspectjweaver-1.9.4.jar;C:\Users\testinium\.m2\repository\org\slf4j\slf4j-api\1.7.30\slf4j-api-1.7.30.jar;C:\Users\testinium\.m2\repository\org\slf4j\slf4j-log4j12\1.7.30\slf4j-log4j12-1.7.30.jar;C:\Users\testinium\.m2\repository\log4j\log4j\1.2.17\log4j-1.2.17.jar
30-10-2021 18:19:44.877 [java] [DEBUG] found java executable in C:\Program Files\Java\jdk1.8.0_202\jre\bin\java.exe
30-10-2021 18:19:44.877 [java] [DEBUG] running - C:\Program Files\Java\jdk1.8.0_202\jre\bin\java.exe [-Dfile.encoding=UTF-8 com.thoughtworks.gauge.GaugeRuntime --start]
30-10-2021 18:19:44.877 [java] [DEBUG] stdout/stderr is logged to logs\15964-java.exe.out
30-10-2021 18:19:45.119 [java] [DEBUG] multithreading is set to false
30-10-2021 18:19:45.496 [java] [DEBUG] Using reflection to scan dependencies for gauge implementations...
30-10-2021 18:19:46.010 [java] [DEBUG] gauge-java took 891milliseconds to load and scan. This should be less than 'runner_connection_timeout' config value.
30-10-2021 18:19:46.011 [java] [DEBUG] run 'gauge config runner_connection_timeout' and verify that it is < 891
30-10-2021 18:19:46.011 [java] [DEBUG] starting gRPC server...
30-10-2021 18:19:46.486 [java] [DEBUG] started gRPC server on port 52741
30-10-2021 18:19:46.487 [Gauge] [DEBUG] Attempting to connect to grpc server at port: 52741
30-10-2021 18:19:46.637 [Gauge] [DEBUG] Successfully made the connection with runner with port: 52741
30-10-2021 18:19:46.637 [Gauge] [DEBUG] Validation started.
30-10-2021 18:19:46.637 [Gauge] [DEBUG] Validation completed.
30-10-2021 18:19:46.639 [Gauge] [DEBUG] Run started
30-10-2021 18:19:46.640 [Gauge] [DEBUG] Starting Html Report plugin
30-10-2021 18:19:46.666 [Gauge] [DEBUG] Attempting to connect to grpc server at port: 52744
30-10-2021 18:19:46.670 [Gauge] [DEBUG] Successfully made the connection with plugin with port: 52744
30-10-2021 18:19:46.670 [Gauge] [DEBUG] Initialising suite data store.
30-10-2021 18:19:49.192 [java] [DEBUG] Scanning packages for steps
30-10-2021 18:19:49.239 [java] [DEBUG] Comparing 'org.example.StepImplementation.clickElementByid' and 'org.example.StepImplementation.clickElementByid'
30-10-2021 18:19:49.240 [java] [DEBUG] Found {} d'li elemente tkla in current project scope.
30-10-2021 18:19:49.240 [java] [DEBUG] Comparing 'org.example.StepImplementation.clickElementByxpath' and 'org.example.StepImplementation.clickElementByxpath'
30-10-2021 18:19:49.240 [java] [DEBUG] Found {} xpath'li elemente tkla in current project scope.
30-10-2021 18:19:49.240 [java] [DEBUG] Comparing 'org.example.StepImplementation.ScrollRandomPos' and 'org.example.StepImplementation.ScrollRandomPos'
30-10-2021 18:19:49.240 [java] [DEBUG] Found sayfa boyunca scroll et in current project scope.
30-10-2021 18:19:49.240 [java] [DEBUG] Comparing 'org.example.pageS.LoginPage.checkLogin' and 'org.example.pageS.LoginPages$LoginPage.checkLogin'
30-10-2021 18:19:49.240 [java] [DEBUG] Loading Login page dorulamavia reflected sources.
30-10-2021 18:19:49.241 [java] [DEBUG] Comparing 'org.example.StepImplementation.waitSeconds' and 'org.example.StepImplementation.waitSeconds'
30-10-2021 18:19:49.241 [java] [DEBUG] Found {} saniye bekle in current project scope.
30-10-2021 18:19:49.241 [java] [DEBUG] Comparing 'org.example.StepImplementation.SendkeyElementByid' and 'org.example.StepImplementation.SendkeyElementByid'
30-10-2021 18:19:49.241 [java] [DEBUG] Found {} d'li elemente {} deerini yaz in current project scope.
30-10-2021 18:19:49.241 [java] [DEBUG] Comparing 'org.example.StepImplementation.findAllProducts' and 'org.example.StepImplementation.findAllProducts'
30-10-2021 18:19:49.241 [java] [DEBUG] Found {} xpath'te bulunan sayfada grnen tm rnleri bul ve rastgele bir rne tkla in current project scope.
30-10-2021 18:19:49.241 [java] [DEBUG] Comparing 'org.example.pageS.ProductDetailPage.checkProductDetail' and 'org.example.pageS.DetailPages$ProductDetailPage.checkProductDetail'
30-10-2021 18:19:49.242 [java] [DEBUG] Loading Product detail sayfas dorulamavia reflected sources.
30-10-2021 18:19:49.242 [java] [DEBUG] Comparing 'org.example.pageS.ShoppingPage.checkShopping' and 'org.example.pageS.ShoppingPages$ShoppingPage.checkShopping'
30-10-2021 18:19:49.242 [java] [DEBUG] Loading Alveri Sayfas Dorulavia reflected sources.
30-10-2021 18:19:49.242 [java] [DEBUG] Comparing 'org.example.StepImplementation.addToBasket' and 'org.example.StepImplementation.addToBasket'
30-10-2021 18:19:49.242 [java] [DEBUG] Found Sepete ekle in current project scope.
30-10-2021 18:19:49.242 [java] [DEBUG] Comparing 'org.example.pageS.CategoryPage.checkCategoryPage' and 'org.example.pageS.CategoryPage.checkCategoryPage'
30-10-2021 18:19:49.243 [java] [DEBUG] Found Kategori Sayfas Kontrol in current project scope.
30-10-2021 18:19:49.243 [java] [DEBUG] Comparing 'org.example.pageS.WelcomePages.open' and 'org.example.pageS.WelcomePage$WelcomePages.open'
30-10-2021 18:19:49.243 [java] [DEBUG] Loading Al Sayfas Kontrolvia reflected sources.
30-10-2021 18:19:49.243 [java] [DEBUG] Scanning packages for hooks
30-10-2021 18:19:49.252 [java] [DEBUG] Scanned steps (using static parsing + reflections): 
30-10-2021 18:19:49.252 [java] [DEBUG] 	Sepete ekle : public void addToBasket()
30-10-2021 18:19:49.252 [java] [DEBUG] 	{} xpath'li elemente tkla : public void clickElementByxpath(String Key)
30-10-2021 18:19:49.253 [java] [DEBUG] 	Kategori Sayfas Kontrol : public void checkCategoryPage()
30-10-2021 18:19:49.253 [java] [DEBUG] 	Alveri Sayfas Dorula : public void checkShopping()
30-10-2021 18:19:49.253 [java] [DEBUG] 	Al Sayfas Kontrol : public void open()
30-10-2021 18:19:49.253 [java] [DEBUG] 	{} d'li elemente {} deerini yaz : public void SendkeyElementByid(String Key, String keyword)
30-10-2021 18:19:49.253 [java] [DEBUG] 	Product detail sayfas dorulama : public void checkProductDetail()
30-10-2021 18:19:49.253 [java] [DEBUG] 	sayfa boyunca scroll et : public void ScrollRandomPos()
30-10-2021 18:19:49.253 [java] [DEBUG] 	{} saniye bekle : public void waitSeconds(nt seconds)
30-10-2021 18:19:49.253 [java] [DEBUG] 	{} xpath'te bulunan sayfada grnen tm rnleri bul ve rastgele bir rne tkla : public void findAllProducts(String Key)
30-10-2021 18:19:49.253 [java] [DEBUG] 	Login page dorulama : public void checkLogin()
30-10-2021 18:19:49.254 [java] [DEBUG] 	{} d'li elemente tkla : public void clickElementByid(String Key)
30-10-2021 18:19:51.940 [html-report] [DEBUG] Transformed SuiteResult to report structure
30-10-2021 18:19:51.970 [html-report] [INFO] Successfully generated html-report to => C:\Users\testinium\IdeaProjects\Yagmur_Ozdilekteyim\reports\html-report\index.html
30-10-2021 18:19:51.970 [html-report] [DEBUG] Done generating HTML report using theme from C:\Users\testinium\AppData\Roaming\gauge\plugins\html-report\4.0.9\themes\default
30-10-2021 18:19:51.970 [Gauge] [DEBUG] Sending kill message to Html Report plugin.
30-10-2021 18:19:51.972 [java] [DEBUG] Killing Java runner...
30-10-2021 18:19:51.974 [java] [DEBUG] Stopping execution pool...
30-10-2021 18:19:51.975 [java] [DEBUG] Shutting down grpc server...
30-10-2021 18:19:51.982 [java] [DEBUG] Runner killed gracefully.
30-10-2021 18:19:52.682 [Gauge] [DEBUG] Runner with PID:15964 has exited
30-10-2021 18:19:52.682 [Gauge] [INFO] Specifications:	1 executed	0 passed	1 failed	0 skipped
30-10-2021 18:19:52.682 [Gauge] [INFO] Scenarios:	0 executed	0 passed	0 failed	0 skipped
30-10-2021 18:19:52.682 [Gauge] [INFO] 
Total time taken: 5.299s
30-10-2021 18:19:52.683 [Gauge] [INFO] Updates are available. Run `gauge update -c` for more info.
30-10-2021 18:23:50.156 [Gauge] [DEBUG] Created gauge_screenshots_dir at C:\Users\testinium\IdeaProjects\Yagmur_Ozdilekteyim\.gauge\screenshots
30-10-2021 18:23:50.160 [Gauge] [DEBUG] Plugin java is already installed.
30-10-2021 18:23:50.161 [Gauge] [DEBUG] Plugin html-report is already installed.
30-10-2021 18:23:50.162 [Gauge] [DEBUG] Parsing started.
30-10-2021 18:23:50.162 [Gauge] [DEBUG] Started concepts parsing.
30-10-2021 18:23:50.168 [Gauge] [DEBUG] 0 concepts parsing completed.
30-10-2021 18:23:50.168 [Gauge] [DEBUG] Started specifications parsing.
30-10-2021 18:23:50.173 [Gauge] [ERROR] [ParseError] C:\Users\testinium\IdeaProjects\Yagmur_Ozdilekteyim\specs\steps.spec:4 Spec should have atleast one scenario => ''
30-10-2021 18:23:50.173 [Gauge] [ERROR] [ParseError] C:\Users\testinium\IdeaProjects\Yagmur_Ozdilekteyim\specs\steps.spec:14 Multiple spec headings found in same file => '# Kadn kategorisinde pantolon sayfasna git'
30-10-2021 18:23:50.173 [Gauge] [ERROR] [ParseError] C:\Users\testinium\IdeaProjects\Yagmur_Ozdilekteyim\specs\steps.spec:20 Multiple spec headings found in same file => '# ki defa scroll et ve rastgele bir rn se'
30-10-2021 18:23:50.173 [Gauge] [ERROR] [ParseError] C:\Users\testinium\IdeaProjects\Yagmur_Ozdilekteyim\specs\steps.spec:30 Multiple spec headings found in same file => '# Login sayfasnda ilemleri yap'
30-10-2021 18:23:50.173 [Gauge] [ERROR] [ParseError] C:\Users\testinium\IdeaProjects\Yagmur_Ozdilekteyim\specs\steps.spec:38 Multiple spec headings found in same file => '# ki defa geri git'
30-10-2021 18:23:50.173 [Gauge] [ERROR] [ParseError] C:\Users\testinium\IdeaProjects\Yagmur_Ozdilekteyim\specs\steps.spec:44 Multiple spec headings found in same file => '# Rastgele bir rn se ve sepete ekle'
30-10-2021 18:23:50.173 [Gauge] [DEBUG] 1 specifications parsing completed.
30-10-2021 18:23:50.174 [Gauge] [DEBUG] Parsing completed.
30-10-2021 18:23:50.208 [java] [DEBUG] ***** Printing Properties/Env Values *****
30-10-2021 18:23:50.208 [java] [DEBUG] PATH: "C:\Program Files (x86)\Common Files\Oracle\Java\javapath\;C:\Program Files\Java\jdk1.8.0_202\\bin;C:\Program Files\Java\jdk1.8.0_202\bin\";C:\WINDOWS\system32;C:\WINDOWS;C:\WINDOWS\System32\Wbem;C:\WINDOWS\System32\WindowsPowerShell\v1.0\;C:\WINDOWS\System32\OpenSSH\;C:\Program Files\nodejs\;C:\Program Files\maven\apache-maven-3.6.3\bin;C:\Program Files\Java\jdk1.8.0_202\\bin;C:\Program Files\Git\cmd;";%!A(MISSING)NDROID_HOME\tools%!"(MISSING);";%!A(MISSING)NDROID_HOME\platform-tools%!"(MISSING);";%!A(MISSING)NDROID_HOME\build-tools%!"(MISSING);C:\Program Files\Gauge\bin;C:\Program Files (x86)\Micro Focus\Unified Functional Testing\bin;C:\Program Files\Android\sdk\platform-tools;C:\Program Files\Android\sdk\build-tools;C:\Program Files\Android\sdk\tools;C:\Program Files\Android\sdk\build-tools\29.0.2;C:\Program Files\Android\sdk\tools\bin;C:\Users\testinium\AppData\Local\Microsoft\WindowsApps;C:\Users\testinium\AppData\Roaming\npm;C:\Users\testinium\AppData\Roaming\gauge\plugins\screenshot\0.0.1
30-10-2021 18:23:50.209 [java] [DEBUG] JAVA_HOME: C:\Program Files\Java\jdk1.8.0_202\
30-10-2021 18:23:50.209 [java] [DEBUG] gauge_project_root: C:\Users\testinium\IdeaProjects\Yagmur_Ozdilekteyim
30-10-2021 18:23:50.209 [java] [DEBUG] gauge_parallel_streams_count: 
30-10-2021 18:23:50.209 [java] [DEBUG] gauge_reports_dir: reports
30-10-2021 18:23:50.209 [java] [DEBUG] overwrite_reports: true
30-10-2021 18:23:50.209 [java] [DEBUG] logs_directory: logs
30-10-2021 18:23:50.209 [java] [DEBUG] enable_multithreading: false
30-10-2021 18:23:50.209 [java] [DEBUG] gauge_specs_dir: specs
30-10-2021 18:23:50.209 [java] [DEBUG] csv_delimiter: ,
30-10-2021 18:23:50.210 [java] [DEBUG] gauge_java_home: 
30-10-2021 18:23:50.210 [java] [DEBUG] gauge_custom_build_path: 
30-10-2021 18:23:50.210 [java] [DEBUG] gauge_additional_libs: libs/*
30-10-2021 18:23:50.210 [java] [DEBUG] gauge_jvm_args: 
30-10-2021 18:23:50.210 [java] [DEBUG] gauge_custom_compile_dir: 
30-10-2021 18:23:50.210 [java] [DEBUG] gauge_clear_state_level: scenario
30-10-2021 18:23:50.210 [java] [DEBUG] ***** END *****
30-10-2021 18:23:50.458 [Gauge] [DEBUG] Checking updates...
30-10-2021 18:23:50.461 [Gauge] [DEBUG] Downloading https://downloads.gauge.org/plugin/html-report?l=java&p=html-report,java,screenshot,spectacle,xml-report&o=windows&a=amd64
30-10-2021 18:23:50.821 [Gauge] [DEBUG] Downloading https://downloads.gauge.org/plugin/java?l=java&p=html-report,java,screenshot,spectacle,xml-report&o=windows&a=amd64
30-10-2021 18:23:50.952 [Gauge] [DEBUG] Downloading https://downloads.gauge.org/plugin/screenshot?l=java&p=html-report,java,screenshot,spectacle,xml-report&o=windows&a=amd64
30-10-2021 18:23:51.120 [Gauge] [DEBUG] Downloading https://downloads.gauge.org/plugin/spectacle?l=java&p=html-report,java,screenshot,spectacle,xml-report&o=windows&a=amd64
30-10-2021 18:23:51.310 [Gauge] [DEBUG] Downloading https://downloads.gauge.org/plugin/xml-report?l=java&p=html-report,java,screenshot,spectacle,xml-report&o=windows&a=amd64
30-10-2021 18:23:54.718 [java] [DEBUG] classpath set to C:\Program Files\Java\jdk1.8.0_202\jre\lib\charsets.jar;C:\Program Files\Java\jdk1.8.0_202\jre\lib\deploy.jar;C:\Program Files\Java\jdk1.8.0_202\jre\lib\ext\access-bridge-64.jar;C:\Program Files\Java\jdk1.8.0_202\jre\lib\ext\cldrdata.jar;C:\Program Files\Java\jdk1.8.0_202\jre\lib\ext\dnsns.jar;C:\Program Files\Java\jdk1.8.0_202\jre\lib\ext\jaccess.jar;C:\Program Files\Java\jdk1.8.0_202\jre\lib\ext\jfxrt.jar;C:\Program Files\Java\jdk1.8.0_202\jre\lib\ext\localedata.jar;C:\Program Files\Java\jdk1.8.0_202\jre\lib\ext\nashorn.jar;C:\Program Files\Java\jdk1.8.0_202\jre\lib\ext\sunec.jar;C:\Program Files\Java\jdk1.8.0_202\jre\lib\ext\sunjce_provider.jar;C:\Program Files\Java\jdk1.8.0_202\jre\lib\ext\sunmscapi.jar;C:\Program Files\Java\jdk1.8.0_202\jre\lib\ext\sunpkcs11.jar;C:\Program Files\Java\jdk1.8.0_202\jre\lib\ext\zipfs.jar;C:\Program Files\Java\jdk1.8.0_202\jre\lib\javaws.jar;C:\Program Files\Java\jdk1.8.0_202\jre\lib\jce.jar;C:\Program Files\Java\jdk1.8.0_202\jre\lib\jfr.jar;C:\Program Files\Java\jdk1.8.0_202\jre\lib\jfxswt.jar;C:\Program Files\Java\jdk1.8.0_202\jre\lib\jsse.jar;C:\Program Files\Java\jdk1.8.0_202\jre\lib\management-agent.jar;C:\Program Files\Java\jdk1.8.0_202\jre\lib\plugin.jar;C:\Program Files\Java\jdk1.8.0_202\jre\lib\resources.jar;C:\Program Files\Java\jdk1.8.0_202\jre\lib\rt.jar;C:\Users\testinium\IdeaProjects\Yagmur_Ozdilekteyim\target\test-classes;C:\Users\testinium\.m2\repository\com\thoughtworks\gauge\gauge-java\0.7.15\gauge-java-0.7.15.jar;C:\Users\testinium\.m2\repository\org\assertj\assertj-core\3.19.0\assertj-core-3.19.0.jar;C:\Users\testinium\.m2\repository\org\reflections\reflections\0.9.9\reflections-0.9.9.jar;C:\Users\testinium\.m2\repository\org\javassist\javassist\3.18.2-GA\javassist-3.18.2-GA.jar;C:\Users\testinium\.m2\repository\com\google\code\findbugs\annotations\2.0.1\annotations-2.0.1.jar;C:\Users\testinium\.m2\repository\com\github\javaparser\javaparser-core\3.16.3\javaparser-core-3.16.3.jar;C:\Users\testinium\.m2\repository\commons-io\commons-io\2.8.0\commons-io-2.8.0.jar;C:\Users\testinium\.m2\repository\commons-lang\commons-lang\2.6\commons-lang-2.6.jar;C:\Users\testinium\.m2\repository\org\json\json\20210307\json-20210307.jar;C:\Users\testinium\.m2\repository\com\google\protobuf\protobuf-java\3.15.8\protobuf-java-3.15.8.jar;C:\Users\testinium\.m2\repository\com\google\guava\guava\30.1.1-jre\guava-30.1.1-jre.jar;C:\Users\testinium\.m2\repository\com\google\guava\failureaccess\1.0.1\failureaccess-1.0.1.jar;C:\Users\testinium\.m2\repository\com\google\guava\listenablefuture\9999.0-empty-to-avoid-conflict-with-guava\listenablefuture-9999.0-empty-to-avoid-conflict-with-guava.jar;C:\Users\testinium\.m2\repository\com\google\code\findbugs\jsr305\3.0.2\jsr305-3.0.2.jar;C:\Users\testinium\.m2\repository\org\checkerframework\checker-qual\3.8.0\checker-qual-3.8.0.jar;C:\Users\testinium\.m2\repository\com\google\errorprone\error_prone_annotations\2.5.1\error_prone_annotations-2.5.1.jar;C:\Users\testinium\.m2\repository\com\google\j2objc\j2objc-annotations\1.3\j2objc-annotations-1.3.jar;C:\Users\testinium\.m2\repository\io\grpc\grpc-netty-shaded\1.37.0\grpc-netty-shaded-1.37.0.jar;C:\Users\testinium\.m2\repository\io\grpc\grpc-core\1.37.0\grpc-core-1.37.0.jar;C:\Users\testinium\.m2\repository\com\google\android\annotations\4.1.1.4\annotations-4.1.1.4.jar;C:\Users\testinium\.m2\repository\io\perfmark\perfmark-api\0.23.0\perfmark-api-0.23.0.jar;C:\Users\testinium\.m2\repository\io\grpc\grpc-protobuf\1.37.0\grpc-protobuf-1.37.0.jar;C:\Users\testinium\.m2\repository\io\grpc\grpc-api\1.37.0\grpc-api-1.37.0.jar;C:\Users\testinium\.m2\repository\io\grpc\grpc-context\1.37.0\grpc-context-1.37.0.jar;C:\Users\testinium\.m2\repository\com\google\api\grpc\proto-google-common-protos\2.0.1\proto-google-common-protos-2.0.1.jar;C:\Users\testinium\.m2\repository\io\grpc\grpc-protobuf-lite\1.37.0\grpc-protobuf-lite-1.37.0.jar;C:\Users\testinium\.m2\repository\org\codehaus\mojo\animal-sniffer-annotations\1.19\animal-sniffer-annotations-1.19.jar;C:\Users\testinium\.m2\repository\io\grpc\grpc-stub\1.37.0\grpc-stub-1.37.0.jar;C:\Users\testinium\.m2\repository\javax\annotation\javax.annotation-api\1.3.2\javax.annotation-api-1.3.2.jar;C:\Users\testinium\.m2\repository\org\junit\jupiter\junit-jupiter-engine\5.7.0\junit-jupiter-engine-5.7.0.jar;C:\Users\testinium\.m2\repository\org\apiguardian\apiguardian-api\1.1.0\apiguardian-api-1.1.0.jar;C:\Users\testinium\.m2\repository\org\junit\platform\junit-platform-engine\1.7.0\junit-platform-engine-1.7.0.jar;C:\Users\testinium\.m2\repository\org\opentest4j\opentest4j\1.2.0\opentest4j-1.2.0.jar;C:\Users\testinium\.m2\repository\org\junit\platform\junit-platform-commons\1.7.0\junit-platform-commons-1.7.0.jar;C:\Users\testinium\.m2\repository\org\junit\jupiter\junit-jupiter-api\5.7.0\junit-jupiter-api-5.7.0.jar;C:\Users\testinium\.m2\repository\io\appium\java-client\7.3.0\java-client-7.3.0.jar;C:\Users\testinium\.m2\repository\org\seleniumhq\selenium\selenium-java\3.141.59\selenium-java-3.141.59.jar;C:\Users\testinium\.m2\repository\org\seleniumhq\selenium\selenium-chrome-driver\3.141.59\selenium-chrome-driver-3.141.59.jar;C:\Users\testinium\.m2\repository\org\seleniumhq\selenium\selenium-edge-driver\3.141.59\selenium-edge-driver-3.141.59.jar;C:\Users\testinium\.m2\repository\org\seleniumhq\selenium\selenium-firefox-driver\3.141.59\selenium-firefox-driver-3.141.59.jar;C:\Users\testinium\.m2\repository\org\seleniumhq\selenium\selenium-ie-driver\3.141.59\selenium-ie-driver-3.141.59.jar;C:\Users\testinium\.m2\repository\org\seleniumhq\selenium\selenium-opera-driver\3.141.59\selenium-opera-driver-3.141.59.jar;C:\Users\testinium\.m2\repository\org\seleniumhq\selenium\selenium-remote-driver\3.141.59\selenium-remote-driver-3.141.59.jar;C:\Users\testinium\.m2\repository\org\seleniumhq\selenium\selenium-safari-driver\3.141.59\selenium-safari-driver-3.141.59.jar;C:\Users\testinium\.m2\repository\net\bytebuddy\byte-buddy\1.8.15\byte-buddy-1.8.15.jar;C:\Users\testinium\.m2\repository\org\apache\commons\commons-exec\1.3\commons-exec-1.3.jar;C:\Users\testinium\.m2\repository\com\squareup\okhttp3\okhttp\3.11.0\okhttp-3.11.0.jar;C:\Users\testinium\.m2\repository\com\squareup\okio\okio\1.14.0\okio-1.14.0.jar;C:\Users\testinium\.m2\repository\org\seleniumhq\selenium\selenium-support\3.141.59\selenium-support-3.141.59.jar;C:\Users\testinium\.m2\repository\org\seleniumhq\selenium\selenium-api\3.141.59\selenium-api-3.141.59.jar;C:\Users\testinium\.m2\repository\com\google\code\gson\gson\2.8.5\gson-2.8.5.jar;C:\Users\testinium\.m2\repository\org\apache\httpcomponents\httpclient\4.5.9\httpclient-4.5.9.jar;C:\Users\testinium\.m2\repository\org\apache\httpcomponents\httpcore\4.4.11\httpcore-4.4.11.jar;C:\Users\testinium\.m2\repository\commons-logging\commons-logging\1.2\commons-logging-1.2.jar;C:\Users\testinium\.m2\repository\commons-codec\commons-codec\1.11\commons-codec-1.11.jar;C:\Users\testinium\.m2\repository\cglib\cglib\3.2.12\cglib-3.2.12.jar;C:\Users\testinium\.m2\repository\org\ow2\asm\asm\7.1\asm-7.1.jar;C:\Users\testinium\.m2\repository\commons-validator\commons-validator\1.6\commons-validator-1.6.jar;C:\Users\testinium\.m2\repository\commons-beanutils\commons-beanutils\1.9.2\commons-beanutils-1.9.2.jar;C:\Users\testinium\.m2\repository\commons-digester\commons-digester\1.8.1\commons-digester-1.8.1.jar;C:\Users\testinium\.m2\repository\commons-collections\commons-collections\3.2.2\commons-collections-3.2.2.jar;C:\Users\testinium\.m2\repository\org\apache\commons\commons-lang3\3.9\commons-lang3-3.9.jar;C:\Users\testinium\.m2\repository\org\springframework\spring-context\5.1.8.RELEASE\spring-context-5.1.8.RELEASE.jar;C:\Users\testinium\.m2\repository\org\springframework\spring-aop\5.1.8.RELEASE\spring-aop-5.1.8.RELEASE.jar;C:\Users\testinium\.m2\repository\org\springframework\spring-beans\5.1.8.RELEASE\spring-beans-5.1.8.RELEASE.jar;C:\Users\testinium\.m2\repository\org\springframework\spring-core\5.1.8.RELEASE\spring-core-5.1.8.RELEASE.jar;C:\Users\testinium\.m2\repository\org\springframework\spring-jcl\5.1.8.RELEASE\spring-jcl-5.1.8.RELEASE.jar;C:\Users\testinium\.m2\repository\org\springframework\spring-expression\5.1.8.RELEASE\spring-expression-5.1.8.RELEASE.jar;C:\Users\testinium\.m2\repository\org\aspectj\aspectjweaver\1.9.4\aspectjweaver-1.9.4.jar;C:\Users\testinium\.m2\repository\org\slf4j\slf4j-api\1.7.30\slf4j-api-1.7.30.jar;C:\Users\testinium\.m2\repository\org\slf4j\slf4j-log4j12\1.7.30\slf4j-log4j12-1.7.30.jar;C:\Users\testinium\.m2\repository\log4j\log4j\1.2.17\log4j-1.2.17.jar
30-10-2021 18:23:54.850 [java] [DEBUG] found java executable in C:\Program Files\Java\jdk1.8.0_202\jre\bin\java.exe
30-10-2021 18:23:54.850 [java] [DEBUG] running - C:\Program Files\Java\jdk1.8.0_202\jre\bin\java.exe [-Dfile.encoding=UTF-8 com.thoughtworks.gauge.GaugeRuntime --start]
30-10-2021 18:23:54.850 [java] [DEBUG] stdout/stderr is logged to logs\15332-java.exe.out
30-10-2021 18:23:55.086 [java] [DEBUG] multithreading is set to false
30-10-2021 18:23:55.476 [java] [DEBUG] Using reflection to scan dependencies for gauge implementations...
30-10-2021 18:23:56.033 [java] [DEBUG] gauge-java took 947milliseconds to load and scan. This should be less than 'runner_connection_timeout' config value.
30-10-2021 18:23:56.033 [java] [DEBUG] run 'gauge config runner_connection_timeout' and verify that it is < 947
30-10-2021 18:23:56.033 [java] [DEBUG] starting gRPC server...
30-10-2021 18:23:56.468 [java] [DEBUG] started gRPC server on port 52864
30-10-2021 18:23:56.469 [Gauge] [DEBUG] Attempting to connect to grpc server at port: 52864
30-10-2021 18:23:56.619 [Gauge] [DEBUG] Successfully made the connection with runner with port: 52864
30-10-2021 18:23:56.619 [Gauge] [DEBUG] Validation started.
30-10-2021 18:23:59.293 [java] [DEBUG] Scanning packages for steps
30-10-2021 18:23:59.360 [java] [DEBUG] Comparing 'org.example.StepImplementation.clickElementByid' and 'org.example.StepImplementation.clickElementByid'
30-10-2021 18:23:59.360 [java] [DEBUG] Found {} d'li elemente tkla in current project scope.
30-10-2021 18:23:59.360 [java] [DEBUG] Comparing 'org.example.StepImplementation.clickElementByxpath' and 'org.example.StepImplementation.clickElementByxpath'
30-10-2021 18:23:59.360 [java] [DEBUG] Found {} xpath'li elemente tkla in current project scope.
30-10-2021 18:23:59.361 [java] [DEBUG] Comparing 'org.example.StepImplementation.ScrollRandomPos' and 'org.example.StepImplementation.ScrollRandomPos'
30-10-2021 18:23:59.362 [java] [DEBUG] Found sayfa boyunca scroll et in current project scope.
30-10-2021 18:23:59.362 [java] [DEBUG] Comparing 'org.example.pageS.LoginPage.checkLogin' and 'org.example.pageS.LoginPages$LoginPage.checkLogin'
30-10-2021 18:23:59.362 [java] [DEBUG] Loading Login page dorulamavia reflected sources.
30-10-2021 18:23:59.363 [java] [DEBUG] Comparing 'org.example.StepImplementation.waitSeconds' and 'org.example.StepImplementation.waitSeconds'
30-10-2021 18:23:59.363 [java] [DEBUG] Found {} saniye bekle in current project scope.
30-10-2021 18:23:59.363 [java] [DEBUG] Comparing 'org.example.StepImplementation.SendkeyElementByid' and 'org.example.StepImplementation.SendkeyElementByid'
30-10-2021 18:23:59.363 [java] [DEBUG] Found {} d'li elemente {} deerini yaz in current project scope.
30-10-2021 18:23:59.364 [java] [DEBUG] Comparing 'org.example.StepImplementation.findAllProducts' and 'org.example.StepImplementation.findAllProducts'
30-10-2021 18:23:59.364 [java] [DEBUG] Found {} xpath'te bulunan sayfada grnen tm rnleri bul ve rastgele bir rne tkla in current project scope.
30-10-2021 18:23:59.364 [java] [DEBUG] Comparing 'org.example.pageS.ProductDetailPage.checkProductDetail' and 'org.example.pageS.DetailPages$ProductDetailPage.checkProductDetail'
30-10-2021 18:23:59.364 [java] [DEBUG] Loading Product detail sayfas dorulamavia reflected sources.
30-10-2021 18:23:59.364 [java] [DEBUG] Comparing 'org.example.pageS.ShoppingPage.checkShopping' and 'org.example.pageS.ShoppingPages$ShoppingPage.checkShopping'
30-10-2021 18:23:59.364 [java] [DEBUG] Loading Alveri Sayfas Dorulavia reflected sources.
30-10-2021 18:23:59.364 [java] [DEBUG] Comparing 'org.example.StepImplementation.addToBasket' and 'org.example.StepImplementation.addToBasket'
30-10-2021 18:23:59.364 [java] [DEBUG] Found Sepete ekle in current project scope.
30-10-2021 18:23:59.365 [java] [DEBUG] Comparing 'org.example.pageS.CategoryPage.checkCategoryPage' and 'org.example.pageS.CategoryPage.checkCategoryPage'
30-10-2021 18:23:59.365 [java] [DEBUG] Found Kategori Sayfas Kontrol in current project scope.
30-10-2021 18:23:59.365 [java] [DEBUG] Comparing 'org.example.pageS.WelcomePages.open' and 'org.example.pageS.WelcomePage$WelcomePages.open'
30-10-2021 18:23:59.365 [java] [DEBUG] Loading Al Sayfas Kontrolvia reflected sources.
30-10-2021 18:23:59.365 [java] [DEBUG] Scanning packages for hooks
30-10-2021 18:23:59.374 [java] [DEBUG] Scanned steps (using static parsing + reflections): 
30-10-2021 18:23:59.374 [java] [DEBUG] 	Sepete ekle : public void addToBasket()
30-10-2021 18:23:59.374 [java] [DEBUG] 	{} xpath'li elemente tkla : public void clickElementByxpath(String Key)
30-10-2021 18:23:59.374 [java] [DEBUG] 	Kategori Sayfas Kontrol : public void checkCategoryPage()
30-10-2021 18:23:59.374 [java] [DEBUG] 	Alveri Sayfas Dorula : public void checkShopping()
30-10-2021 18:23:59.374 [java] [DEBUG] 	Al Sayfas Kontrol : public void open()
30-10-2021 18:23:59.375 [java] [DEBUG] 	{} d'li elemente {} deerini yaz : public void SendkeyElementByid(String Key, String keyword)
30-10-2021 18:23:59.375 [java] [DEBUG] 	Product detail sayfas dorulama : public void checkProductDetail()
30-10-2021 18:23:59.375 [java] [DEBUG] 	sayfa boyunca scroll et : public void ScrollRandomPos()
30-10-2021 18:23:59.375 [java] [DEBUG] 	{} saniye bekle : public void waitSeconds(nt seconds)
30-10-2021 18:23:59.375 [java] [DEBUG] 	{} xpath'te bulunan sayfada grnen tm rnleri bul ve rastgele bir rne tkla : public void findAllProducts(String Key)
30-10-2021 18:23:59.375 [java] [DEBUG] 	Login page dorulama : public void checkLogin()
30-10-2021 18:23:59.375 [java] [DEBUG] 	{} d'li elemente tkla : public void clickElementByid(String Key)
30-10-2021 18:24:22.806 [Gauge] [DEBUG] Created gauge_screenshots_dir at C:\Users\testinium\IdeaProjects\Yagmur_Ozdilekteyim\.gauge\screenshots
30-10-2021 18:24:22.810 [Gauge] [DEBUG] Plugin java is already installed.
30-10-2021 18:24:22.813 [Gauge] [DEBUG] Plugin html-report is already installed.
30-10-2021 18:24:22.815 [Gauge] [DEBUG] Parsing started.
30-10-2021 18:24:22.815 [Gauge] [DEBUG] Started concepts parsing.
30-10-2021 18:24:22.821 [Gauge] [DEBUG] 6 concepts parsing completed.
30-10-2021 18:24:22.821 [Gauge] [DEBUG] Started specifications parsing.
30-10-2021 18:24:22.824 [Gauge] [DEBUG] 1 specifications parsing completed.
30-10-2021 18:24:22.824 [Gauge] [DEBUG] Parsing completed.
30-10-2021 18:24:22.856 [java] [DEBUG] ***** Printing Properties/Env Values *****
30-10-2021 18:24:22.856 [java] [DEBUG] PATH: "C:\Program Files (x86)\Common Files\Oracle\Java\javapath\;C:\Program Files\Java\jdk1.8.0_202\\bin;C:\Program Files\Java\jdk1.8.0_202\bin\";C:\WINDOWS\system32;C:\WINDOWS;C:\WINDOWS\System32\Wbem;C:\WINDOWS\System32\WindowsPowerShell\v1.0\;C:\WINDOWS\System32\OpenSSH\;C:\Program Files\nodejs\;C:\Program Files\maven\apache-maven-3.6.3\bin;C:\Program Files\Java\jdk1.8.0_202\\bin;C:\Program Files\Git\cmd;";%!A(MISSING)NDROID_HOME\tools%!"(MISSING);";%!A(MISSING)NDROID_HOME\platform-tools%!"(MISSING);";%!A(MISSING)NDROID_HOME\build-tools%!"(MISSING);C:\Program Files\Gauge\bin;C:\Program Files (x86)\Micro Focus\Unified Functional Testing\bin;C:\Program Files\Android\sdk\platform-tools;C:\Program Files\Android\sdk\build-tools;C:\Program Files\Android\sdk\tools;C:\Program Files\Android\sdk\build-tools\29.0.2;C:\Program Files\Android\sdk\tools\bin;C:\Users\testinium\AppData\Local\Microsoft\WindowsApps;C:\Users\testinium\AppData\Roaming\npm;C:\Users\testinium\AppData\Roaming\gauge\plugins\screenshot\0.0.1
30-10-2021 18:24:22.856 [java] [DEBUG] JAVA_HOME: C:\Program Files\Java\jdk1.8.0_202\
30-10-2021 18:24:22.856 [java] [DEBUG] gauge_project_root: C:\Users\testinium\IdeaProjects\Yagmur_Ozdilekteyim
30-10-2021 18:24:22.856 [java] [DEBUG] gauge_parallel_streams_count: 
30-10-2021 18:24:22.856 [java] [DEBUG] gauge_reports_dir: reports
30-10-2021 18:24:22.856 [java] [DEBUG] overwrite_reports: true
30-10-2021 18:24:22.856 [java] [DEBUG] logs_directory: logs
30-10-2021 18:24:22.856 [java] [DEBUG] enable_multithreading: false
30-10-2021 18:24:22.856 [java] [DEBUG] gauge_specs_dir: specs
30-10-2021 18:24:22.856 [java] [DEBUG] csv_delimiter: ,
30-10-2021 18:24:22.856 [java] [DEBUG] gauge_java_home: 
30-10-2021 18:24:22.856 [java] [DEBUG] gauge_custom_build_path: 
30-10-2021 18:24:22.856 [java] [DEBUG] gauge_additional_libs: libs/*
30-10-2021 18:24:22.856 [java] [DEBUG] gauge_jvm_args: 
30-10-2021 18:24:22.856 [java] [DEBUG] gauge_custom_compile_dir: 
30-10-2021 18:24:22.856 [java] [DEBUG] gauge_clear_state_level: scenario
30-10-2021 18:24:22.856 [java] [DEBUG] ***** END *****
30-10-2021 18:24:23.181 [Gauge] [DEBUG] Checking updates...
30-10-2021 18:24:23.182 [Gauge] [DEBUG] Downloading https://downloads.gauge.org/plugin/html-report?l=java&p=html-report,java,screenshot,spectacle,xml-report&o=windows&a=amd64
30-10-2021 18:24:23.628 [Gauge] [DEBUG] Downloading https://downloads.gauge.org/plugin/java?l=java&p=html-report,java,screenshot,spectacle,xml-report&o=windows&a=amd64
30-10-2021 18:24:23.810 [Gauge] [DEBUG] Downloading https://downloads.gauge.org/plugin/screenshot?l=java&p=html-report,java,screenshot,spectacle,xml-report&o=windows&a=amd64
30-10-2021 18:24:23.996 [Gauge] [DEBUG] Downloading https://downloads.gauge.org/plugin/spectacle?l=java&p=html-report,java,screenshot,spectacle,xml-report&o=windows&a=amd64
30-10-2021 18:24:24.210 [Gauge] [DEBUG] Downloading https://downloads.gauge.org/plugin/xml-report?l=java&p=html-report,java,screenshot,spectacle,xml-report&o=windows&a=amd64
30-10-2021 18:24:26.943 [java] [DEBUG] classpath set to C:\Program Files\Java\jdk1.8.0_202\jre\lib\charsets.jar;C:\Program Files\Java\jdk1.8.0_202\jre\lib\deploy.jar;C:\Program Files\Java\jdk1.8.0_202\jre\lib\ext\access-bridge-64.jar;C:\Program Files\Java\jdk1.8.0_202\jre\lib\ext\cldrdata.jar;C:\Program Files\Java\jdk1.8.0_202\jre\lib\ext\dnsns.jar;C:\Program Files\Java\jdk1.8.0_202\jre\lib\ext\jaccess.jar;C:\Program Files\Java\jdk1.8.0_202\jre\lib\ext\jfxrt.jar;C:\Program Files\Java\jdk1.8.0_202\jre\lib\ext\localedata.jar;C:\Program Files\Java\jdk1.8.0_202\jre\lib\ext\nashorn.jar;C:\Program Files\Java\jdk1.8.0_202\jre\lib\ext\sunec.jar;C:\Program Files\Java\jdk1.8.0_202\jre\lib\ext\sunjce_provider.jar;C:\Program Files\Java\jdk1.8.0_202\jre\lib\ext\sunmscapi.jar;C:\Program Files\Java\jdk1.8.0_202\jre\lib\ext\sunpkcs11.jar;C:\Program Files\Java\jdk1.8.0_202\jre\lib\ext\zipfs.jar;C:\Program Files\Java\jdk1.8.0_202\jre\lib\javaws.jar;C:\Program Files\Java\jdk1.8.0_202\jre\lib\jce.jar;C:\Program Files\Java\jdk1.8.0_202\jre\lib\jfr.jar;C:\Program Files\Java\jdk1.8.0_202\jre\lib\jfxswt.jar;C:\Program Files\Java\jdk1.8.0_202\jre\lib\jsse.jar;C:\Program Files\Java\jdk1.8.0_202\jre\lib\management-agent.jar;C:\Program Files\Java\jdk1.8.0_202\jre\lib\plugin.jar;C:\Program Files\Java\jdk1.8.0_202\jre\lib\resources.jar;C:\Program Files\Java\jdk1.8.0_202\jre\lib\rt.jar;C:\Users\testinium\IdeaProjects\Yagmur_Ozdilekteyim\target\test-classes;C:\Users\testinium\.m2\repository\com\thoughtworks\gauge\gauge-java\0.7.15\gauge-java-0.7.15.jar;C:\Users\testinium\.m2\repository\org\assertj\assertj-core\3.19.0\assertj-core-3.19.0.jar;C:\Users\testinium\.m2\repository\org\reflections\reflections\0.9.9\reflections-0.9.9.jar;C:\Users\testinium\.m2\repository\org\javassist\javassist\3.18.2-GA\javassist-3.18.2-GA.jar;C:\Users\testinium\.m2\repository\com\google\code\findbugs\annotations\2.0.1\annotations-2.0.1.jar;C:\Users\testinium\.m2\repository\com\github\javaparser\javaparser-core\3.16.3\javaparser-core-3.16.3.jar;C:\Users\testinium\.m2\repository\commons-io\commons-io\2.8.0\commons-io-2.8.0.jar;C:\Users\testinium\.m2\repository\commons-lang\commons-lang\2.6\commons-lang-2.6.jar;C:\Users\testinium\.m2\repository\org\json\json\20210307\json-20210307.jar;C:\Users\testinium\.m2\repository\com\google\protobuf\protobuf-java\3.15.8\protobuf-java-3.15.8.jar;C:\Users\testinium\.m2\repository\com\google\guava\guava\30.1.1-jre\guava-30.1.1-jre.jar;C:\Users\testinium\.m2\repository\com\google\guava\failureaccess\1.0.1\failureaccess-1.0.1.jar;C:\Users\testinium\.m2\repository\com\google\guava\listenablefuture\9999.0-empty-to-avoid-conflict-with-guava\listenablefuture-9999.0-empty-to-avoid-conflict-with-guava.jar;C:\Users\testinium\.m2\repository\com\google\code\findbugs\jsr305\3.0.2\jsr305-3.0.2.jar;C:\Users\testinium\.m2\repository\org\checkerframework\checker-qual\3.8.0\checker-qual-3.8.0.jar;C:\Users\testinium\.m2\repository\com\google\errorprone\error_prone_annotations\2.5.1\error_prone_annotations-2.5.1.jar;C:\Users\testinium\.m2\repository\com\google\j2objc\j2objc-annotations\1.3\j2objc-annotations-1.3.jar;C:\Users\testinium\.m2\repository\io\grpc\grpc-netty-shaded\1.37.0\grpc-netty-shaded-1.37.0.jar;C:\Users\testinium\.m2\repository\io\grpc\grpc-core\1.37.0\grpc-core-1.37.0.jar;C:\Users\testinium\.m2\repository\com\google\android\annotations\4.1.1.4\annotations-4.1.1.4.jar;C:\Users\testinium\.m2\repository\io\perfmark\perfmark-api\0.23.0\perfmark-api-0.23.0.jar;C:\Users\testinium\.m2\repository\io\grpc\grpc-protobuf\1.37.0\grpc-protobuf-1.37.0.jar;C:\Users\testinium\.m2\repository\io\grpc\grpc-api\1.37.0\grpc-api-1.37.0.jar;C:\Users\testinium\.m2\repository\io\grpc\grpc-context\1.37.0\grpc-context-1.37.0.jar;C:\Users\testinium\.m2\repository\com\google\api\grpc\proto-google-common-protos\2.0.1\proto-google-common-protos-2.0.1.jar;C:\Users\testinium\.m2\repository\io\grpc\grpc-protobuf-lite\1.37.0\grpc-protobuf-lite-1.37.0.jar;C:\Users\testinium\.m2\repository\org\codehaus\mojo\animal-sniffer-annotations\1.19\animal-sniffer-annotations-1.19.jar;C:\Users\testinium\.m2\repository\io\grpc\grpc-stub\1.37.0\grpc-stub-1.37.0.jar;C:\Users\testinium\.m2\repository\javax\annotation\javax.annotation-api\1.3.2\javax.annotation-api-1.3.2.jar;C:\Users\testinium\.m2\repository\org\junit\jupiter\junit-jupiter-engine\5.7.0\junit-jupiter-engine-5.7.0.jar;C:\Users\testinium\.m2\repository\org\apiguardian\apiguardian-api\1.1.0\apiguardian-api-1.1.0.jar;C:\Users\testinium\.m2\repository\org\junit\platform\junit-platform-engine\1.7.0\junit-platform-engine-1.7.0.jar;C:\Users\testinium\.m2\repository\org\opentest4j\opentest4j\1.2.0\opentest4j-1.2.0.jar;C:\Users\testinium\.m2\repository\org\junit\platform\junit-platform-commons\1.7.0\junit-platform-commons-1.7.0.jar;C:\Users\testinium\.m2\repository\org\junit\jupiter\junit-jupiter-api\5.7.0\junit-jupiter-api-5.7.0.jar;C:\Users\testinium\.m2\repository\io\appium\java-client\7.3.0\java-client-7.3.0.jar;C:\Users\testinium\.m2\repository\org\seleniumhq\selenium\selenium-java\3.141.59\selenium-java-3.141.59.jar;C:\Users\testinium\.m2\repository\org\seleniumhq\selenium\selenium-chrome-driver\3.141.59\selenium-chrome-driver-3.141.59.jar;C:\Users\testinium\.m2\repository\org\seleniumhq\selenium\selenium-edge-driver\3.141.59\selenium-edge-driver-3.141.59.jar;C:\Users\testinium\.m2\repository\org\seleniumhq\selenium\selenium-firefox-driver\3.141.59\selenium-firefox-driver-3.141.59.jar;C:\Users\testinium\.m2\repository\org\seleniumhq\selenium\selenium-ie-driver\3.141.59\selenium-ie-driver-3.141.59.jar;C:\Users\testinium\.m2\repository\org\seleniumhq\selenium\selenium-opera-driver\3.141.59\selenium-opera-driver-3.141.59.jar;C:\Users\testinium\.m2\repository\org\seleniumhq\selenium\selenium-remote-driver\3.141.59\selenium-remote-driver-3.141.59.jar;C:\Users\testinium\.m2\repository\org\seleniumhq\selenium\selenium-safari-driver\3.141.59\selenium-safari-driver-3.141.59.jar;C:\Users\testinium\.m2\repository\net\bytebuddy\byte-buddy\1.8.15\byte-buddy-1.8.15.jar;C:\Users\testinium\.m2\repository\org\apache\commons\commons-exec\1.3\commons-exec-1.3.jar;C:\Users\testinium\.m2\repository\com\squareup\okhttp3\okhttp\3.11.0\okhttp-3.11.0.jar;C:\Users\testinium\.m2\repository\com\squareup\okio\okio\1.14.0\okio-1.14.0.jar;C:\Users\testinium\.m2\repository\org\seleniumhq\selenium\selenium-support\3.141.59\selenium-support-3.141.59.jar;C:\Users\testinium\.m2\repository\org\seleniumhq\selenium\selenium-api\3.141.59\selenium-api-3.141.59.jar;C:\Users\testinium\.m2\repository\com\google\code\gson\gson\2.8.5\gson-2.8.5.jar;C:\Users\testinium\.m2\repository\org\apache\httpcomponents\httpclient\4.5.9\httpclient-4.5.9.jar;C:\Users\testinium\.m2\repository\org\apache\httpcomponents\httpcore\4.4.11\httpcore-4.4.11.jar;C:\Users\testinium\.m2\repository\commons-logging\commons-logging\1.2\commons-logging-1.2.jar;C:\Users\testinium\.m2\repository\commons-codec\commons-codec\1.11\commons-codec-1.11.jar;C:\Users\testinium\.m2\repository\cglib\cglib\3.2.12\cglib-3.2.12.jar;C:\Users\testinium\.m2\repository\org\ow2\asm\asm\7.1\asm-7.1.jar;C:\Users\testinium\.m2\repository\commons-validator\commons-validator\1.6\commons-validator-1.6.jar;C:\Users\testinium\.m2\repository\commons-beanutils\commons-beanutils\1.9.2\commons-beanutils-1.9.2.jar;C:\Users\testinium\.m2\repository\commons-digester\commons-digester\1.8.1\commons-digester-1.8.1.jar;C:\Users\testinium\.m2\repository\commons-collections\commons-collections\3.2.2\commons-collections-3.2.2.jar;C:\Users\testinium\.m2\repository\org\apache\commons\commons-lang3\3.9\commons-lang3-3.9.jar;C:\Users\testinium\.m2\repository\org\springframework\spring-context\5.1.8.RELEASE\spring-context-5.1.8.RELEASE.jar;C:\Users\testinium\.m2\repository\org\springframework\spring-aop\5.1.8.RELEASE\spring-aop-5.1.8.RELEASE.jar;C:\Users\testinium\.m2\repository\org\springframework\spring-beans\5.1.8.RELEASE\spring-beans-5.1.8.RELEASE.jar;C:\Users\testinium\.m2\repository\org\springframework\spring-core\5.1.8.RELEASE\spring-core-5.1.8.RELEASE.jar;C:\Users\testinium\.m2\repository\org\springframework\spring-jcl\5.1.8.RELEASE\spring-jcl-5.1.8.RELEASE.jar;C:\Users\testinium\.m2\repository\org\springframework\spring-expression\5.1.8.RELEASE\spring-expression-5.1.8.RELEASE.jar;C:\Users\testinium\.m2\repository\org\aspectj\aspectjweaver\1.9.4\aspectjweaver-1.9.4.jar;C:\Users\testinium\.m2\repository\org\slf4j\slf4j-api\1.7.30\slf4j-api-1.7.30.jar;C:\Users\testinium\.m2\repository\org\slf4j\slf4j-log4j12\1.7.30\slf4j-log4j12-1.7.30.jar;C:\Users\testinium\.m2\repository\log4j\log4j\1.2.17\log4j-1.2.17.jar
30-10-2021 18:24:27.025 [java] [DEBUG] found java executable in C:\Program Files\Java\jdk1.8.0_202\jre\bin\java.exe
30-10-2021 18:24:27.026 [java] [DEBUG] running - C:\Program Files\Java\jdk1.8.0_202\jre\bin\java.exe [-Dfile.encoding=UTF-8 com.thoughtworks.gauge.GaugeRuntime --start]
30-10-2021 18:24:27.026 [java] [DEBUG] stdout/stderr is logged to logs\8036-java.exe.out
30-10-2021 18:24:27.286 [java] [DEBUG] multithreading is set to false
30-10-2021 18:24:27.711 [java] [DEBUG] Using reflection to scan dependencies for gauge implementations...
30-10-2021 18:24:28.234 [java] [DEBUG] gauge-java took 948milliseconds to load and scan. This should be less than 'runner_connection_timeout' config value.
30-10-2021 18:24:28.234 [java] [DEBUG] run 'gauge config runner_connection_timeout' and verify that it is < 948
30-10-2021 18:24:28.234 [java] [DEBUG] starting gRPC server...
30-10-2021 18:24:28.674 [java] [DEBUG] started gRPC server on port 52911
30-10-2021 18:24:28.675 [Gauge] [DEBUG] Attempting to connect to grpc server at port: 52911
30-10-2021 18:24:28.872 [Gauge] [DEBUG] Successfully made the connection with runner with port: 52911
30-10-2021 18:24:28.873 [Gauge] [DEBUG] Validation started.
30-10-2021 18:24:32.338 [java] [DEBUG] Scanning packages for steps
30-10-2021 18:24:32.425 [java] [DEBUG] Comparing 'org.example.StepImplementation.clickElementByid' and 'org.example.StepImplementation.clickElementByid'
30-10-2021 18:24:32.425 [java] [DEBUG] Found {} d'li elemente tkla in current project scope.
30-10-2021 18:24:32.426 [java] [DEBUG] Comparing 'org.example.StepImplementation.clickElementByxpath' and 'org.example.StepImplementation.clickElementByxpath'
30-10-2021 18:24:32.426 [java] [DEBUG] Found {} xpath'li elemente tkla in current project scope.
30-10-2021 18:24:32.426 [java] [DEBUG] Comparing 'org.example.StepImplementation.ScrollRandomPos' and 'org.example.StepImplementation.ScrollRandomPos'
30-10-2021 18:24:32.426 [java] [DEBUG] Found sayfa boyunca scroll et in current project scope.
30-10-2021 18:24:32.428 [java] [DEBUG] Comparing 'org.example.pageS.LoginPage.checkLogin' and 'org.example.pageS.LoginPages$LoginPage.checkLogin'
30-10-2021 18:24:32.428 [java] [DEBUG] Loading Login page dorulamavia reflected sources.
30-10-2021 18:24:32.429 [java] [DEBUG] Comparing 'org.example.StepImplementation.waitSeconds' and 'org.example.StepImplementation.waitSeconds'
30-10-2021 18:24:32.429 [java] [DEBUG] Found {} saniye bekle in current project scope.
30-10-2021 18:24:32.430 [java] [DEBUG] Comparing 'org.example.StepImplementation.SendkeyElementByid' and 'org.example.StepImplementation.SendkeyElementByid'
30-10-2021 18:24:32.430 [java] [DEBUG] Found {} d'li elemente {} deerini yaz in current project scope.
30-10-2021 18:24:32.430 [java] [DEBUG] Comparing 'org.example.StepImplementation.findAllProducts' and 'org.example.StepImplementation.findAllProducts'
30-10-2021 18:24:32.430 [java] [DEBUG] Found {} xpath'te bulunan sayfada grnen tm rnleri bul ve rastgele bir rne tkla in current project scope.
30-10-2021 18:24:32.430 [java] [DEBUG] Comparing 'org.example.pageS.ProductDetailPage.checkProductDetail' and 'org.example.pageS.DetailPages$ProductDetailPage.checkProductDetail'
30-10-2021 18:24:32.430 [java] [DEBUG] Loading Product detail sayfas dorulamavia reflected sources.
30-10-2021 18:24:32.432 [java] [DEBUG] Comparing 'org.example.pageS.ShoppingPage.checkShopping' and 'org.example.pageS.ShoppingPages$ShoppingPage.checkShopping'
30-10-2021 18:24:32.432 [java] [DEBUG] Loading Alveri Sayfas Dorulavia reflected sources.
30-10-2021 18:24:32.432 [java] [DEBUG] Comparing 'org.example.StepImplementation.addToBasket' and 'org.example.StepImplementation.addToBasket'
30-10-2021 18:24:32.432 [java] [DEBUG] Found Sepete ekle in current project scope.
30-10-2021 18:24:32.432 [java] [DEBUG] Comparing 'org.example.pageS.CategoryPage.checkCategoryPage' and 'org.example.pageS.CategoryPage.checkCategoryPage'
30-10-2021 18:24:32.432 [java] [DEBUG] Found Kategori Sayfas Kontrol in current project scope.
30-10-2021 18:24:32.432 [java] [DEBUG] Comparing 'org.example.pageS.WelcomePages.open' and 'org.example.pageS.WelcomePage$WelcomePages.open'
30-10-2021 18:24:32.432 [java] [DEBUG] Loading Al Sayfas Kontrolvia reflected sources.
30-10-2021 18:24:32.432 [java] [DEBUG] Scanning packages for hooks
30-10-2021 18:24:32.450 [java] [DEBUG] Scanned steps (using static parsing + reflections): 
30-10-2021 18:24:32.451 [java] [DEBUG] 	Sepete ekle : public void addToBasket()
30-10-2021 18:24:32.451 [java] [DEBUG] 	{} xpath'li elemente tkla : public void clickElementByxpath(String Key)
30-10-2021 18:24:32.451 [java] [DEBUG] 	Kategori Sayfas Kontrol : public void checkCategoryPage()
30-10-2021 18:24:32.451 [java] [DEBUG] 	Alveri Sayfas Dorula : public void checkShopping()
30-10-2021 18:24:32.451 [java] [DEBUG] 	Al Sayfas Kontrol : public void open()
30-10-2021 18:24:32.451 [java] [DEBUG] 	{} d'li elemente {} deerini yaz : public void SendkeyElementByid(String Key, String keyword)
30-10-2021 18:24:32.451 [java] [DEBUG] 	Product detail sayfas dorulama : public void checkProductDetail()
30-10-2021 18:24:32.451 [java] [DEBUG] 	sayfa boyunca scroll et : public void ScrollRandomPos()
30-10-2021 18:24:32.451 [java] [DEBUG] 	{} saniye bekle : public void waitSeconds(nt seconds)
30-10-2021 18:24:32.451 [java] [DEBUG] 	{} xpath'te bulunan sayfada grnen tm rnleri bul ve rastgele bir rne tkla : public void findAllProducts(String Key)
30-10-2021 18:24:32.451 [java] [DEBUG] 	Login page dorulama : public void checkLogin()
30-10-2021 18:24:32.451 [java] [DEBUG] 	{} d'li elemente tkla : public void clickElementByid(String Key)
30-10-2021 18:24:38.182 [Gauge] [ERROR] [ValidationError] C:\Users\testinium\IdeaProjects\Yagmur_Ozdilekteyim\specs\steps.cpt:6 Duplicate step implementation => 'Al Sayfas Kontrol'
30-10-2021 18:24:38.182 [Gauge] [ERROR] [ValidationError] C:\Users\testinium\IdeaProjects\Yagmur_Ozdilekteyim\specs\steps.cpt:9 Duplicate step implementation => 'Alveri Sayfas Dorula'
30-10-2021 18:24:38.182 [Gauge] [ERROR] [ValidationError] C:\Users\testinium\IdeaProjects\Yagmur_Ozdilekteyim\specs\steps.cpt:27 Duplicate step implementation => 'Product detail sayfas dorulama'
30-10-2021 18:24:38.182 [Gauge] [ERROR] [ValidationError] C:\Users\testinium\IdeaProjects\Yagmur_Ozdilekteyim\specs\steps.cpt:31 Duplicate step implementation => 'Login page dorulama'
30-10-2021 18:24:38.184 [Gauge] [DEBUG] Run started
30-10-2021 18:24:38.187 [Gauge] [DEBUG] Starting Html Report plugin
30-10-2021 18:24:38.214 [Gauge] [DEBUG] Attempting to connect to grpc server at port: 52916
30-10-2021 18:24:38.215 [Gauge] [DEBUG] Successfully made the connection with plugin with port: 52916
30-10-2021 18:24:38.216 [Gauge] [DEBUG] Initialising suite data store.
30-10-2021 18:24:38.277 [html-report] [DEBUG] Transformed SuiteResult to report structure
30-10-2021 18:24:38.322 [html-report] [INFO] Successfully generated html-report to => C:\Users\testinium\IdeaProjects\Yagmur_Ozdilekteyim\reports\html-report\index.html
30-10-2021 18:24:38.322 [html-report] [DEBUG] Done generating HTML report using theme from C:\Users\testinium\AppData\Roaming\gauge\plugins\html-report\4.0.9\themes\default
30-10-2021 18:24:38.322 [Gauge] [DEBUG] Sending kill message to Html Report plugin.
30-10-2021 18:24:38.325 [java] [DEBUG] Killing Java runner...
30-10-2021 18:24:38.326 [java] [DEBUG] Stopping execution pool...
30-10-2021 18:24:38.327 [java] [DEBUG] Shutting down grpc server...
30-10-2021 18:24:38.342 [java] [DEBUG] Runner killed gracefully.
30-10-2021 18:24:39.041 [Gauge] [DEBUG] Runner with PID:8036 has exited
30-10-2021 18:24:39.041 [Gauge] [INFO] Specifications:	0 executed	0 passed	0 failed	1 skipped
30-10-2021 18:24:39.041 [Gauge] [INFO] Scenarios:	0 executed	0 passed	0 failed	1 skipped
30-10-2021 18:24:39.041 [Gauge] [INFO] 
Total time taken: 91ms
30-10-2021 18:24:39.042 [Gauge] [INFO] Updates are available. Run `gauge update -c` for more info.
30-10-2021 18:25:53.287 [Gauge] [DEBUG] Created gauge_screenshots_dir at C:\Users\testinium\IdeaProjects\Yagmur_Ozdilekteyim\.gauge\screenshots
30-10-2021 18:25:53.289 [Gauge] [DEBUG] Plugin java is already installed.
30-10-2021 18:25:53.290 [Gauge] [DEBUG] Plugin html-report is already installed.
30-10-2021 18:25:53.290 [Gauge] [DEBUG] Parsing started.
30-10-2021 18:25:53.290 [Gauge] [DEBUG] Started concepts parsing.
30-10-2021 18:25:53.297 [Gauge] [DEBUG] 6 concepts parsing completed.
30-10-2021 18:25:53.297 [Gauge] [DEBUG] Started specifications parsing.
30-10-2021 18:25:53.298 [Gauge] [DEBUG] 1 specifications parsing completed.
30-10-2021 18:25:53.298 [Gauge] [DEBUG] Parsing completed.
30-10-2021 18:25:53.324 [java] [DEBUG] ***** Printing Properties/Env Values *****
30-10-2021 18:25:53.324 [java] [DEBUG] PATH: "C:\Program Files (x86)\Common Files\Oracle\Java\javapath\;C:\Program Files\Java\jdk1.8.0_202\\bin;C:\Program Files\Java\jdk1.8.0_202\bin\";C:\WINDOWS\system32;C:\WINDOWS;C:\WINDOWS\System32\Wbem;C:\WINDOWS\System32\WindowsPowerShell\v1.0\;C:\WINDOWS\System32\OpenSSH\;C:\Program Files\nodejs\;C:\Program Files\maven\apache-maven-3.6.3\bin;C:\Program Files\Java\jdk1.8.0_202\\bin;C:\Program Files\Git\cmd;";%!A(MISSING)NDROID_HOME\tools%!"(MISSING);";%!A(MISSING)NDROID_HOME\platform-tools%!"(MISSING);";%!A(MISSING)NDROID_HOME\build-tools%!"(MISSING);C:\Program Files\Gauge\bin;C:\Program Files (x86)\Micro Focus\Unified Functional Testing\bin;C:\Program Files\Android\sdk\platform-tools;C:\Program Files\Android\sdk\build-tools;C:\Program Files\Android\sdk\tools;C:\Program Files\Android\sdk\build-tools\29.0.2;C:\Program Files\Android\sdk\tools\bin;C:\Users\testinium\AppData\Local\Microsoft\WindowsApps;C:\Users\testinium\AppData\Roaming\npm;C:\Users\testinium\AppData\Roaming\gauge\plugins\screenshot\0.0.1
30-10-2021 18:25:53.324 [java] [DEBUG] JAVA_HOME: C:\Program Files\Java\jdk1.8.0_202\
30-10-2021 18:25:53.324 [java] [DEBUG] gauge_project_root: C:\Users\testinium\IdeaProjects\Yagmur_Ozdilekteyim
30-10-2021 18:25:53.324 [java] [DEBUG] gauge_parallel_streams_count: 
30-10-2021 18:25:53.324 [java] [DEBUG] gauge_reports_dir: reports
30-10-2021 18:25:53.324 [java] [DEBUG] overwrite_reports: true
30-10-2021 18:25:53.324 [java] [DEBUG] logs_directory: logs
30-10-2021 18:25:53.324 [java] [DEBUG] enable_multithreading: false
30-10-2021 18:25:53.324 [java] [DEBUG] gauge_specs_dir: specs
30-10-2021 18:25:53.324 [java] [DEBUG] csv_delimiter: ,
30-10-2021 18:25:53.324 [java] [DEBUG] gauge_java_home: 
30-10-2021 18:25:53.324 [java] [DEBUG] gauge_custom_build_path: 
30-10-2021 18:25:53.324 [java] [DEBUG] gauge_additional_libs: libs/*
30-10-2021 18:25:53.324 [java] [DEBUG] gauge_jvm_args: 
30-10-2021 18:25:53.324 [java] [DEBUG] gauge_custom_compile_dir: 
30-10-2021 18:25:53.324 [java] [DEBUG] gauge_clear_state_level: scenario
30-10-2021 18:25:53.324 [java] [DEBUG] ***** END *****
30-10-2021 18:25:53.563 [Gauge] [DEBUG] Checking updates...
30-10-2021 18:25:53.565 [Gauge] [DEBUG] Downloading https://downloads.gauge.org/plugin/html-report?l=java&p=html-report,java,screenshot,spectacle,xml-report&o=windows&a=amd64
30-10-2021 18:25:53.980 [Gauge] [DEBUG] Downloading https://downloads.gauge.org/plugin/java?l=java&p=html-report,java,screenshot,spectacle,xml-report&o=windows&a=amd64
30-10-2021 18:25:54.138 [Gauge] [DEBUG] Downloading https://downloads.gauge.org/plugin/screenshot?l=java&p=html-report,java,screenshot,spectacle,xml-report&o=windows&a=amd64
30-10-2021 18:25:54.331 [Gauge] [DEBUG] Downloading https://downloads.gauge.org/plugin/spectacle?l=java&p=html-report,java,screenshot,spectacle,xml-report&o=windows&a=amd64
30-10-2021 18:25:54.538 [Gauge] [DEBUG] Downloading https://downloads.gauge.org/plugin/xml-report?l=java&p=html-report,java,screenshot,spectacle,xml-report&o=windows&a=amd64
30-10-2021 18:25:57.438 [java] [DEBUG] classpath set to C:\Program Files\Java\jdk1.8.0_202\jre\lib\charsets.jar;C:\Program Files\Java\jdk1.8.0_202\jre\lib\deploy.jar;C:\Program Files\Java\jdk1.8.0_202\jre\lib\ext\access-bridge-64.jar;C:\Program Files\Java\jdk1.8.0_202\jre\lib\ext\cldrdata.jar;C:\Program Files\Java\jdk1.8.0_202\jre\lib\ext\dnsns.jar;C:\Program Files\Java\jdk1.8.0_202\jre\lib\ext\jaccess.jar;C:\Program Files\Java\jdk1.8.0_202\jre\lib\ext\jfxrt.jar;C:\Program Files\Java\jdk1.8.0_202\jre\lib\ext\localedata.jar;C:\Program Files\Java\jdk1.8.0_202\jre\lib\ext\nashorn.jar;C:\Program Files\Java\jdk1.8.0_202\jre\lib\ext\sunec.jar;C:\Program Files\Java\jdk1.8.0_202\jre\lib\ext\sunjce_provider.jar;C:\Program Files\Java\jdk1.8.0_202\jre\lib\ext\sunmscapi.jar;C:\Program Files\Java\jdk1.8.0_202\jre\lib\ext\sunpkcs11.jar;C:\Program Files\Java\jdk1.8.0_202\jre\lib\ext\zipfs.jar;C:\Program Files\Java\jdk1.8.0_202\jre\lib\javaws.jar;C:\Program Files\Java\jdk1.8.0_202\jre\lib\jce.jar;C:\Program Files\Java\jdk1.8.0_202\jre\lib\jfr.jar;C:\Program Files\Java\jdk1.8.0_202\jre\lib\jfxswt.jar;C:\Program Files\Java\jdk1.8.0_202\jre\lib\jsse.jar;C:\Program Files\Java\jdk1.8.0_202\jre\lib\management-agent.jar;C:\Program Files\Java\jdk1.8.0_202\jre\lib\plugin.jar;C:\Program Files\Java\jdk1.8.0_202\jre\lib\resources.jar;C:\Program Files\Java\jdk1.8.0_202\jre\lib\rt.jar;C:\Users\testinium\IdeaProjects\Yagmur_Ozdilekteyim\target\test-classes;C:\Users\testinium\.m2\repository\com\thoughtworks\gauge\gauge-java\0.7.15\gauge-java-0.7.15.jar;C:\Users\testinium\.m2\repository\org\assertj\assertj-core\3.19.0\assertj-core-3.19.0.jar;C:\Users\testinium\.m2\repository\org\reflections\reflections\0.9.9\reflections-0.9.9.jar;C:\Users\testinium\.m2\repository\org\javassist\javassist\3.18.2-GA\javassist-3.18.2-GA.jar;C:\Users\testinium\.m2\repository\com\google\code\findbugs\annotations\2.0.1\annotations-2.0.1.jar;C:\Users\testinium\.m2\repository\com\github\javaparser\javaparser-core\3.16.3\javaparser-core-3.16.3.jar;C:\Users\testinium\.m2\repository\commons-io\commons-io\2.8.0\commons-io-2.8.0.jar;C:\Users\testinium\.m2\repository\commons-lang\commons-lang\2.6\commons-lang-2.6.jar;C:\Users\testinium\.m2\repository\org\json\json\20210307\json-20210307.jar;C:\Users\testinium\.m2\repository\com\google\protobuf\protobuf-java\3.15.8\protobuf-java-3.15.8.jar;C:\Users\testinium\.m2\repository\com\google\guava\guava\30.1.1-jre\guava-30.1.1-jre.jar;C:\Users\testinium\.m2\repository\com\google\guava\failureaccess\1.0.1\failureaccess-1.0.1.jar;C:\Users\testinium\.m2\repository\com\google\guava\listenablefuture\9999.0-empty-to-avoid-conflict-with-guava\listenablefuture-9999.0-empty-to-avoid-conflict-with-guava.jar;C:\Users\testinium\.m2\repository\com\google\code\findbugs\jsr305\3.0.2\jsr305-3.0.2.jar;C:\Users\testinium\.m2\repository\org\checkerframework\checker-qual\3.8.0\checker-qual-3.8.0.jar;C:\Users\testinium\.m2\repository\com\google\errorprone\error_prone_annotations\2.5.1\error_prone_annotations-2.5.1.jar;C:\Users\testinium\.m2\repository\com\google\j2objc\j2objc-annotations\1.3\j2objc-annotations-1.3.jar;C:\Users\testinium\.m2\repository\io\grpc\grpc-netty-shaded\1.37.0\grpc-netty-shaded-1.37.0.jar;C:\Users\testinium\.m2\repository\io\grpc\grpc-core\1.37.0\grpc-core-1.37.0.jar;C:\Users\testinium\.m2\repository\com\google\android\annotations\4.1.1.4\annotations-4.1.1.4.jar;C:\Users\testinium\.m2\repository\io\perfmark\perfmark-api\0.23.0\perfmark-api-0.23.0.jar;C:\Users\testinium\.m2\repository\io\grpc\grpc-protobuf\1.37.0\grpc-protobuf-1.37.0.jar;C:\Users\testinium\.m2\repository\io\grpc\grpc-api\1.37.0\grpc-api-1.37.0.jar;C:\Users\testinium\.m2\repository\io\grpc\grpc-context\1.37.0\grpc-context-1.37.0.jar;C:\Users\testinium\.m2\repository\com\google\api\grpc\proto-google-common-protos\2.0.1\proto-google-common-protos-2.0.1.jar;C:\Users\testinium\.m2\repository\io\grpc\grpc-protobuf-lite\1.37.0\grpc-protobuf-lite-1.37.0.jar;C:\Users\testinium\.m2\repository\org\codehaus\mojo\animal-sniffer-annotations\1.19\animal-sniffer-annotations-1.19.jar;C:\Users\testinium\.m2\repository\io\grpc\grpc-stub\1.37.0\grpc-stub-1.37.0.jar;C:\Users\testinium\.m2\repository\javax\annotation\javax.annotation-api\1.3.2\javax.annotation-api-1.3.2.jar;C:\Users\testinium\.m2\repository\org\junit\jupiter\junit-jupiter-engine\5.7.0\junit-jupiter-engine-5.7.0.jar;C:\Users\testinium\.m2\repository\org\apiguardian\apiguardian-api\1.1.0\apiguardian-api-1.1.0.jar;C:\Users\testinium\.m2\repository\org\junit\platform\junit-platform-engine\1.7.0\junit-platform-engine-1.7.0.jar;C:\Users\testinium\.m2\repository\org\opentest4j\opentest4j\1.2.0\opentest4j-1.2.0.jar;C:\Users\testinium\.m2\repository\org\junit\platform\junit-platform-commons\1.7.0\junit-platform-commons-1.7.0.jar;C:\Users\testinium\.m2\repository\org\junit\jupiter\junit-jupiter-api\5.7.0\junit-jupiter-api-5.7.0.jar;C:\Users\testinium\.m2\repository\io\appium\java-client\7.3.0\java-client-7.3.0.jar;C:\Users\testinium\.m2\repository\org\seleniumhq\selenium\selenium-java\3.141.59\selenium-java-3.141.59.jar;C:\Users\testinium\.m2\repository\org\seleniumhq\selenium\selenium-chrome-driver\3.141.59\selenium-chrome-driver-3.141.59.jar;C:\Users\testinium\.m2\repository\org\seleniumhq\selenium\selenium-edge-driver\3.141.59\selenium-edge-driver-3.141.59.jar;C:\Users\testinium\.m2\repository\org\seleniumhq\selenium\selenium-firefox-driver\3.141.59\selenium-firefox-driver-3.141.59.jar;C:\Users\testinium\.m2\repository\org\seleniumhq\selenium\selenium-ie-driver\3.141.59\selenium-ie-driver-3.141.59.jar;C:\Users\testinium\.m2\repository\org\seleniumhq\selenium\selenium-opera-driver\3.141.59\selenium-opera-driver-3.141.59.jar;C:\Users\testinium\.m2\repository\org\seleniumhq\selenium\selenium-remote-driver\3.141.59\selenium-remote-driver-3.141.59.jar;C:\Users\testinium\.m2\repository\org\seleniumhq\selenium\selenium-safari-driver\3.141.59\selenium-safari-driver-3.141.59.jar;C:\Users\testinium\.m2\repository\net\bytebuddy\byte-buddy\1.8.15\byte-buddy-1.8.15.jar;C:\Users\testinium\.m2\repository\org\apache\commons\commons-exec\1.3\commons-exec-1.3.jar;C:\Users\testinium\.m2\repository\com\squareup\okhttp3\okhttp\3.11.0\okhttp-3.11.0.jar;C:\Users\testinium\.m2\repository\com\squareup\okio\okio\1.14.0\okio-1.14.0.jar;C:\Users\testinium\.m2\repository\org\seleniumhq\selenium\selenium-support\3.141.59\selenium-support-3.141.59.jar;C:\Users\testinium\.m2\repository\org\seleniumhq\selenium\selenium-api\3.141.59\selenium-api-3.141.59.jar;C:\Users\testinium\.m2\repository\com\google\code\gson\gson\2.8.5\gson-2.8.5.jar;C:\Users\testinium\.m2\repository\org\apache\httpcomponents\httpclient\4.5.9\httpclient-4.5.9.jar;C:\Users\testinium\.m2\repository\org\apache\httpcomponents\httpcore\4.4.11\httpcore-4.4.11.jar;C:\Users\testinium\.m2\repository\commons-logging\commons-logging\1.2\commons-logging-1.2.jar;C:\Users\testinium\.m2\repository\commons-codec\commons-codec\1.11\commons-codec-1.11.jar;C:\Users\testinium\.m2\repository\cglib\cglib\3.2.12\cglib-3.2.12.jar;C:\Users\testinium\.m2\repository\org\ow2\asm\asm\7.1\asm-7.1.jar;C:\Users\testinium\.m2\repository\commons-validator\commons-validator\1.6\commons-validator-1.6.jar;C:\Users\testinium\.m2\repository\commons-beanutils\commons-beanutils\1.9.2\commons-beanutils-1.9.2.jar;C:\Users\testinium\.m2\repository\commons-digester\commons-digester\1.8.1\commons-digester-1.8.1.jar;C:\Users\testinium\.m2\repository\commons-collections\commons-collections\3.2.2\commons-collections-3.2.2.jar;C:\Users\testinium\.m2\repository\org\apache\commons\commons-lang3\3.9\commons-lang3-3.9.jar;C:\Users\testinium\.m2\repository\org\springframework\spring-context\5.1.8.RELEASE\spring-context-5.1.8.RELEASE.jar;C:\Users\testinium\.m2\repository\org\springframework\spring-aop\5.1.8.RELEASE\spring-aop-5.1.8.RELEASE.jar;C:\Users\testinium\.m2\repository\org\springframework\spring-beans\5.1.8.RELEASE\spring-beans-5.1.8.RELEASE.jar;C:\Users\testinium\.m2\repository\org\springframework\spring-core\5.1.8.RELEASE\spring-core-5.1.8.RELEASE.jar;C:\Users\testinium\.m2\repository\org\springframework\spring-jcl\5.1.8.RELEASE\spring-jcl-5.1.8.RELEASE.jar;C:\Users\testinium\.m2\repository\org\springframework\spring-expression\5.1.8.RELEASE\spring-expression-5.1.8.RELEASE.jar;C:\Users\testinium\.m2\repository\org\aspectj\aspectjweaver\1.9.4\aspectjweaver-1.9.4.jar;C:\Users\testinium\.m2\repository\org\slf4j\slf4j-api\1.7.30\slf4j-api-1.7.30.jar;C:\Users\testinium\.m2\repository\org\slf4j\slf4j-log4j12\1.7.30\slf4j-log4j12-1.7.30.jar;C:\Users\testinium\.m2\repository\log4j\log4j\1.2.17\log4j-1.2.17.jar
30-10-2021 18:25:57.514 [java] [DEBUG] found java executable in C:\Program Files\Java\jdk1.8.0_202\jre\bin\java.exe
30-10-2021 18:25:57.514 [java] [DEBUG] running - C:\Program Files\Java\jdk1.8.0_202\jre\bin\java.exe [-Dfile.encoding=UTF-8 com.thoughtworks.gauge.GaugeRuntime --start]
30-10-2021 18:25:57.514 [java] [DEBUG] stdout/stderr is logged to logs\4700-java.exe.out
30-10-2021 18:25:57.745 [java] [DEBUG] multithreading is set to false
30-10-2021 18:25:58.138 [java] [DEBUG] Using reflection to scan dependencies for gauge implementations...
30-10-2021 18:25:58.683 [java] [DEBUG] gauge-java took 937milliseconds to load and scan. This should be less than 'runner_connection_timeout' config value.
30-10-2021 18:25:58.683 [java] [DEBUG] run 'gauge config runner_connection_timeout' and verify that it is < 937
30-10-2021 18:25:58.683 [java] [DEBUG] starting gRPC server...
30-10-2021 18:25:59.122 [java] [DEBUG] started gRPC server on port 52962
30-10-2021 18:25:59.123 [Gauge] [DEBUG] Attempting to connect to grpc server at port: 52962
30-10-2021 18:25:59.326 [Gauge] [DEBUG] Successfully made the connection with runner with port: 52962
30-10-2021 18:25:59.326 [Gauge] [DEBUG] Validation started.
30-10-2021 18:26:02.853 [java] [DEBUG] Scanning packages for steps
30-10-2021 18:26:02.984 [java] [DEBUG] Comparing 'org.example.StepImplementation.clickElementByid' and 'org.example.StepImplementation.clickElementByid'
30-10-2021 18:26:02.985 [java] [DEBUG] Found {} d'li elemente tkla in current project scope.
30-10-2021 18:26:02.985 [java] [DEBUG] Comparing 'org.example.StepImplementation.clickElementByxpath' and 'org.example.StepImplementation.clickElementByxpath'
30-10-2021 18:26:02.985 [java] [DEBUG] Found {} xpath'li elemente tkla in current project scope.
30-10-2021 18:26:02.986 [java] [DEBUG] Comparing 'org.example.StepImplementation.ScrollRandomPos' and 'org.example.StepImplementation.ScrollRandomPos'
30-10-2021 18:26:02.986 [java] [DEBUG] Found sayfa boyunca scroll et in current project scope.
30-10-2021 18:26:02.986 [java] [DEBUG] Comparing 'org.example.pageS.LoginPage.checkLogin' and 'org.example.pageS.LoginPages$LoginPage.checkLogin'
30-10-2021 18:26:02.987 [java] [DEBUG] Loading Login page dorulamavia reflected sources.
30-10-2021 18:26:02.990 [java] [DEBUG] Comparing 'org.example.StepImplementation.waitSeconds' and 'org.example.StepImplementation.waitSeconds'
30-10-2021 18:26:02.990 [java] [DEBUG] Found {} saniye bekle in current project scope.
30-10-2021 18:26:02.990 [java] [DEBUG] Comparing 'org.example.StepImplementation.SendkeyElementByid' and 'org.example.StepImplementation.SendkeyElementByid'
30-10-2021 18:26:02.990 [java] [DEBUG] Found {} d'li elemente {} deerini yaz in current project scope.
30-10-2021 18:26:02.991 [java] [DEBUG] Comparing 'org.example.StepImplementation.findAllProducts' and 'org.example.StepImplementation.findAllProducts'
30-10-2021 18:26:02.991 [java] [DEBUG] Found {} xpath'te bulunan sayfada grnen tm rnleri bul ve rastgele bir rne tkla in current project scope.
30-10-2021 18:26:02.991 [java] [DEBUG] Comparing 'org.example.pageS.ProductDetailPage.checkProductDetail' and 'org.example.pageS.DetailPages$ProductDetailPage.checkProductDetail'
30-10-2021 18:26:02.991 [java] [DEBUG] Loading Product detail sayfas dorulamavia reflected sources.
30-10-2021 18:26:02.992 [java] [DEBUG] Comparing 'org.example.pageS.ShoppingPage.checkShopping' and 'org.example.pageS.ShoppingPages$ShoppingPage.checkShopping'
30-10-2021 18:26:02.992 [java] [DEBUG] Loading Alveri Sayfas Dorulavia reflected sources.
30-10-2021 18:26:02.992 [java] [DEBUG] Comparing 'org.example.StepImplementation.addToBasket' and 'org.example.StepImplementation.addToBasket'
30-10-2021 18:26:02.992 [java] [DEBUG] Found Sepete ekle in current project scope.
30-10-2021 18:26:02.992 [java] [DEBUG] Comparing 'org.example.pageS.CategoryPage.checkCategoryPage' and 'org.example.pageS.CategoryPage.checkCategoryPage'
30-10-2021 18:26:02.992 [java] [DEBUG] Found Kategori Sayfas Kontrol in current project scope.
30-10-2021 18:26:02.993 [java] [DEBUG] Comparing 'org.example.pageS.WelcomePages.open' and 'org.example.pageS.WelcomePage$WelcomePages.open'
30-10-2021 18:26:02.994 [java] [DEBUG] Loading Al Sayfas Kontrolvia reflected sources.
30-10-2021 18:26:02.994 [java] [DEBUG] Scanning packages for hooks
30-10-2021 18:26:03.012 [java] [DEBUG] Scanned steps (using static parsing + reflections): 
30-10-2021 18:26:03.012 [java] [DEBUG] 	Sepete ekle : public void addToBasket()
30-10-2021 18:26:03.012 [java] [DEBUG] 	{} xpath'li elemente tkla : public void clickElementByxpath(String Key)
30-10-2021 18:26:03.012 [java] [DEBUG] 	Kategori Sayfas Kontrol : public void checkCategoryPage()
30-10-2021 18:26:03.012 [java] [DEBUG] 	Alveri Sayfas Dorula : public void checkShopping()
30-10-2021 18:26:03.012 [java] [DEBUG] 	Al Sayfas Kontrol : public void open()
30-10-2021 18:26:03.012 [java] [DEBUG] 	{} d'li elemente {} deerini yaz : public void SendkeyElementByid(String Key, String keyword)
30-10-2021 18:26:03.012 [java] [DEBUG] 	Product detail sayfas dorulama : public void checkProductDetail()
30-10-2021 18:26:03.013 [java] [DEBUG] 	sayfa boyunca scroll et : public void ScrollRandomPos()
30-10-2021 18:26:03.013 [java] [DEBUG] 	{} saniye bekle : public void waitSeconds(nt seconds)
30-10-2021 18:26:03.013 [java] [DEBUG] 	{} xpath'te bulunan sayfada grnen tm rnleri bul ve rastgele bir rne tkla : public void findAllProducts(String Key)
30-10-2021 18:26:03.013 [java] [DEBUG] 	Login page dorulama : public void checkLogin()
30-10-2021 18:26:03.013 [java] [DEBUG] 	{} d'li elemente tkla : public void clickElementByid(String Key)
30-10-2021 18:26:10.073 [Gauge] [ERROR] [ValidationError] C:\Users\testinium\IdeaProjects\Yagmur_Ozdilekteyim\specs\steps.cpt:6 Duplicate step implementation => 'Al Sayfas Kontrol'
30-10-2021 18:26:10.073 [Gauge] [ERROR] [ValidationError] C:\Users\testinium\IdeaProjects\Yagmur_Ozdilekteyim\specs\steps.cpt:9 Duplicate step implementation => 'Alveri Sayfas Dorula'
30-10-2021 18:26:10.073 [Gauge] [ERROR] [ValidationError] C:\Users\testinium\IdeaProjects\Yagmur_Ozdilekteyim\specs\steps.cpt:27 Duplicate step implementation => 'Product detail sayfas dorulama'
30-10-2021 18:26:10.073 [Gauge] [ERROR] [ValidationError] C:\Users\testinium\IdeaProjects\Yagmur_Ozdilekteyim\specs\steps.cpt:31 Duplicate step implementation => 'Login page dorulama'
30-10-2021 18:26:10.075 [Gauge] [DEBUG] Run started
30-10-2021 18:26:10.078 [Gauge] [DEBUG] Starting Html Report plugin
30-10-2021 18:26:10.116 [Gauge] [DEBUG] Attempting to connect to grpc server at port: 52980
30-10-2021 18:26:10.120 [Gauge] [DEBUG] Successfully made the connection with plugin with port: 52980
30-10-2021 18:26:10.120 [Gauge] [DEBUG] Initialising suite data store.
30-10-2021 18:26:10.173 [html-report] [DEBUG] Transformed SuiteResult to report structure
30-10-2021 18:26:10.217 [html-report] [INFO] Successfully generated html-report to => C:\Users\testinium\IdeaProjects\Yagmur_Ozdilekteyim\reports\html-report\index.html
30-10-2021 18:26:10.217 [html-report] [DEBUG] Done generating HTML report using theme from C:\Users\testinium\AppData\Roaming\gauge\plugins\html-report\4.0.9\themes\default
30-10-2021 18:26:10.217 [Gauge] [DEBUG] Sending kill message to Html Report plugin.
30-10-2021 18:26:10.220 [java] [DEBUG] Killing Java runner...
30-10-2021 18:26:10.221 [java] [DEBUG] Stopping execution pool...
30-10-2021 18:26:10.222 [java] [DEBUG] Shutting down grpc server...
30-10-2021 18:26:10.238 [java] [DEBUG] Runner killed gracefully.
30-10-2021 18:26:10.935 [Gauge] [DEBUG] Runner with PID:4700 has exited
30-10-2021 18:26:10.936 [Gauge] [INFO] Specifications:	0 executed	0 passed	0 failed	1 skipped
30-10-2021 18:26:10.936 [Gauge] [INFO] Scenarios:	0 executed	0 passed	0 failed	1 skipped
30-10-2021 18:26:10.936 [Gauge] [INFO] 
Total time taken: 96ms
30-10-2021 18:26:10.936 [Gauge] [INFO] Updates are available. Run `gauge update -c` for more info.
30-10-2021 18:28:18.645 [Gauge] [DEBUG] Created gauge_screenshots_dir at C:\Users\testinium\IdeaProjects\Yagmur_Ozdilekteyim\.gauge\screenshots
30-10-2021 18:28:18.648 [Gauge] [DEBUG] Plugin java is already installed.
30-10-2021 18:28:18.649 [Gauge] [DEBUG] Plugin html-report is already installed.
30-10-2021 18:28:18.650 [Gauge] [DEBUG] Parsing started.
30-10-2021 18:28:18.651 [Gauge] [DEBUG] Started concepts parsing.
30-10-2021 18:28:18.706 [Gauge] [DEBUG] 6 concepts parsing completed.
30-10-2021 18:28:18.707 [Gauge] [DEBUG] Started specifications parsing.
30-10-2021 18:28:18.709 [Gauge] [DEBUG] 1 specifications parsing completed.
30-10-2021 18:28:18.709 [Gauge] [DEBUG] Parsing completed.
30-10-2021 18:28:18.990 [Gauge] [DEBUG] Checking updates...
30-10-2021 18:28:18.992 [Gauge] [DEBUG] Downloading https://downloads.gauge.org/plugin/html-report?l=java&p=html-report,java,screenshot,spectacle,xml-report&o=windows&a=amd64
30-10-2021 18:28:19.620 [Gauge] [DEBUG] Downloading https://downloads.gauge.org/plugin/java?l=java&p=html-report,java,screenshot,spectacle,xml-report&o=windows&a=amd64
30-10-2021 18:28:19.788 [Gauge] [DEBUG] Downloading https://downloads.gauge.org/plugin/screenshot?l=java&p=html-report,java,screenshot,spectacle,xml-report&o=windows&a=amd64
30-10-2021 18:28:19.980 [Gauge] [DEBUG] Downloading https://downloads.gauge.org/plugin/spectacle?l=java&p=html-report,java,screenshot,spectacle,xml-report&o=windows&a=amd64
30-10-2021 18:28:20.019 [java] [DEBUG] ***** Printing Properties/Env Values *****
30-10-2021 18:28:20.019 [java] [DEBUG] PATH: "C:\Program Files (x86)\Common Files\Oracle\Java\javapath\;C:\Program Files\Java\jdk1.8.0_202\\bin;C:\Program Files\Java\jdk1.8.0_202\bin\";C:\WINDOWS\system32;C:\WINDOWS;C:\WINDOWS\System32\Wbem;C:\WINDOWS\System32\WindowsPowerShell\v1.0\;C:\WINDOWS\System32\OpenSSH\;C:\Program Files\nodejs\;C:\Program Files\maven\apache-maven-3.6.3\bin;C:\Program Files\Java\jdk1.8.0_202\\bin;C:\Program Files\Git\cmd;";%!A(MISSING)NDROID_HOME\tools%!"(MISSING);";%!A(MISSING)NDROID_HOME\platform-tools%!"(MISSING);";%!A(MISSING)NDROID_HOME\build-tools%!"(MISSING);C:\Program Files\Gauge\bin;C:\Program Files (x86)\Micro Focus\Unified Functional Testing\bin;C:\Program Files\Android\sdk\platform-tools;C:\Program Files\Android\sdk\build-tools;C:\Program Files\Android\sdk\tools;C:\Program Files\Android\sdk\build-tools\29.0.2;C:\Program Files\Android\sdk\tools\bin;C:\Users\testinium\AppData\Local\Microsoft\WindowsApps;C:\Users\testinium\AppData\Roaming\npm;C:\Users\testinium\AppData\Roaming\gauge\plugins\screenshot\0.0.1
30-10-2021 18:28:20.019 [java] [DEBUG] JAVA_HOME: C:\Program Files\Java\jdk1.8.0_202\
30-10-2021 18:28:20.019 [java] [DEBUG] gauge_project_root: C:\Users\testinium\IdeaProjects\Yagmur_Ozdilekteyim
30-10-2021 18:28:20.019 [java] [DEBUG] gauge_parallel_streams_count: 
30-10-2021 18:28:20.019 [java] [DEBUG] gauge_reports_dir: reports
30-10-2021 18:28:20.019 [java] [DEBUG] overwrite_reports: true
30-10-2021 18:28:20.019 [java] [DEBUG] logs_directory: logs
30-10-2021 18:28:20.019 [java] [DEBUG] enable_multithreading: false
30-10-2021 18:28:20.019 [java] [DEBUG] gauge_specs_dir: specs
30-10-2021 18:28:20.019 [java] [DEBUG] csv_delimiter: ,
30-10-2021 18:28:20.019 [java] [DEBUG] gauge_java_home: 
30-10-2021 18:28:20.019 [java] [DEBUG] gauge_custom_build_path: 
30-10-2021 18:28:20.019 [java] [DEBUG] gauge_additional_libs: libs/*
30-10-2021 18:28:20.019 [java] [DEBUG] gauge_jvm_args: 
30-10-2021 18:28:20.019 [java] [DEBUG] gauge_custom_compile_dir: 
30-10-2021 18:28:20.019 [java] [DEBUG] gauge_clear_state_level: scenario
30-10-2021 18:28:20.019 [java] [DEBUG] ***** END *****
30-10-2021 18:28:20.173 [Gauge] [DEBUG] Downloading https://downloads.gauge.org/plugin/xml-report?l=java&p=html-report,java,screenshot,spectacle,xml-report&o=windows&a=amd64
30-10-2021 18:28:23.886 [java] [DEBUG] classpath set to C:\Program Files\Java\jdk1.8.0_202\jre\lib\charsets.jar;C:\Program Files\Java\jdk1.8.0_202\jre\lib\deploy.jar;C:\Program Files\Java\jdk1.8.0_202\jre\lib\ext\access-bridge-64.jar;C:\Program Files\Java\jdk1.8.0_202\jre\lib\ext\cldrdata.jar;C:\Program Files\Java\jdk1.8.0_202\jre\lib\ext\dnsns.jar;C:\Program Files\Java\jdk1.8.0_202\jre\lib\ext\jaccess.jar;C:\Program Files\Java\jdk1.8.0_202\jre\lib\ext\jfxrt.jar;C:\Program Files\Java\jdk1.8.0_202\jre\lib\ext\localedata.jar;C:\Program Files\Java\jdk1.8.0_202\jre\lib\ext\nashorn.jar;C:\Program Files\Java\jdk1.8.0_202\jre\lib\ext\sunec.jar;C:\Program Files\Java\jdk1.8.0_202\jre\lib\ext\sunjce_provider.jar;C:\Program Files\Java\jdk1.8.0_202\jre\lib\ext\sunmscapi.jar;C:\Program Files\Java\jdk1.8.0_202\jre\lib\ext\sunpkcs11.jar;C:\Program Files\Java\jdk1.8.0_202\jre\lib\ext\zipfs.jar;C:\Program Files\Java\jdk1.8.0_202\jre\lib\javaws.jar;C:\Program Files\Java\jdk1.8.0_202\jre\lib\jce.jar;C:\Program Files\Java\jdk1.8.0_202\jre\lib\jfr.jar;C:\Program Files\Java\jdk1.8.0_202\jre\lib\jfxswt.jar;C:\Program Files\Java\jdk1.8.0_202\jre\lib\jsse.jar;C:\Program Files\Java\jdk1.8.0_202\jre\lib\management-agent.jar;C:\Program Files\Java\jdk1.8.0_202\jre\lib\plugin.jar;C:\Program Files\Java\jdk1.8.0_202\jre\lib\resources.jar;C:\Program Files\Java\jdk1.8.0_202\jre\lib\rt.jar;C:\Users\testinium\IdeaProjects\Yagmur_Ozdilekteyim\target\test-classes;C:\Users\testinium\.m2\repository\com\thoughtworks\gauge\gauge-java\0.7.15\gauge-java-0.7.15.jar;C:\Users\testinium\.m2\repository\org\assertj\assertj-core\3.19.0\assertj-core-3.19.0.jar;C:\Users\testinium\.m2\repository\org\reflections\reflections\0.9.9\reflections-0.9.9.jar;C:\Users\testinium\.m2\repository\org\javassist\javassist\3.18.2-GA\javassist-3.18.2-GA.jar;C:\Users\testinium\.m2\repository\com\google\code\findbugs\annotations\2.0.1\annotations-2.0.1.jar;C:\Users\testinium\.m2\repository\com\github\javaparser\javaparser-core\3.16.3\javaparser-core-3.16.3.jar;C:\Users\testinium\.m2\repository\commons-io\commons-io\2.8.0\commons-io-2.8.0.jar;C:\Users\testinium\.m2\repository\commons-lang\commons-lang\2.6\commons-lang-2.6.jar;C:\Users\testinium\.m2\repository\org\json\json\20210307\json-20210307.jar;C:\Users\testinium\.m2\repository\com\google\protobuf\protobuf-java\3.15.8\protobuf-java-3.15.8.jar;C:\Users\testinium\.m2\repository\com\google\guava\guava\30.1.1-jre\guava-30.1.1-jre.jar;C:\Users\testinium\.m2\repository\com\google\guava\failureaccess\1.0.1\failureaccess-1.0.1.jar;C:\Users\testinium\.m2\repository\com\google\guava\listenablefuture\9999.0-empty-to-avoid-conflict-with-guava\listenablefuture-9999.0-empty-to-avoid-conflict-with-guava.jar;C:\Users\testinium\.m2\repository\com\google\code\findbugs\jsr305\3.0.2\jsr305-3.0.2.jar;C:\Users\testinium\.m2\repository\org\checkerframework\checker-qual\3.8.0\checker-qual-3.8.0.jar;C:\Users\testinium\.m2\repository\com\google\errorprone\error_prone_annotations\2.5.1\error_prone_annotations-2.5.1.jar;C:\Users\testinium\.m2\repository\com\google\j2objc\j2objc-annotations\1.3\j2objc-annotations-1.3.jar;C:\Users\testinium\.m2\repository\io\grpc\grpc-netty-shaded\1.37.0\grpc-netty-shaded-1.37.0.jar;C:\Users\testinium\.m2\repository\io\grpc\grpc-core\1.37.0\grpc-core-1.37.0.jar;C:\Users\testinium\.m2\repository\com\google\android\annotations\4.1.1.4\annotations-4.1.1.4.jar;C:\Users\testinium\.m2\repository\io\perfmark\perfmark-api\0.23.0\perfmark-api-0.23.0.jar;C:\Users\testinium\.m2\repository\io\grpc\grpc-protobuf\1.37.0\grpc-protobuf-1.37.0.jar;C:\Users\testinium\.m2\repository\io\grpc\grpc-api\1.37.0\grpc-api-1.37.0.jar;C:\Users\testinium\.m2\repository\io\grpc\grpc-context\1.37.0\grpc-context-1.37.0.jar;C:\Users\testinium\.m2\repository\com\google\api\grpc\proto-google-common-protos\2.0.1\proto-google-common-protos-2.0.1.jar;C:\Users\testinium\.m2\repository\io\grpc\grpc-protobuf-lite\1.37.0\grpc-protobuf-lite-1.37.0.jar;C:\Users\testinium\.m2\repository\org\codehaus\mojo\animal-sniffer-annotations\1.19\animal-sniffer-annotations-1.19.jar;C:\Users\testinium\.m2\repository\io\grpc\grpc-stub\1.37.0\grpc-stub-1.37.0.jar;C:\Users\testinium\.m2\repository\javax\annotation\javax.annotation-api\1.3.2\javax.annotation-api-1.3.2.jar;C:\Users\testinium\.m2\repository\org\junit\jupiter\junit-jupiter-engine\5.7.0\junit-jupiter-engine-5.7.0.jar;C:\Users\testinium\.m2\repository\org\apiguardian\apiguardian-api\1.1.0\apiguardian-api-1.1.0.jar;C:\Users\testinium\.m2\repository\org\junit\platform\junit-platform-engine\1.7.0\junit-platform-engine-1.7.0.jar;C:\Users\testinium\.m2\repository\org\opentest4j\opentest4j\1.2.0\opentest4j-1.2.0.jar;C:\Users\testinium\.m2\repository\org\junit\platform\junit-platform-commons\1.7.0\junit-platform-commons-1.7.0.jar;C:\Users\testinium\.m2\repository\org\junit\jupiter\junit-jupiter-api\5.7.0\junit-jupiter-api-5.7.0.jar;C:\Users\testinium\.m2\repository\io\appium\java-client\7.3.0\java-client-7.3.0.jar;C:\Users\testinium\.m2\repository\org\seleniumhq\selenium\selenium-java\3.141.59\selenium-java-3.141.59.jar;C:\Users\testinium\.m2\repository\org\seleniumhq\selenium\selenium-chrome-driver\3.141.59\selenium-chrome-driver-3.141.59.jar;C:\Users\testinium\.m2\repository\org\seleniumhq\selenium\selenium-edge-driver\3.141.59\selenium-edge-driver-3.141.59.jar;C:\Users\testinium\.m2\repository\org\seleniumhq\selenium\selenium-firefox-driver\3.141.59\selenium-firefox-driver-3.141.59.jar;C:\Users\testinium\.m2\repository\org\seleniumhq\selenium\selenium-ie-driver\3.141.59\selenium-ie-driver-3.141.59.jar;C:\Users\testinium\.m2\repository\org\seleniumhq\selenium\selenium-opera-driver\3.141.59\selenium-opera-driver-3.141.59.jar;C:\Users\testinium\.m2\repository\org\seleniumhq\selenium\selenium-remote-driver\3.141.59\selenium-remote-driver-3.141.59.jar;C:\Users\testinium\.m2\repository\org\seleniumhq\selenium\selenium-safari-driver\3.141.59\selenium-safari-driver-3.141.59.jar;C:\Users\testinium\.m2\repository\net\bytebuddy\byte-buddy\1.8.15\byte-buddy-1.8.15.jar;C:\Users\testinium\.m2\repository\org\apache\commons\commons-exec\1.3\commons-exec-1.3.jar;C:\Users\testinium\.m2\repository\com\squareup\okhttp3\okhttp\3.11.0\okhttp-3.11.0.jar;C:\Users\testinium\.m2\repository\com\squareup\okio\okio\1.14.0\okio-1.14.0.jar;C:\Users\testinium\.m2\repository\org\seleniumhq\selenium\selenium-support\3.141.59\selenium-support-3.141.59.jar;C:\Users\testinium\.m2\repository\org\seleniumhq\selenium\selenium-api\3.141.59\selenium-api-3.141.59.jar;C:\Users\testinium\.m2\repository\com\google\code\gson\gson\2.8.5\gson-2.8.5.jar;C:\Users\testinium\.m2\repository\org\apache\httpcomponents\httpclient\4.5.9\httpclient-4.5.9.jar;C:\Users\testinium\.m2\repository\org\apache\httpcomponents\httpcore\4.4.11\httpcore-4.4.11.jar;C:\Users\testinium\.m2\repository\commons-logging\commons-logging\1.2\commons-logging-1.2.jar;C:\Users\testinium\.m2\repository\commons-codec\commons-codec\1.11\commons-codec-1.11.jar;C:\Users\testinium\.m2\repository\cglib\cglib\3.2.12\cglib-3.2.12.jar;C:\Users\testinium\.m2\repository\org\ow2\asm\asm\7.1\asm-7.1.jar;C:\Users\testinium\.m2\repository\commons-validator\commons-validator\1.6\commons-validator-1.6.jar;C:\Users\testinium\.m2\repository\commons-beanutils\commons-beanutils\1.9.2\commons-beanutils-1.9.2.jar;C:\Users\testinium\.m2\repository\commons-digester\commons-digester\1.8.1\commons-digester-1.8.1.jar;C:\Users\testinium\.m2\repository\commons-collections\commons-collections\3.2.2\commons-collections-3.2.2.jar;C:\Users\testinium\.m2\repository\org\apache\commons\commons-lang3\3.9\commons-lang3-3.9.jar;C:\Users\testinium\.m2\repository\org\springframework\spring-context\5.1.8.RELEASE\spring-context-5.1.8.RELEASE.jar;C:\Users\testinium\.m2\repository\org\springframework\spring-aop\5.1.8.RELEASE\spring-aop-5.1.8.RELEASE.jar;C:\Users\testinium\.m2\repository\org\springframework\spring-beans\5.1.8.RELEASE\spring-beans-5.1.8.RELEASE.jar;C:\Users\testinium\.m2\repository\org\springframework\spring-core\5.1.8.RELEASE\spring-core-5.1.8.RELEASE.jar;C:\Users\testinium\.m2\repository\org\springframework\spring-jcl\5.1.8.RELEASE\spring-jcl-5.1.8.RELEASE.jar;C:\Users\testinium\.m2\repository\org\springframework\spring-expression\5.1.8.RELEASE\spring-expression-5.1.8.RELEASE.jar;C:\Users\testinium\.m2\repository\org\aspectj\aspectjweaver\1.9.4\aspectjweaver-1.9.4.jar;C:\Users\testinium\.m2\repository\org\slf4j\slf4j-api\1.7.30\slf4j-api-1.7.30.jar;C:\Users\testinium\.m2\repository\org\slf4j\slf4j-log4j12\1.7.30\slf4j-log4j12-1.7.30.jar;C:\Users\testinium\.m2\repository\log4j\log4j\1.2.17\log4j-1.2.17.jar
30-10-2021 18:28:24.000 [java] [DEBUG] found java executable in C:\Program Files\Java\jdk1.8.0_202\jre\bin\java.exe
30-10-2021 18:28:24.000 [java] [DEBUG] running - C:\Program Files\Java\jdk1.8.0_202\jre\bin\java.exe [-Dfile.encoding=UTF-8 com.thoughtworks.gauge.GaugeRuntime --start]
30-10-2021 18:28:24.000 [java] [DEBUG] stdout/stderr is logged to logs\7788-java.exe.out
30-10-2021 18:28:24.227 [java] [DEBUG] multithreading is set to false
30-10-2021 18:28:24.607 [java] [DEBUG] Using reflection to scan dependencies for gauge implementations...
30-10-2021 18:28:25.144 [java] [DEBUG] gauge-java took 917milliseconds to load and scan. This should be less than 'runner_connection_timeout' config value.
30-10-2021 18:28:25.144 [java] [DEBUG] run 'gauge config runner_connection_timeout' and verify that it is < 917
30-10-2021 18:28:25.144 [java] [DEBUG] starting gRPC server...
30-10-2021 18:28:25.660 [java] [DEBUG] started gRPC server on port 53040
30-10-2021 18:28:25.660 [Gauge] [DEBUG] Attempting to connect to grpc server at port: 53040
30-10-2021 18:28:25.865 [Gauge] [DEBUG] Successfully made the connection with runner with port: 53040
30-10-2021 18:28:25.865 [Gauge] [DEBUG] Validation started.
30-10-2021 18:28:28.481 [java] [DEBUG] Scanning packages for steps
30-10-2021 18:28:28.537 [java] [DEBUG] Comparing 'org.example.StepImplementation.clickElementByid' and 'org.example.StepImplementation.clickElementByid'
30-10-2021 18:28:28.537 [java] [DEBUG] Found {} d'li elemente tkla in current project scope.
30-10-2021 18:28:28.537 [java] [DEBUG] Comparing 'org.example.StepImplementation.clickElementByxpath' and 'org.example.StepImplementation.clickElementByxpath'
30-10-2021 18:28:28.537 [java] [DEBUG] Found {} xpath'li elemente tkla in current project scope.
30-10-2021 18:28:28.537 [java] [DEBUG] Comparing 'org.example.StepImplementation.ScrollRandomPos' and 'org.example.StepImplementation.ScrollRandomPos'
30-10-2021 18:28:28.537 [java] [DEBUG] Found sayfa boyunca scroll et in current project scope.
30-10-2021 18:28:28.537 [java] [DEBUG] Comparing 'org.example.pageS.LoginPage.checkLogin' and 'org.example.pageS.LoginPages$LoginPage.checkLogin'
30-10-2021 18:28:28.537 [java] [DEBUG] Loading Login page dorulamavia reflected sources.
30-10-2021 18:28:28.538 [java] [DEBUG] Comparing 'org.example.StepImplementation.waitSeconds' and 'org.example.StepImplementation.waitSeconds'
30-10-2021 18:28:28.538 [java] [DEBUG] Found {} saniye bekle in current project scope.
30-10-2021 18:28:28.539 [java] [DEBUG] Comparing 'org.example.StepImplementation.SendkeyElementByid' and 'org.example.StepImplementation.SendkeyElementByid'
30-10-2021 18:28:28.539 [java] [DEBUG] Found {} d'li elemente {} deerini yaz in current project scope.
30-10-2021 18:28:28.539 [java] [DEBUG] Comparing 'org.example.StepImplementation.findAllProducts' and 'org.example.StepImplementation.findAllProducts'
30-10-2021 18:28:28.539 [java] [DEBUG] Found {} xpath'te bulunan sayfada grnen tm rnleri bul ve rastgele bir rne tkla in current project scope.
30-10-2021 18:28:28.539 [java] [DEBUG] Comparing 'org.example.pageS.ProductDetailPage.checkProductDetail' and 'org.example.pageS.DetailPages$ProductDetailPage.checkProductDetail'
30-10-2021 18:28:28.539 [java] [DEBUG] Loading Product detail sayfas dorulamavia reflected sources.
30-10-2021 18:28:28.539 [java] [DEBUG] Comparing 'org.example.pageS.ShoppingPage.checkShopping' and 'org.example.pageS.ShoppingPages$ShoppingPage.checkShopping'
30-10-2021 18:28:28.539 [java] [DEBUG] Loading Alveri Sayfas Dorulavia reflected sources.
30-10-2021 18:28:28.539 [java] [DEBUG] Comparing 'org.example.StepImplementation.addToBasket' and 'org.example.StepImplementation.addToBasket'
30-10-2021 18:28:28.539 [java] [DEBUG] Found Sepete ekle in current project scope.
30-10-2021 18:28:28.539 [java] [DEBUG] Comparing 'org.example.pageS.CategoryPage.checkCategoryPage' and 'org.example.pageS.CategoryPage.checkCategoryPage'
30-10-2021 18:28:28.540 [java] [DEBUG] Found Kategori Sayfas Kontrol in current project scope.
30-10-2021 18:28:28.540 [java] [DEBUG] Comparing 'org.example.pageS.WelcomePages.open' and 'org.example.pageS.WelcomePage$WelcomePages.open'
30-10-2021 18:28:28.540 [java] [DEBUG] Loading Al Sayfas Kontrolvia reflected sources.
30-10-2021 18:28:28.540 [java] [DEBUG] Scanning packages for hooks
30-10-2021 18:28:28.547 [java] [DEBUG] Scanned steps (using static parsing + reflections): 
30-10-2021 18:28:28.547 [java] [DEBUG] 	Sepete ekle : public void addToBasket()
30-10-2021 18:28:28.547 [java] [DEBUG] 	{} xpath'li elemente tkla : public void clickElementByxpath(String Key)
30-10-2021 18:28:28.547 [java] [DEBUG] 	Kategori Sayfas Kontrol : public void checkCategoryPage()
30-10-2021 18:28:28.548 [java] [DEBUG] 	Alveri Sayfas Dorula : public void checkShopping()
30-10-2021 18:28:28.548 [java] [DEBUG] 	Al Sayfas Kontrol : public void open()
30-10-2021 18:28:28.548 [java] [DEBUG] 	{} d'li elemente {} deerini yaz : public void SendkeyElementByid(String Key, String keyword)
30-10-2021 18:28:28.548 [java] [DEBUG] 	Product detail sayfas dorulama : public void checkProductDetail()
30-10-2021 18:28:28.548 [java] [DEBUG] 	sayfa boyunca scroll et : public void ScrollRandomPos()
30-10-2021 18:28:28.548 [java] [DEBUG] 	{} saniye bekle : public void waitSeconds(nt seconds)
30-10-2021 18:28:28.548 [java] [DEBUG] 	{} xpath'te bulunan sayfada grnen tm rnleri bul ve rastgele bir rne tkla : public void findAllProducts(String Key)
30-10-2021 18:28:28.548 [java] [DEBUG] 	Login page dorulama : public void checkLogin()
30-10-2021 18:28:28.548 [java] [DEBUG] 	{} d'li elemente tkla : public void clickElementByid(String Key)
30-10-2021 18:28:31.679 [Gauge] [ERROR] [ValidationError] C:\Users\testinium\IdeaProjects\Yagmur_Ozdilekteyim\specs\steps.cpt:6 Duplicate step implementation => 'Al Sayfas Kontrol'
30-10-2021 18:28:31.679 [Gauge] [ERROR] [ValidationError] C:\Users\testinium\IdeaProjects\Yagmur_Ozdilekteyim\specs\steps.cpt:9 Duplicate step implementation => 'Alveri Sayfas Dorula'
30-10-2021 18:28:31.679 [Gauge] [ERROR] [ValidationError] C:\Users\testinium\IdeaProjects\Yagmur_Ozdilekteyim\specs\steps.cpt:27 Duplicate step implementation => 'Product detail sayfas dorulama'
30-10-2021 18:28:31.679 [Gauge] [ERROR] [ValidationError] C:\Users\testinium\IdeaProjects\Yagmur_Ozdilekteyim\specs\steps.cpt:31 Duplicate step implementation => 'Login page dorulama'
30-10-2021 18:28:31.682 [Gauge] [DEBUG] Run started
30-10-2021 18:28:31.698 [Gauge] [DEBUG] Starting Html Report plugin
30-10-2021 18:28:31.785 [Gauge] [DEBUG] Attempting to connect to grpc server at port: 53045
30-10-2021 18:28:31.787 [Gauge] [DEBUG] Successfully made the connection with plugin with port: 53045
30-10-2021 18:28:31.787 [Gauge] [DEBUG] Initialising suite data store.
30-10-2021 18:28:31.864 [html-report] [DEBUG] Transformed SuiteResult to report structure
30-10-2021 18:28:31.974 [html-report] [INFO] Successfully generated html-report to => C:\Users\testinium\IdeaProjects\Yagmur_Ozdilekteyim\reports\html-report\index.html
30-10-2021 18:28:31.974 [html-report] [DEBUG] Done generating HTML report using theme from C:\Users\testinium\AppData\Roaming\gauge\plugins\html-report\4.0.9\themes\default
30-10-2021 18:28:31.974 [Gauge] [DEBUG] Sending kill message to Html Report plugin.
30-10-2021 18:28:31.979 [java] [DEBUG] Killing Java runner...
30-10-2021 18:28:31.980 [java] [DEBUG] Stopping execution pool...
30-10-2021 18:28:31.981 [java] [DEBUG] Shutting down grpc server...
30-10-2021 18:28:31.999 [java] [DEBUG] Runner killed gracefully.
30-10-2021 18:28:32.699 [Gauge] [DEBUG] Runner with PID:7788 has exited
30-10-2021 18:28:32.699 [Gauge] [INFO] Specifications:	0 executed	0 passed	0 failed	1 skipped
30-10-2021 18:28:32.699 [Gauge] [INFO] Scenarios:	0 executed	0 passed	0 failed	1 skipped
30-10-2021 18:28:32.699 [Gauge] [INFO] 
Total time taken: 177ms
30-10-2021 18:28:32.700 [Gauge] [INFO] Updates are available. Run `gauge update -c` for more info.
30-10-2021 18:30:27.236 [Gauge] [DEBUG] Created gauge_screenshots_dir at C:\Users\testinium\IdeaProjects\Yagmur_Ozdilekteyim\.gauge\screenshots
30-10-2021 18:30:27.238 [Gauge] [DEBUG] Plugin java is already installed.
30-10-2021 18:30:27.239 [Gauge] [DEBUG] Plugin html-report is already installed.
30-10-2021 18:30:27.240 [Gauge] [DEBUG] Parsing started.
30-10-2021 18:30:27.240 [Gauge] [DEBUG] Started concepts parsing.
30-10-2021 18:30:27.248 [Gauge] [DEBUG] 6 concepts parsing completed.
30-10-2021 18:30:27.248 [Gauge] [DEBUG] Started specifications parsing.
30-10-2021 18:30:27.250 [Gauge] [DEBUG] 1 specifications parsing completed.
30-10-2021 18:30:27.251 [Gauge] [DEBUG] Parsing completed.
30-10-2021 18:30:27.281 [java] [DEBUG] ***** Printing Properties/Env Values *****
30-10-2021 18:30:27.281 [java] [DEBUG] PATH: "C:\Program Files (x86)\Common Files\Oracle\Java\javapath\;C:\Program Files\Java\jdk1.8.0_202\\bin;C:\Program Files\Java\jdk1.8.0_202\bin\";C:\WINDOWS\system32;C:\WINDOWS;C:\WINDOWS\System32\Wbem;C:\WINDOWS\System32\WindowsPowerShell\v1.0\;C:\WINDOWS\System32\OpenSSH\;C:\Program Files\nodejs\;C:\Program Files\maven\apache-maven-3.6.3\bin;C:\Program Files\Java\jdk1.8.0_202\\bin;C:\Program Files\Git\cmd;";%!A(MISSING)NDROID_HOME\tools%!"(MISSING);";%!A(MISSING)NDROID_HOME\platform-tools%!"(MISSING);";%!A(MISSING)NDROID_HOME\build-tools%!"(MISSING);C:\Program Files\Gauge\bin;C:\Program Files (x86)\Micro Focus\Unified Functional Testing\bin;C:\Program Files\Android\sdk\platform-tools;C:\Program Files\Android\sdk\build-tools;C:\Program Files\Android\sdk\tools;C:\Program Files\Android\sdk\build-tools\29.0.2;C:\Program Files\Android\sdk\tools\bin;C:\Users\testinium\AppData\Local\Microsoft\WindowsApps;C:\Users\testinium\AppData\Roaming\npm;C:\Users\testinium\AppData\Roaming\gauge\plugins\screenshot\0.0.1
30-10-2021 18:30:27.281 [java] [DEBUG] JAVA_HOME: C:\Program Files\Java\jdk1.8.0_202\
30-10-2021 18:30:27.281 [java] [DEBUG] gauge_project_root: C:\Users\testinium\IdeaProjects\Yagmur_Ozdilekteyim
30-10-2021 18:30:27.281 [java] [DEBUG] gauge_parallel_streams_count: 
30-10-2021 18:30:27.281 [java] [DEBUG] gauge_reports_dir: reports
30-10-2021 18:30:27.281 [java] [DEBUG] overwrite_reports: true
30-10-2021 18:30:27.281 [java] [DEBUG] logs_directory: logs
30-10-2021 18:30:27.281 [java] [DEBUG] enable_multithreading: false
30-10-2021 18:30:27.281 [java] [DEBUG] gauge_specs_dir: specs
30-10-2021 18:30:27.281 [java] [DEBUG] csv_delimiter: ,
30-10-2021 18:30:27.281 [java] [DEBUG] gauge_java_home: 
30-10-2021 18:30:27.281 [java] [DEBUG] gauge_custom_build_path: 
30-10-2021 18:30:27.281 [java] [DEBUG] gauge_additional_libs: libs/*
30-10-2021 18:30:27.281 [java] [DEBUG] gauge_jvm_args: 
30-10-2021 18:30:27.281 [java] [DEBUG] gauge_custom_compile_dir: 
30-10-2021 18:30:27.281 [java] [DEBUG] gauge_clear_state_level: scenario
30-10-2021 18:30:27.281 [java] [DEBUG] ***** END *****
30-10-2021 18:30:27.520 [Gauge] [DEBUG] Checking updates...
30-10-2021 18:30:27.521 [Gauge] [DEBUG] Downloading https://downloads.gauge.org/plugin/html-report?l=java&p=html-report,java,screenshot,spectacle,xml-report&o=windows&a=amd64
30-10-2021 18:30:27.885 [Gauge] [DEBUG] Downloading https://downloads.gauge.org/plugin/java?l=java&p=html-report,java,screenshot,spectacle,xml-report&o=windows&a=amd64
30-10-2021 18:30:28.010 [Gauge] [DEBUG] Downloading https://downloads.gauge.org/plugin/screenshot?l=java&p=html-report,java,screenshot,spectacle,xml-report&o=windows&a=amd64
30-10-2021 18:30:28.163 [Gauge] [DEBUG] Downloading https://downloads.gauge.org/plugin/spectacle?l=java&p=html-report,java,screenshot,spectacle,xml-report&o=windows&a=amd64
30-10-2021 18:30:28.332 [Gauge] [DEBUG] Downloading https://downloads.gauge.org/plugin/xml-report?l=java&p=html-report,java,screenshot,spectacle,xml-report&o=windows&a=amd64
30-10-2021 18:30:31.468 [java] [DEBUG] classpath set to C:\Program Files\Java\jdk1.8.0_202\jre\lib\charsets.jar;C:\Program Files\Java\jdk1.8.0_202\jre\lib\deploy.jar;C:\Program Files\Java\jdk1.8.0_202\jre\lib\ext\access-bridge-64.jar;C:\Program Files\Java\jdk1.8.0_202\jre\lib\ext\cldrdata.jar;C:\Program Files\Java\jdk1.8.0_202\jre\lib\ext\dnsns.jar;C:\Program Files\Java\jdk1.8.0_202\jre\lib\ext\jaccess.jar;C:\Program Files\Java\jdk1.8.0_202\jre\lib\ext\jfxrt.jar;C:\Program Files\Java\jdk1.8.0_202\jre\lib\ext\localedata.jar;C:\Program Files\Java\jdk1.8.0_202\jre\lib\ext\nashorn.jar;C:\Program Files\Java\jdk1.8.0_202\jre\lib\ext\sunec.jar;C:\Program Files\Java\jdk1.8.0_202\jre\lib\ext\sunjce_provider.jar;C:\Program Files\Java\jdk1.8.0_202\jre\lib\ext\sunmscapi.jar;C:\Program Files\Java\jdk1.8.0_202\jre\lib\ext\sunpkcs11.jar;C:\Program Files\Java\jdk1.8.0_202\jre\lib\ext\zipfs.jar;C:\Program Files\Java\jdk1.8.0_202\jre\lib\javaws.jar;C:\Program Files\Java\jdk1.8.0_202\jre\lib\jce.jar;C:\Program Files\Java\jdk1.8.0_202\jre\lib\jfr.jar;C:\Program Files\Java\jdk1.8.0_202\jre\lib\jfxswt.jar;C:\Program Files\Java\jdk1.8.0_202\jre\lib\jsse.jar;C:\Program Files\Java\jdk1.8.0_202\jre\lib\management-agent.jar;C:\Program Files\Java\jdk1.8.0_202\jre\lib\plugin.jar;C:\Program Files\Java\jdk1.8.0_202\jre\lib\resources.jar;C:\Program Files\Java\jdk1.8.0_202\jre\lib\rt.jar;C:\Users\testinium\IdeaProjects\Yagmur_Ozdilekteyim\target\test-classes;C:\Users\testinium\.m2\repository\com\thoughtworks\gauge\gauge-java\0.7.15\gauge-java-0.7.15.jar;C:\Users\testinium\.m2\repository\org\assertj\assertj-core\3.19.0\assertj-core-3.19.0.jar;C:\Users\testinium\.m2\repository\org\reflections\reflections\0.9.9\reflections-0.9.9.jar;C:\Users\testinium\.m2\repository\org\javassist\javassist\3.18.2-GA\javassist-3.18.2-GA.jar;C:\Users\testinium\.m2\repository\com\google\code\findbugs\annotations\2.0.1\annotations-2.0.1.jar;C:\Users\testinium\.m2\repository\com\github\javaparser\javaparser-core\3.16.3\javaparser-core-3.16.3.jar;C:\Users\testinium\.m2\repository\commons-io\commons-io\2.8.0\commons-io-2.8.0.jar;C:\Users\testinium\.m2\repository\commons-lang\commons-lang\2.6\commons-lang-2.6.jar;C:\Users\testinium\.m2\repository\org\json\json\20210307\json-20210307.jar;C:\Users\testinium\.m2\repository\com\google\protobuf\protobuf-java\3.15.8\protobuf-java-3.15.8.jar;C:\Users\testinium\.m2\repository\com\google\guava\guava\30.1.1-jre\guava-30.1.1-jre.jar;C:\Users\testinium\.m2\repository\com\google\guava\failureaccess\1.0.1\failureaccess-1.0.1.jar;C:\Users\testinium\.m2\repository\com\google\guava\listenablefuture\9999.0-empty-to-avoid-conflict-with-guava\listenablefuture-9999.0-empty-to-avoid-conflict-with-guava.jar;C:\Users\testinium\.m2\repository\com\google\code\findbugs\jsr305\3.0.2\jsr305-3.0.2.jar;C:\Users\testinium\.m2\repository\org\checkerframework\checker-qual\3.8.0\checker-qual-3.8.0.jar;C:\Users\testinium\.m2\repository\com\google\errorprone\error_prone_annotations\2.5.1\error_prone_annotations-2.5.1.jar;C:\Users\testinium\.m2\repository\com\google\j2objc\j2objc-annotations\1.3\j2objc-annotations-1.3.jar;C:\Users\testinium\.m2\repository\io\grpc\grpc-netty-shaded\1.37.0\grpc-netty-shaded-1.37.0.jar;C:\Users\testinium\.m2\repository\io\grpc\grpc-core\1.37.0\grpc-core-1.37.0.jar;C:\Users\testinium\.m2\repository\com\google\android\annotations\4.1.1.4\annotations-4.1.1.4.jar;C:\Users\testinium\.m2\repository\io\perfmark\perfmark-api\0.23.0\perfmark-api-0.23.0.jar;C:\Users\testinium\.m2\repository\io\grpc\grpc-protobuf\1.37.0\grpc-protobuf-1.37.0.jar;C:\Users\testinium\.m2\repository\io\grpc\grpc-api\1.37.0\grpc-api-1.37.0.jar;C:\Users\testinium\.m2\repository\io\grpc\grpc-context\1.37.0\grpc-context-1.37.0.jar;C:\Users\testinium\.m2\repository\com\google\api\grpc\proto-google-common-protos\2.0.1\proto-google-common-protos-2.0.1.jar;C:\Users\testinium\.m2\repository\io\grpc\grpc-protobuf-lite\1.37.0\grpc-protobuf-lite-1.37.0.jar;C:\Users\testinium\.m2\repository\org\codehaus\mojo\animal-sniffer-annotations\1.19\animal-sniffer-annotations-1.19.jar;C:\Users\testinium\.m2\repository\io\grpc\grpc-stub\1.37.0\grpc-stub-1.37.0.jar;C:\Users\testinium\.m2\repository\javax\annotation\javax.annotation-api\1.3.2\javax.annotation-api-1.3.2.jar;C:\Users\testinium\.m2\repository\org\junit\jupiter\junit-jupiter-engine\5.7.0\junit-jupiter-engine-5.7.0.jar;C:\Users\testinium\.m2\repository\org\apiguardian\apiguardian-api\1.1.0\apiguardian-api-1.1.0.jar;C:\Users\testinium\.m2\repository\org\junit\platform\junit-platform-engine\1.7.0\junit-platform-engine-1.7.0.jar;C:\Users\testinium\.m2\repository\org\opentest4j\opentest4j\1.2.0\opentest4j-1.2.0.jar;C:\Users\testinium\.m2\repository\org\junit\platform\junit-platform-commons\1.7.0\junit-platform-commons-1.7.0.jar;C:\Users\testinium\.m2\repository\org\junit\jupiter\junit-jupiter-api\5.7.0\junit-jupiter-api-5.7.0.jar;C:\Users\testinium\.m2\repository\io\appium\java-client\7.3.0\java-client-7.3.0.jar;C:\Users\testinium\.m2\repository\org\seleniumhq\selenium\selenium-java\3.141.59\selenium-java-3.141.59.jar;C:\Users\testinium\.m2\repository\org\seleniumhq\selenium\selenium-chrome-driver\3.141.59\selenium-chrome-driver-3.141.59.jar;C:\Users\testinium\.m2\repository\org\seleniumhq\selenium\selenium-edge-driver\3.141.59\selenium-edge-driver-3.141.59.jar;C:\Users\testinium\.m2\repository\org\seleniumhq\selenium\selenium-firefox-driver\3.141.59\selenium-firefox-driver-3.141.59.jar;C:\Users\testinium\.m2\repository\org\seleniumhq\selenium\selenium-ie-driver\3.141.59\selenium-ie-driver-3.141.59.jar;C:\Users\testinium\.m2\repository\org\seleniumhq\selenium\selenium-opera-driver\3.141.59\selenium-opera-driver-3.141.59.jar;C:\Users\testinium\.m2\repository\org\seleniumhq\selenium\selenium-remote-driver\3.141.59\selenium-remote-driver-3.141.59.jar;C:\Users\testinium\.m2\repository\org\seleniumhq\selenium\selenium-safari-driver\3.141.59\selenium-safari-driver-3.141.59.jar;C:\Users\testinium\.m2\repository\net\bytebuddy\byte-buddy\1.8.15\byte-buddy-1.8.15.jar;C:\Users\testinium\.m2\repository\org\apache\commons\commons-exec\1.3\commons-exec-1.3.jar;C:\Users\testinium\.m2\repository\com\squareup\okhttp3\okhttp\3.11.0\okhttp-3.11.0.jar;C:\Users\testinium\.m2\repository\com\squareup\okio\okio\1.14.0\okio-1.14.0.jar;C:\Users\testinium\.m2\repository\org\seleniumhq\selenium\selenium-support\3.141.59\selenium-support-3.141.59.jar;C:\Users\testinium\.m2\repository\org\seleniumhq\selenium\selenium-api\3.141.59\selenium-api-3.141.59.jar;C:\Users\testinium\.m2\repository\com\google\code\gson\gson\2.8.5\gson-2.8.5.jar;C:\Users\testinium\.m2\repository\org\apache\httpcomponents\httpclient\4.5.9\httpclient-4.5.9.jar;C:\Users\testinium\.m2\repository\org\apache\httpcomponents\httpcore\4.4.11\httpcore-4.4.11.jar;C:\Users\testinium\.m2\repository\commons-logging\commons-logging\1.2\commons-logging-1.2.jar;C:\Users\testinium\.m2\repository\commons-codec\commons-codec\1.11\commons-codec-1.11.jar;C:\Users\testinium\.m2\repository\cglib\cglib\3.2.12\cglib-3.2.12.jar;C:\Users\testinium\.m2\repository\org\ow2\asm\asm\7.1\asm-7.1.jar;C:\Users\testinium\.m2\repository\commons-validator\commons-validator\1.6\commons-validator-1.6.jar;C:\Users\testinium\.m2\repository\commons-beanutils\commons-beanutils\1.9.2\commons-beanutils-1.9.2.jar;C:\Users\testinium\.m2\repository\commons-digester\commons-digester\1.8.1\commons-digester-1.8.1.jar;C:\Users\testinium\.m2\repository\commons-collections\commons-collections\3.2.2\commons-collections-3.2.2.jar;C:\Users\testinium\.m2\repository\org\apache\commons\commons-lang3\3.9\commons-lang3-3.9.jar;C:\Users\testinium\.m2\repository\org\springframework\spring-context\5.1.8.RELEASE\spring-context-5.1.8.RELEASE.jar;C:\Users\testinium\.m2\repository\org\springframework\spring-aop\5.1.8.RELEASE\spring-aop-5.1.8.RELEASE.jar;C:\Users\testinium\.m2\repository\org\springframework\spring-beans\5.1.8.RELEASE\spring-beans-5.1.8.RELEASE.jar;C:\Users\testinium\.m2\repository\org\springframework\spring-core\5.1.8.RELEASE\spring-core-5.1.8.RELEASE.jar;C:\Users\testinium\.m2\repository\org\springframework\spring-jcl\5.1.8.RELEASE\spring-jcl-5.1.8.RELEASE.jar;C:\Users\testinium\.m2\repository\org\springframework\spring-expression\5.1.8.RELEASE\spring-expression-5.1.8.RELEASE.jar;C:\Users\testinium\.m2\repository\org\aspectj\aspectjweaver\1.9.4\aspectjweaver-1.9.4.jar;C:\Users\testinium\.m2\repository\org\slf4j\slf4j-api\1.7.30\slf4j-api-1.7.30.jar;C:\Users\testinium\.m2\repository\org\slf4j\slf4j-log4j12\1.7.30\slf4j-log4j12-1.7.30.jar;C:\Users\testinium\.m2\repository\log4j\log4j\1.2.17\log4j-1.2.17.jar
30-10-2021 18:30:31.565 [java] [DEBUG] found java executable in C:\Program Files\Java\jdk1.8.0_202\jre\bin\java.exe
30-10-2021 18:30:31.565 [java] [DEBUG] running - C:\Program Files\Java\jdk1.8.0_202\jre\bin\java.exe [-Dfile.encoding=UTF-8 com.thoughtworks.gauge.GaugeRuntime --start]
30-10-2021 18:30:31.565 [java] [DEBUG] stdout/stderr is logged to logs\12764-java.exe.out
30-10-2021 18:30:31.781 [java] [DEBUG] multithreading is set to false
30-10-2021 18:30:32.145 [java] [DEBUG] Using reflection to scan dependencies for gauge implementations...
30-10-2021 18:30:32.712 [java] [DEBUG] gauge-java took 930milliseconds to load and scan. This should be less than 'runner_connection_timeout' config value.
30-10-2021 18:30:32.712 [java] [DEBUG] run 'gauge config runner_connection_timeout' and verify that it is < 930
30-10-2021 18:30:32.712 [java] [DEBUG] starting gRPC server...
30-10-2021 18:30:33.183 [java] [DEBUG] started gRPC server on port 53112
30-10-2021 18:30:33.183 [Gauge] [DEBUG] Attempting to connect to grpc server at port: 53112
30-10-2021 18:30:33.350 [Gauge] [DEBUG] Successfully made the connection with runner with port: 53112
30-10-2021 18:30:33.351 [Gauge] [DEBUG] Validation started.
30-10-2021 18:30:36.216 [java] [DEBUG] Scanning packages for steps
30-10-2021 18:30:36.280 [java] [DEBUG] Comparing 'org.example.pageS.WelcomePages.open' and 'org.example.pageS.WelcomePage$WelcomePages.open'
30-10-2021 18:30:36.280 [java] [DEBUG] Loading Al Sayfas Kontrolvia reflected sources.
30-10-2021 18:30:36.282 [java] [DEBUG] Comparing 'org.example.pageS.ProductDetailPage.checkProductDetail' and 'org.example.pageS.DetailPages$ProductDetailPage.checkProductDetail'
30-10-2021 18:30:36.282 [java] [DEBUG] Loading Product detail sayfas dorulamavia reflected sources.
30-10-2021 18:30:36.282 [java] [DEBUG] Comparing 'org.example.StepImplementation.clickElementByid' and 'org.example.StepImplementation.clickElementByid'
30-10-2021 18:30:36.282 [java] [DEBUG] Found {} d'li elemente tkla in current project scope.
30-10-2021 18:30:36.282 [java] [DEBUG] Comparing 'org.example.StepImplementation.clickElementByxpath' and 'org.example.StepImplementation.clickElementByxpath'
30-10-2021 18:30:36.282 [java] [DEBUG] Found {} xpath'li elemente tkla in current project scope.
30-10-2021 18:30:36.282 [java] [DEBUG] Comparing 'org.example.StepImplementation.ScrollRandomPos' and 'org.example.StepImplementation.ScrollRandomPos'
30-10-2021 18:30:36.282 [java] [DEBUG] Found sayfa boyunca scroll et in current project scope.
30-10-2021 18:30:36.282 [java] [DEBUG] Comparing 'org.example.StepImplementation.waitSeconds' and 'org.example.StepImplementation.waitSeconds'
30-10-2021 18:30:36.282 [java] [DEBUG] Found {} saniye bekle in current project scope.
30-10-2021 18:30:36.283 [java] [DEBUG] Comparing 'org.example.pageS.ShoppingPage.checkShopping' and 'org.example.pageS.ShoppingPages$ShoppingPage.checkShopping'
30-10-2021 18:30:36.283 [java] [DEBUG] Loading Alveri Sayfas Dorulavia reflected sources.
30-10-2021 18:30:36.283 [java] [DEBUG] Comparing 'org.example.StepImplementation.SendkeyElementByid' and 'org.example.StepImplementation.SendkeyElementByid'
30-10-2021 18:30:36.283 [java] [DEBUG] Found {} d'li elemente {} deerini yaz in current project scope.
30-10-2021 18:30:36.283 [java] [DEBUG] Comparing 'org.example.StepImplementation.findAllProducts' and 'org.example.StepImplementation.findAllProducts'
30-10-2021 18:30:36.283 [java] [DEBUG] Found {} xpath'te bulunan sayfada grnen tm rnleri bul ve rastgele bir rne tkla in current project scope.
30-10-2021 18:30:36.283 [java] [DEBUG] Comparing 'org.example.pageS.CategoryPage.checkCategoryPage' and 'org.example.pageS.CategoryPage.checkCategoryPage'
30-10-2021 18:30:36.283 [java] [DEBUG] Found Kategori Sayfas Kontrol in current project scope.
30-10-2021 18:30:36.283 [java] [DEBUG] Comparing 'org.example.StepImplementation.addToBasket' and 'org.example.StepImplementation.addToBasket'
30-10-2021 18:30:36.283 [java] [DEBUG] Found Sepete ekle in current project scope.
30-10-2021 18:30:36.284 [java] [DEBUG] Comparing 'org.example.pageS.LoginPage.checkLogin' and 'org.example.pageS.LoginPages$LoginPage.checkLogin'
30-10-2021 18:30:36.284 [java] [DEBUG] Loading Login page dorulamavia reflected sources.
30-10-2021 18:30:36.284 [java] [DEBUG] Scanning packages for hooks
30-10-2021 18:30:36.291 [java] [DEBUG] Scanned steps (using static parsing + reflections): 
30-10-2021 18:30:36.291 [java] [DEBUG] 	Sepete ekle : public void addToBasket()
30-10-2021 18:30:36.291 [java] [DEBUG] 	{} xpath'li elemente tkla : public void clickElementByxpath(String Key)
30-10-2021 18:30:36.291 [java] [DEBUG] 	Kategori Sayfas Kontrol : public void checkCategoryPage()
30-10-2021 18:30:36.291 [java] [DEBUG] 	Alveri Sayfas Dorula : public void checkShopping()
30-10-2021 18:30:36.291 [java] [DEBUG] 	Al Sayfas Kontrol : public void open()
30-10-2021 18:30:36.291 [java] [DEBUG] 	{} d'li elemente {} deerini yaz : public void SendkeyElementByid(String Key, String keyword)
30-10-2021 18:30:36.291 [java] [DEBUG] 	Product detail sayfas dorulama : public void checkProductDetail()
30-10-2021 18:30:36.291 [java] [DEBUG] 	sayfa boyunca scroll et : public void ScrollRandomPos()
30-10-2021 18:30:36.291 [java] [DEBUG] 	{} saniye bekle : public void waitSeconds(nt seconds)
30-10-2021 18:30:36.292 [java] [DEBUG] 	{} xpath'te bulunan sayfada grnen tm rnleri bul ve rastgele bir rne tkla : public void findAllProducts(String Key)
30-10-2021 18:30:36.292 [java] [DEBUG] 	Login page dorulama : public void checkLogin()
30-10-2021 18:30:36.292 [java] [DEBUG] 	{} d'li elemente tkla : public void clickElementByid(String Key)
30-10-2021 18:30:38.887 [Gauge] [ERROR] [ValidationError] C:\Users\testinium\IdeaProjects\Yagmur_Ozdilekteyim\specs\steps.cpt:6 Duplicate step implementation => 'Al Sayfas Kontrol'
30-10-2021 18:30:38.888 [Gauge] [ERROR] [ValidationError] C:\Users\testinium\IdeaProjects\Yagmur_Ozdilekteyim\specs\steps.cpt:9 Duplicate step implementation => 'Alveri Sayfas Dorula'
30-10-2021 18:30:38.888 [Gauge] [ERROR] [ValidationError] C:\Users\testinium\IdeaProjects\Yagmur_Ozdilekteyim\specs\steps.cpt:27 Duplicate step implementation => 'Product detail sayfas dorulama'
30-10-2021 18:30:38.888 [Gauge] [ERROR] [ValidationError] C:\Users\testinium\IdeaProjects\Yagmur_Ozdilekteyim\specs\steps.cpt:31 Duplicate step implementation => 'Login page dorulama'
30-10-2021 18:30:38.893 [Gauge] [DEBUG] Run started
30-10-2021 18:30:38.898 [Gauge] [DEBUG] Starting Html Report plugin
30-10-2021 18:30:38.975 [Gauge] [DEBUG] Attempting to connect to grpc server at port: 53118
30-10-2021 18:30:38.980 [Gauge] [DEBUG] Successfully made the connection with plugin with port: 53118
30-10-2021 18:30:38.980 [Gauge] [DEBUG] Initialising suite data store.
30-10-2021 18:30:39.036 [html-report] [DEBUG] Transformed SuiteResult to report structure
30-10-2021 18:30:39.085 [html-report] [INFO] Successfully generated html-report to => C:\Users\testinium\IdeaProjects\Yagmur_Ozdilekteyim\reports\html-report\index.html
30-10-2021 18:30:39.085 [html-report] [DEBUG] Done generating HTML report using theme from C:\Users\testinium\AppData\Roaming\gauge\plugins\html-report\4.0.9\themes\default
30-10-2021 18:30:39.086 [Gauge] [DEBUG] Sending kill message to Html Report plugin.
30-10-2021 18:30:39.088 [java] [DEBUG] Killing Java runner...
30-10-2021 18:30:39.089 [java] [DEBUG] Stopping execution pool...
30-10-2021 18:30:39.090 [java] [DEBUG] Shutting down grpc server...
30-10-2021 18:30:39.100 [java] [DEBUG] Runner killed gracefully.
30-10-2021 18:30:39.799 [Gauge] [DEBUG] Runner with PID:12764 has exited
30-10-2021 18:30:39.799 [Gauge] [INFO] Specifications:	0 executed	0 passed	0 failed	1 skipped
30-10-2021 18:30:39.800 [Gauge] [INFO] Scenarios:	0 executed	0 passed	0 failed	1 skipped
30-10-2021 18:30:39.800 [Gauge] [INFO] 
Total time taken: 137ms
30-10-2021 18:30:39.800 [Gauge] [INFO] Updates are available. Run `gauge update -c` for more info.
30-10-2021 18:34:09.796 [Gauge] [DEBUG] Created gauge_screenshots_dir at C:\Users\testinium\IdeaProjects\Yagmur_Ozdilekteyim\.gauge\screenshots
30-10-2021 18:34:09.798 [Gauge] [DEBUG] Plugin java is already installed.
30-10-2021 18:34:09.799 [Gauge] [DEBUG] Plugin html-report is already installed.
30-10-2021 18:34:09.800 [Gauge] [DEBUG] Parsing started.
30-10-2021 18:34:09.800 [Gauge] [DEBUG] Started concepts parsing.
30-10-2021 18:34:09.809 [Gauge] [DEBUG] 6 concepts parsing completed.
30-10-2021 18:34:09.809 [Gauge] [DEBUG] Started specifications parsing.
30-10-2021 18:34:09.810 [Gauge] [DEBUG] 1 specifications parsing completed.
30-10-2021 18:34:09.811 [Gauge] [DEBUG] Parsing completed.
30-10-2021 18:34:09.839 [java] [DEBUG] ***** Printing Properties/Env Values *****
30-10-2021 18:34:09.839 [java] [DEBUG] PATH: "C:\Program Files (x86)\Common Files\Oracle\Java\javapath\;C:\Program Files\Java\jdk1.8.0_202\\bin;C:\Program Files\Java\jdk1.8.0_202\bin\";C:\WINDOWS\system32;C:\WINDOWS;C:\WINDOWS\System32\Wbem;C:\WINDOWS\System32\WindowsPowerShell\v1.0\;C:\WINDOWS\System32\OpenSSH\;C:\Program Files\nodejs\;C:\Program Files\maven\apache-maven-3.6.3\bin;C:\Program Files\Java\jdk1.8.0_202\\bin;C:\Program Files\Git\cmd;";%!A(MISSING)NDROID_HOME\tools%!"(MISSING);";%!A(MISSING)NDROID_HOME\platform-tools%!"(MISSING);";%!A(MISSING)NDROID_HOME\build-tools%!"(MISSING);C:\Program Files\Gauge\bin;C:\Program Files (x86)\Micro Focus\Unified Functional Testing\bin;C:\Program Files\Android\sdk\platform-tools;C:\Program Files\Android\sdk\build-tools;C:\Program Files\Android\sdk\tools;C:\Program Files\Android\sdk\build-tools\29.0.2;C:\Program Files\Android\sdk\tools\bin;C:\Users\testinium\AppData\Local\Microsoft\WindowsApps;C:\Users\testinium\AppData\Roaming\npm;C:\Users\testinium\AppData\Roaming\gauge\plugins\screenshot\0.0.1
30-10-2021 18:34:09.839 [java] [DEBUG] JAVA_HOME: C:\Program Files\Java\jdk1.8.0_202\
30-10-2021 18:34:09.839 [java] [DEBUG] gauge_project_root: C:\Users\testinium\IdeaProjects\Yagmur_Ozdilekteyim
30-10-2021 18:34:09.839 [java] [DEBUG] gauge_parallel_streams_count: 
30-10-2021 18:34:09.839 [java] [DEBUG] gauge_reports_dir: reports
30-10-2021 18:34:09.839 [java] [DEBUG] overwrite_reports: true
30-10-2021 18:34:09.839 [java] [DEBUG] logs_directory: logs
30-10-2021 18:34:09.839 [java] [DEBUG] enable_multithreading: false
30-10-2021 18:34:09.839 [java] [DEBUG] gauge_specs_dir: specs
30-10-2021 18:34:09.839 [java] [DEBUG] csv_delimiter: ,
30-10-2021 18:34:09.840 [java] [DEBUG] gauge_java_home: 
30-10-2021 18:34:09.840 [java] [DEBUG] gauge_custom_build_path: 
30-10-2021 18:34:09.840 [java] [DEBUG] gauge_additional_libs: libs/*
30-10-2021 18:34:09.840 [java] [DEBUG] gauge_jvm_args: 
30-10-2021 18:34:09.840 [java] [DEBUG] gauge_custom_compile_dir: 
30-10-2021 18:34:09.840 [java] [DEBUG] gauge_clear_state_level: scenario
30-10-2021 18:34:09.840 [java] [DEBUG] ***** END *****
30-10-2021 18:34:10.470 [Gauge] [DEBUG] Checking updates...
30-10-2021 18:34:10.472 [Gauge] [DEBUG] Downloading https://downloads.gauge.org/plugin/html-report?l=java&p=html-report,java,screenshot,spectacle,xml-report&o=windows&a=amd64
30-10-2021 18:34:11.033 [Gauge] [DEBUG] Downloading https://downloads.gauge.org/plugin/java?l=java&p=html-report,java,screenshot,spectacle,xml-report&o=windows&a=amd64
30-10-2021 18:34:11.180 [Gauge] [DEBUG] Downloading https://downloads.gauge.org/plugin/screenshot?l=java&p=html-report,java,screenshot,spectacle,xml-report&o=windows&a=amd64
30-10-2021 18:34:11.364 [Gauge] [DEBUG] Downloading https://downloads.gauge.org/plugin/spectacle?l=java&p=html-report,java,screenshot,spectacle,xml-report&o=windows&a=amd64
30-10-2021 18:34:11.569 [Gauge] [DEBUG] Downloading https://downloads.gauge.org/plugin/xml-report?l=java&p=html-report,java,screenshot,spectacle,xml-report&o=windows&a=amd64
30-10-2021 18:34:14.398 [java] [DEBUG] classpath set to C:\Program Files\Java\jdk1.8.0_202\jre\lib\charsets.jar;C:\Program Files\Java\jdk1.8.0_202\jre\lib\deploy.jar;C:\Program Files\Java\jdk1.8.0_202\jre\lib\ext\access-bridge-64.jar;C:\Program Files\Java\jdk1.8.0_202\jre\lib\ext\cldrdata.jar;C:\Program Files\Java\jdk1.8.0_202\jre\lib\ext\dnsns.jar;C:\Program Files\Java\jdk1.8.0_202\jre\lib\ext\jaccess.jar;C:\Program Files\Java\jdk1.8.0_202\jre\lib\ext\jfxrt.jar;C:\Program Files\Java\jdk1.8.0_202\jre\lib\ext\localedata.jar;C:\Program Files\Java\jdk1.8.0_202\jre\lib\ext\nashorn.jar;C:\Program Files\Java\jdk1.8.0_202\jre\lib\ext\sunec.jar;C:\Program Files\Java\jdk1.8.0_202\jre\lib\ext\sunjce_provider.jar;C:\Program Files\Java\jdk1.8.0_202\jre\lib\ext\sunmscapi.jar;C:\Program Files\Java\jdk1.8.0_202\jre\lib\ext\sunpkcs11.jar;C:\Program Files\Java\jdk1.8.0_202\jre\lib\ext\zipfs.jar;C:\Program Files\Java\jdk1.8.0_202\jre\lib\javaws.jar;C:\Program Files\Java\jdk1.8.0_202\jre\lib\jce.jar;C:\Program Files\Java\jdk1.8.0_202\jre\lib\jfr.jar;C:\Program Files\Java\jdk1.8.0_202\jre\lib\jfxswt.jar;C:\Program Files\Java\jdk1.8.0_202\jre\lib\jsse.jar;C:\Program Files\Java\jdk1.8.0_202\jre\lib\management-agent.jar;C:\Program Files\Java\jdk1.8.0_202\jre\lib\plugin.jar;C:\Program Files\Java\jdk1.8.0_202\jre\lib\resources.jar;C:\Program Files\Java\jdk1.8.0_202\jre\lib\rt.jar;C:\Users\testinium\IdeaProjects\Yagmur_Ozdilekteyim\target\test-classes;C:\Users\testinium\.m2\repository\com\thoughtworks\gauge\gauge-java\0.7.15\gauge-java-0.7.15.jar;C:\Users\testinium\.m2\repository\org\assertj\assertj-core\3.19.0\assertj-core-3.19.0.jar;C:\Users\testinium\.m2\repository\org\reflections\reflections\0.9.9\reflections-0.9.9.jar;C:\Users\testinium\.m2\repository\org\javassist\javassist\3.18.2-GA\javassist-3.18.2-GA.jar;C:\Users\testinium\.m2\repository\com\google\code\findbugs\annotations\2.0.1\annotations-2.0.1.jar;C:\Users\testinium\.m2\repository\com\github\javaparser\javaparser-core\3.16.3\javaparser-core-3.16.3.jar;C:\Users\testinium\.m2\repository\commons-io\commons-io\2.8.0\commons-io-2.8.0.jar;C:\Users\testinium\.m2\repository\commons-lang\commons-lang\2.6\commons-lang-2.6.jar;C:\Users\testinium\.m2\repository\org\json\json\20210307\json-20210307.jar;C:\Users\testinium\.m2\repository\com\google\protobuf\protobuf-java\3.15.8\protobuf-java-3.15.8.jar;C:\Users\testinium\.m2\repository\com\google\guava\guava\30.1.1-jre\guava-30.1.1-jre.jar;C:\Users\testinium\.m2\repository\com\google\guava\failureaccess\1.0.1\failureaccess-1.0.1.jar;C:\Users\testinium\.m2\repository\com\google\guava\listenablefuture\9999.0-empty-to-avoid-conflict-with-guava\listenablefuture-9999.0-empty-to-avoid-conflict-with-guava.jar;C:\Users\testinium\.m2\repository\com\google\code\findbugs\jsr305\3.0.2\jsr305-3.0.2.jar;C:\Users\testinium\.m2\repository\org\checkerframework\checker-qual\3.8.0\checker-qual-3.8.0.jar;C:\Users\testinium\.m2\repository\com\google\errorprone\error_prone_annotations\2.5.1\error_prone_annotations-2.5.1.jar;C:\Users\testinium\.m2\repository\com\google\j2objc\j2objc-annotations\1.3\j2objc-annotations-1.3.jar;C:\Users\testinium\.m2\repository\io\grpc\grpc-netty-shaded\1.37.0\grpc-netty-shaded-1.37.0.jar;C:\Users\testinium\.m2\repository\io\grpc\grpc-core\1.37.0\grpc-core-1.37.0.jar;C:\Users\testinium\.m2\repository\com\google\android\annotations\4.1.1.4\annotations-4.1.1.4.jar;C:\Users\testinium\.m2\repository\io\perfmark\perfmark-api\0.23.0\perfmark-api-0.23.0.jar;C:\Users\testinium\.m2\repository\io\grpc\grpc-protobuf\1.37.0\grpc-protobuf-1.37.0.jar;C:\Users\testinium\.m2\repository\io\grpc\grpc-api\1.37.0\grpc-api-1.37.0.jar;C:\Users\testinium\.m2\repository\io\grpc\grpc-context\1.37.0\grpc-context-1.37.0.jar;C:\Users\testinium\.m2\repository\com\google\api\grpc\proto-google-common-protos\2.0.1\proto-google-common-protos-2.0.1.jar;C:\Users\testinium\.m2\repository\io\grpc\grpc-protobuf-lite\1.37.0\grpc-protobuf-lite-1.37.0.jar;C:\Users\testinium\.m2\repository\org\codehaus\mojo\animal-sniffer-annotations\1.19\animal-sniffer-annotations-1.19.jar;C:\Users\testinium\.m2\repository\io\grpc\grpc-stub\1.37.0\grpc-stub-1.37.0.jar;C:\Users\testinium\.m2\repository\javax\annotation\javax.annotation-api\1.3.2\javax.annotation-api-1.3.2.jar;C:\Users\testinium\.m2\repository\org\junit\jupiter\junit-jupiter-engine\5.7.0\junit-jupiter-engine-5.7.0.jar;C:\Users\testinium\.m2\repository\org\apiguardian\apiguardian-api\1.1.0\apiguardian-api-1.1.0.jar;C:\Users\testinium\.m2\repository\org\junit\platform\junit-platform-engine\1.7.0\junit-platform-engine-1.7.0.jar;C:\Users\testinium\.m2\repository\org\opentest4j\opentest4j\1.2.0\opentest4j-1.2.0.jar;C:\Users\testinium\.m2\repository\org\junit\platform\junit-platform-commons\1.7.0\junit-platform-commons-1.7.0.jar;C:\Users\testinium\.m2\repository\org\junit\jupiter\junit-jupiter-api\5.7.0\junit-jupiter-api-5.7.0.jar;C:\Users\testinium\.m2\repository\io\appium\java-client\7.3.0\java-client-7.3.0.jar;C:\Users\testinium\.m2\repository\org\seleniumhq\selenium\selenium-java\3.141.59\selenium-java-3.141.59.jar;C:\Users\testinium\.m2\repository\org\seleniumhq\selenium\selenium-chrome-driver\3.141.59\selenium-chrome-driver-3.141.59.jar;C:\Users\testinium\.m2\repository\org\seleniumhq\selenium\selenium-edge-driver\3.141.59\selenium-edge-driver-3.141.59.jar;C:\Users\testinium\.m2\repository\org\seleniumhq\selenium\selenium-firefox-driver\3.141.59\selenium-firefox-driver-3.141.59.jar;C:\Users\testinium\.m2\repository\org\seleniumhq\selenium\selenium-ie-driver\3.141.59\selenium-ie-driver-3.141.59.jar;C:\Users\testinium\.m2\repository\org\seleniumhq\selenium\selenium-opera-driver\3.141.59\selenium-opera-driver-3.141.59.jar;C:\Users\testinium\.m2\repository\org\seleniumhq\selenium\selenium-remote-driver\3.141.59\selenium-remote-driver-3.141.59.jar;C:\Users\testinium\.m2\repository\org\seleniumhq\selenium\selenium-safari-driver\3.141.59\selenium-safari-driver-3.141.59.jar;C:\Users\testinium\.m2\repository\net\bytebuddy\byte-buddy\1.8.15\byte-buddy-1.8.15.jar;C:\Users\testinium\.m2\repository\org\apache\commons\commons-exec\1.3\commons-exec-1.3.jar;C:\Users\testinium\.m2\repository\com\squareup\okhttp3\okhttp\3.11.0\okhttp-3.11.0.jar;C:\Users\testinium\.m2\repository\com\squareup\okio\okio\1.14.0\okio-1.14.0.jar;C:\Users\testinium\.m2\repository\org\seleniumhq\selenium\selenium-support\3.141.59\selenium-support-3.141.59.jar;C:\Users\testinium\.m2\repository\org\seleniumhq\selenium\selenium-api\3.141.59\selenium-api-3.141.59.jar;C:\Users\testinium\.m2\repository\com\google\code\gson\gson\2.8.5\gson-2.8.5.jar;C:\Users\testinium\.m2\repository\org\apache\httpcomponents\httpclient\4.5.9\httpclient-4.5.9.jar;C:\Users\testinium\.m2\repository\org\apache\httpcomponents\httpcore\4.4.11\httpcore-4.4.11.jar;C:\Users\testinium\.m2\repository\commons-logging\commons-logging\1.2\commons-logging-1.2.jar;C:\Users\testinium\.m2\repository\commons-codec\commons-codec\1.11\commons-codec-1.11.jar;C:\Users\testinium\.m2\repository\cglib\cglib\3.2.12\cglib-3.2.12.jar;C:\Users\testinium\.m2\repository\org\ow2\asm\asm\7.1\asm-7.1.jar;C:\Users\testinium\.m2\repository\commons-validator\commons-validator\1.6\commons-validator-1.6.jar;C:\Users\testinium\.m2\repository\commons-beanutils\commons-beanutils\1.9.2\commons-beanutils-1.9.2.jar;C:\Users\testinium\.m2\repository\commons-digester\commons-digester\1.8.1\commons-digester-1.8.1.jar;C:\Users\testinium\.m2\repository\commons-collections\commons-collections\3.2.2\commons-collections-3.2.2.jar;C:\Users\testinium\.m2\repository\org\apache\commons\commons-lang3\3.9\commons-lang3-3.9.jar;C:\Users\testinium\.m2\repository\org\springframework\spring-context\5.1.8.RELEASE\spring-context-5.1.8.RELEASE.jar;C:\Users\testinium\.m2\repository\org\springframework\spring-aop\5.1.8.RELEASE\spring-aop-5.1.8.RELEASE.jar;C:\Users\testinium\.m2\repository\org\springframework\spring-beans\5.1.8.RELEASE\spring-beans-5.1.8.RELEASE.jar;C:\Users\testinium\.m2\repository\org\springframework\spring-core\5.1.8.RELEASE\spring-core-5.1.8.RELEASE.jar;C:\Users\testinium\.m2\repository\org\springframework\spring-jcl\5.1.8.RELEASE\spring-jcl-5.1.8.RELEASE.jar;C:\Users\testinium\.m2\repository\org\springframework\spring-expression\5.1.8.RELEASE\spring-expression-5.1.8.RELEASE.jar;C:\Users\testinium\.m2\repository\org\aspectj\aspectjweaver\1.9.4\aspectjweaver-1.9.4.jar;C:\Users\testinium\.m2\repository\org\slf4j\slf4j-api\1.7.30\slf4j-api-1.7.30.jar;C:\Users\testinium\.m2\repository\org\slf4j\slf4j-log4j12\1.7.30\slf4j-log4j12-1.7.30.jar;C:\Users\testinium\.m2\repository\log4j\log4j\1.2.17\log4j-1.2.17.jar
30-10-2021 18:34:14.593 [java] [DEBUG] found java executable in C:\Program Files\Java\jdk1.8.0_202\jre\bin\java.exe
30-10-2021 18:34:14.593 [java] [DEBUG] running - C:\Program Files\Java\jdk1.8.0_202\jre\bin\java.exe [-Dfile.encoding=UTF-8 com.thoughtworks.gauge.GaugeRuntime --start]
30-10-2021 18:34:14.597 [java] [DEBUG] stdout/stderr is logged to logs\1040-java.exe.out
30-10-2021 18:34:14.850 [java] [DEBUG] multithreading is set to false
30-10-2021 18:34:15.206 [java] [DEBUG] Using reflection to scan dependencies for gauge implementations...
30-10-2021 18:34:15.712 [java] [DEBUG] gauge-java took 862milliseconds to load and scan. This should be less than 'runner_connection_timeout' config value.
30-10-2021 18:34:15.712 [java] [DEBUG] run 'gauge config runner_connection_timeout' and verify that it is < 862
30-10-2021 18:34:15.712 [java] [DEBUG] starting gRPC server...
30-10-2021 18:34:16.131 [java] [DEBUG] started gRPC server on port 53195
30-10-2021 18:34:16.132 [Gauge] [DEBUG] Attempting to connect to grpc server at port: 53195
30-10-2021 18:34:16.284 [Gauge] [DEBUG] Successfully made the connection with runner with port: 53195
30-10-2021 18:34:16.284 [Gauge] [DEBUG] Validation started.
30-10-2021 18:34:19.804 [java] [DEBUG] Scanning packages for steps
30-10-2021 18:34:19.896 [java] [DEBUG] Comparing 'org.example.pageS.DetailPages.checkProductDetail' and 'org.example.pageS.DetailPages.checkProductDetail'
30-10-2021 18:34:19.896 [java] [DEBUG] Found Product detail sayfas dorulama in current project scope.
30-10-2021 18:34:19.897 [java] [DEBUG] Comparing 'org.example.StepImplementation.clickElementByid' and 'org.example.StepImplementation.clickElementByid'
30-10-2021 18:34:19.897 [java] [DEBUG] Found {} d'li elemente tkla in current project scope.
30-10-2021 18:34:19.897 [java] [DEBUG] Comparing 'org.example.StepImplementation.clickElementByxpath' and 'org.example.StepImplementation.clickElementByxpath'
30-10-2021 18:34:19.897 [java] [DEBUG] Found {} xpath'li elemente tkla in current project scope.
30-10-2021 18:34:19.898 [java] [DEBUG] Comparing 'org.example.StepImplementation.ScrollRandomPos' and 'org.example.StepImplementation.ScrollRandomPos'
30-10-2021 18:34:19.898 [java] [DEBUG] Found sayfa boyunca scroll et in current project scope.
30-10-2021 18:34:19.898 [java] [DEBUG] Comparing 'org.example.StepImplementation.waitSeconds' and 'org.example.StepImplementation.waitSeconds'
30-10-2021 18:34:19.898 [java] [DEBUG] Found {} saniye bekle in current project scope.
30-10-2021 18:34:19.898 [java] [DEBUG] Comparing 'org.example.StepImplementation.SendkeyElementByid' and 'org.example.StepImplementation.SendkeyElementByid'
30-10-2021 18:34:19.899 [java] [DEBUG] Found {} d'li elemente {} deerini yaz in current project scope.
30-10-2021 18:34:19.899 [java] [DEBUG] Comparing 'org.example.StepImplementation.findAllProducts' and 'org.example.StepImplementation.findAllProducts'
30-10-2021 18:34:19.899 [java] [DEBUG] Found {} xpath'te bulunan sayfada grnen tm rnleri bul ve rastgele bir rne tkla in current project scope.
30-10-2021 18:34:19.899 [java] [DEBUG] Comparing 'org.example.pageS.CategoryPage.checkCategoryPage' and 'org.example.pageS.CategoryPage.checkCategoryPage'
30-10-2021 18:34:19.899 [java] [DEBUG] Found Kategori Sayfas Kontrol in current project scope.
30-10-2021 18:34:19.899 [java] [DEBUG] Comparing 'org.example.StepImplementation.addToBasket' and 'org.example.StepImplementation.addToBasket'
30-10-2021 18:34:19.900 [java] [DEBUG] Found Sepete ekle in current project scope.
30-10-2021 18:34:19.900 [java] [DEBUG] Comparing 'org.example.pageS.LoginPages.checkLogin' and 'org.example.pageS.LoginPages.checkLogin'
30-10-2021 18:34:19.900 [java] [DEBUG] Found Login page dorulama in current project scope.
30-10-2021 18:34:19.900 [java] [DEBUG] Comparing 'org.example.pageS.WelcomePage.open' and 'org.example.pageS.WelcomePage.open'
30-10-2021 18:34:19.900 [java] [DEBUG] Found Al Sayfas Kontrol in current project scope.
30-10-2021 18:34:19.900 [java] [DEBUG] Comparing 'org.example.pageS.ShoppingPages.checkShopping' and 'org.example.pageS.ShoppingPages.checkShopping'
30-10-2021 18:34:19.900 [java] [DEBUG] Found Alveri Sayfas Dorula in current project scope.
30-10-2021 18:34:19.901 [java] [DEBUG] Scanning packages for hooks
30-10-2021 18:34:19.917 [java] [DEBUG] Scanned steps (using static parsing + reflections): 
30-10-2021 18:34:19.917 [java] [DEBUG] 	Sepete ekle : public void addToBasket()
30-10-2021 18:34:19.917 [java] [DEBUG] 	{} xpath'li elemente tkla : public void clickElementByxpath(String Key)
30-10-2021 18:34:19.917 [java] [DEBUG] 	Kategori Sayfas Kontrol : public void checkCategoryPage()
30-10-2021 18:34:19.917 [java] [DEBUG] 	Alveri Sayfas Dorula : public void checkShopping()
30-10-2021 18:34:19.917 [java] [DEBUG] 	Al Sayfas Kontrol : public void open()
30-10-2021 18:34:19.917 [java] [DEBUG] 	{} d'li elemente {} deerini yaz : public void SendkeyElementByid(String Key, String keyword)
30-10-2021 18:34:19.917 [java] [DEBUG] 	Product detail sayfas dorulama : public void checkProductDetail()
30-10-2021 18:34:19.917 [java] [DEBUG] 	sayfa boyunca scroll et : public void ScrollRandomPos()
30-10-2021 18:34:19.918 [java] [DEBUG] 	{} saniye bekle : public void waitSeconds(nt seconds)
30-10-2021 18:34:19.918 [java] [DEBUG] 	{} xpath'te bulunan sayfada grnen tm rnleri bul ve rastgele bir rne tkla : public void findAllProducts(String Key)
30-10-2021 18:34:19.918 [java] [DEBUG] 	Login page dorulama : public void checkLogin()
30-10-2021 18:34:19.918 [java] [DEBUG] 	{} d'li elemente tkla : public void clickElementByid(String Key)
30-10-2021 18:34:24.870 [Gauge] [DEBUG] Validation completed.
30-10-2021 18:34:24.874 [Gauge] [DEBUG] Run started
30-10-2021 18:34:24.876 [Gauge] [DEBUG] Starting Html Report plugin
30-10-2021 18:34:24.905 [Gauge] [DEBUG] Attempting to connect to grpc server at port: 53199
30-10-2021 18:34:24.906 [Gauge] [DEBUG] Successfully made the connection with plugin with port: 53199
30-10-2021 18:34:24.906 [Gauge] [DEBUG] Initialising suite data store.
30-10-2021 18:34:27.329 [html-report] [DEBUG] Transformed SuiteResult to report structure
30-10-2021 18:34:27.762 [html-report] [INFO] Successfully generated html-report to => C:\Users\testinium\IdeaProjects\Yagmur_Ozdilekteyim\reports\html-report\index.html
30-10-2021 18:34:27.762 [html-report] [DEBUG] Done generating HTML report using theme from C:\Users\testinium\AppData\Roaming\gauge\plugins\html-report\4.0.9\themes\default
30-10-2021 18:34:27.762 [Gauge] [DEBUG] Sending kill message to Html Report plugin.
30-10-2021 18:34:27.767 [java] [DEBUG] Killing Java runner...
30-10-2021 18:34:27.768 [java] [DEBUG] Stopping execution pool...
30-10-2021 18:34:27.769 [java] [DEBUG] Shutting down grpc server...
30-10-2021 18:34:27.786 [java] [DEBUG] Runner killed gracefully.
30-10-2021 18:34:28.696 [Gauge] [DEBUG] Runner with PID:1040 has exited
30-10-2021 18:34:28.696 [Gauge] [INFO] Specifications:	1 executed	0 passed	1 failed	0 skipped
30-10-2021 18:34:28.696 [Gauge] [INFO] Scenarios:	1 executed	0 passed	1 failed	0 skipped
30-10-2021 18:34:28.696 [Gauge] [INFO] 
Total time taken: 2.455s
30-10-2021 18:34:28.697 [Gauge] [INFO] Updates are available. Run `gauge update -c` for more info.
